<?xml version="1.0" encoding="utf-8"?>
<!DOCTYPE coverage SYSTEM "http://cobertura.sourceforge.net/xml/coverage-04.dtd">
<coverage line-rate="0.814327485380117" branch-rate="0.804347826086957" lines-covered="557" lines-valid="684" branches-covered="37" branches-valid="46" complexity="134" version="0" timestamp="1708797992">
  <sources>
    <source>C:\Users\David\</source>
  </sources>
  <packages>
    <package name="MagnetronUnitTests" line-rate="0.851190476190476" branch-rate="1" complexity="11">
      <classes>
        <class name="AutoGeneratedProgram" filename="C:\Users\David\.nuget\packages\microsoft.net.test.sdk\17.5.0\build\netcoreapp3.1\Microsoft.NET.Test.Sdk.Program.cs" line-rate="0" branch-rate="1" complexity="1">
          <methods>
            <method name="Main" signature="(...)" line-rate="0" branch-rate="1" complexity="1">
              <lines>
                <line number="4" hits="0" branch="false" />
              </lines>
            </method>
          </methods>
          <lines>
            <line number="4" hits="0" branch="false" />
          </lines>
        </class>
        <class name="MagnetronUnitTests.PersonaTests" filename="C:\Users\David\Desktop\Magnetron\API\TestMagnetron\MagnetronUnitTests\PersonaTests.cs" line-rate="0.856287425149701" branch-rate="1" complexity="10">
          <methods>
            <method name="Setup" signature="()" line-rate="0.892857142857143" branch-rate="1" complexity="1">
              <lines>
                <line number="17" hits="6" branch="false" />
                <line number="19" hits="6" branch="false" />
                <line number="20" hits="6" branch="false" />
                <line number="21" hits="6" branch="false" />
                <line number="22" hits="6" branch="false" />
                <line number="23" hits="6" branch="false" />
                <line number="24" hits="6" branch="false" />
                <line number="25" hits="6" branch="false" />
                <line number="26" hits="6" branch="false" />
                <line number="27" hits="6" branch="false" />
                <line number="28" hits="6" branch="false" />
                <line number="29" hits="6" branch="false" />
                <line number="30" hits="6" branch="false" />
                <line number="32" hits="6" branch="false" />
                <line number="33" hits="6" branch="false" />
                <line number="34" hits="6" branch="false" />
                <line number="35" hits="6" branch="false" />
                <line number="36" hits="6" branch="false" />
                <line number="37" hits="6" branch="false" />
                <line number="38" hits="6" branch="false" />
                <line number="39" hits="6" branch="false" />
                <line number="40" hits="6" branch="false" />
                <line number="41" hits="6" branch="false" />
                <line number="42" hits="6" branch="false" />
                <line number="43" hits="0" branch="false" />
                <line number="44" hits="0" branch="false" />
                <line number="45" hits="0" branch="false" />
                <line number="47" hits="6" branch="false" />
              </lines>
            </method>
            <method name="TestAgregarPersona" signature="()" line-rate="0.892857142857143" branch-rate="1" complexity="1">
              <lines>
                <line number="54" hits="1" branch="false" />
                <line number="56" hits="1" branch="false" />
                <line number="57" hits="1" branch="false" />
                <line number="58" hits="1" branch="false" />
                <line number="59" hits="1" branch="false" />
                <line number="60" hits="1" branch="false" />
                <line number="61" hits="1" branch="false" />
                <line number="62" hits="1" branch="false" />
                <line number="63" hits="1" branch="false" />
                <line number="64" hits="1" branch="false" />
                <line number="65" hits="1" branch="false" />
                <line number="66" hits="1" branch="false" />
                <line number="67" hits="1" branch="false" />
                <line number="69" hits="1" branch="false" />
                <line number="70" hits="1" branch="false" />
                <line number="71" hits="1" branch="false" />
                <line number="72" hits="1" branch="false" />
                <line number="73" hits="1" branch="false" />
                <line number="75" hits="1" branch="false" />
                <line number="76" hits="1" branch="false" />
                <line number="77" hits="1" branch="false" />
                <line number="78" hits="1" branch="false" />
                <line number="79" hits="1" branch="false" />
                <line number="80" hits="1" branch="false" />
                <line number="81" hits="0" branch="false" />
                <line number="82" hits="0" branch="false" />
                <line number="83" hits="0" branch="false" />
                <line number="85" hits="1" branch="false" />
              </lines>
            </method>
            <method name="TestObtenerPersonas" signature="()" line-rate="0.769230769230769" branch-rate="1" complexity="1">
              <lines>
                <line number="92" hits="1" branch="false" />
                <line number="94" hits="1" branch="false" />
                <line number="95" hits="1" branch="false" />
                <line number="96" hits="1" branch="false" />
                <line number="97" hits="1" branch="false" />
                <line number="98" hits="1" branch="false" />
                <line number="99" hits="1" branch="false" />
                <line number="100" hits="1" branch="false" />
                <line number="102" hits="1" branch="false" />
                <line number="103" hits="0" branch="false" />
                <line number="104" hits="0" branch="false" />
                <line number="105" hits="0" branch="false" />
                <line number="107" hits="1" branch="false" />
              </lines>
            </method>
            <method name="TestObtenerPersonasPorDoc" signature="()" line-rate="0.8125" branch-rate="1" complexity="1">
              <lines>
                <line number="114" hits="1" branch="false" />
                <line number="116" hits="1" branch="false" />
                <line number="117" hits="1" branch="false" />
                <line number="118" hits="1" branch="false" />
                <line number="119" hits="1" branch="false" />
                <line number="120" hits="1" branch="false" />
                <line number="121" hits="1" branch="false" />
                <line number="122" hits="1" branch="false" />
                <line number="123" hits="1" branch="false" />
                <line number="124" hits="1" branch="false" />
                <line number="125" hits="1" branch="false" />
                <line number="127" hits="1" branch="false" />
                <line number="128" hits="0" branch="false" />
                <line number="129" hits="0" branch="false" />
                <line number="130" hits="0" branch="false" />
                <line number="132" hits="1" branch="false" />
              </lines>
            </method>
            <method name="TestObtenerPersonasPorNombre" signature="()" line-rate="0.8125" branch-rate="1" complexity="1">
              <lines>
                <line number="139" hits="1" branch="false" />
                <line number="141" hits="1" branch="false" />
                <line number="142" hits="1" branch="false" />
                <line number="143" hits="1" branch="false" />
                <line number="144" hits="1" branch="false" />
                <line number="145" hits="1" branch="false" />
                <line number="146" hits="1" branch="false" />
                <line number="147" hits="1" branch="false" />
                <line number="148" hits="1" branch="false" />
                <line number="149" hits="1" branch="false" />
                <line number="150" hits="1" branch="false" />
                <line number="152" hits="1" branch="false" />
                <line number="153" hits="0" branch="false" />
                <line number="154" hits="0" branch="false" />
                <line number="155" hits="0" branch="false" />
                <line number="157" hits="1" branch="false" />
              </lines>
            </method>
            <method name="TestActualizarPersona" signature="()" line-rate="0.896551724137931" branch-rate="1" complexity="1">
              <lines>
                <line number="164" hits="1" branch="false" />
                <line number="166" hits="1" branch="false" />
                <line number="167" hits="1" branch="false" />
                <line number="168" hits="1" branch="false" />
                <line number="169" hits="1" branch="false" />
                <line number="170" hits="1" branch="false" />
                <line number="171" hits="1" branch="false" />
                <line number="172" hits="1" branch="false" />
                <line number="173" hits="1" branch="false" />
                <line number="174" hits="1" branch="false" />
                <line number="175" hits="1" branch="false" />
                <line number="176" hits="1" branch="false" />
                <line number="177" hits="1" branch="false" />
                <line number="178" hits="1" branch="false" />
                <line number="179" hits="1" branch="false" />
                <line number="180" hits="1" branch="false" />
                <line number="181" hits="1" branch="false" />
                <line number="182" hits="1" branch="false" />
                <line number="183" hits="1" branch="false" />
                <line number="184" hits="1" branch="false" />
                <line number="185" hits="1" branch="false" />
                <line number="186" hits="1" branch="false" />
                <line number="187" hits="1" branch="false" />
                <line number="188" hits="1" branch="false" />
                <line number="189" hits="1" branch="false" />
                <line number="190" hits="0" branch="false" />
                <line number="191" hits="0" branch="false" />
                <line number="192" hits="0" branch="false" />
                <line number="194" hits="1" branch="false" />
              </lines>
            </method>
            <method name="TestEliminarPersona" signature="()" line-rate="0.842105263157895" branch-rate="1" complexity="1">
              <lines>
                <line number="201" hits="1" branch="false" />
                <line number="203" hits="1" branch="false" />
                <line number="204" hits="1" branch="false" />
                <line number="205" hits="1" branch="false" />
                <line number="206" hits="1" branch="false" />
                <line number="207" hits="1" branch="false" />
                <line number="208" hits="1" branch="false" />
                <line number="209" hits="1" branch="false" />
                <line number="210" hits="1" branch="false" />
                <line number="211" hits="1" branch="false" />
                <line number="212" hits="1" branch="false" />
                <line number="213" hits="1" branch="false" />
                <line number="214" hits="1" branch="false" />
                <line number="215" hits="1" branch="false" />
                <line number="216" hits="1" branch="false" />
                <line number="217" hits="0" branch="false" />
                <line number="218" hits="0" branch="false" />
                <line number="219" hits="0" branch="false" />
                <line number="221" hits="1" branch="false" />
              </lines>
            </method>
            <method name="TearDown" signature="()" line-rate="0.8125" branch-rate="1" complexity="2">
              <lines>
                <line number="225" hits="6" branch="false" />
                <line number="227" hits="6" branch="false" />
                <line number="228" hits="6" branch="false" />
                <line number="229" hits="6" branch="false" />
                <line number="230" hits="6" branch="false" />
                <line number="231" hits="42" branch="true" condition-coverage="100% (2/2)" />
                <line number="232" hits="12" branch="false" />
                <line number="233" hits="12" branch="false" />
                <line number="234" hits="12" branch="false" />
                <line number="235" hits="12" branch="false" />
                <line number="236" hits="6" branch="false" />
                <line number="237" hits="6" branch="false" />
                <line number="238" hits="0" branch="false" />
                <line number="239" hits="0" branch="false" />
                <line number="240" hits="0" branch="false" />
                <line number="243" hits="6" branch="false" />
              </lines>
            </method>
            <method name=".ctor" signature="()" line-rate="1" branch-rate="1" complexity="1">
              <lines>
                <line number="13" hits="1" branch="false" />
                <line number="14" hits="1" branch="false" />
              </lines>
            </method>
          </methods>
          <lines>
            <line number="13" hits="1" branch="false" />
            <line number="14" hits="1" branch="false" />
            <line number="17" hits="6" branch="false" />
            <line number="19" hits="6" branch="false" />
            <line number="20" hits="6" branch="false" />
            <line number="21" hits="6" branch="false" />
            <line number="22" hits="6" branch="false" />
            <line number="23" hits="6" branch="false" />
            <line number="24" hits="6" branch="false" />
            <line number="25" hits="6" branch="false" />
            <line number="26" hits="6" branch="false" />
            <line number="27" hits="6" branch="false" />
            <line number="28" hits="6" branch="false" />
            <line number="29" hits="6" branch="false" />
            <line number="30" hits="6" branch="false" />
            <line number="32" hits="6" branch="false" />
            <line number="33" hits="6" branch="false" />
            <line number="34" hits="6" branch="false" />
            <line number="35" hits="6" branch="false" />
            <line number="36" hits="6" branch="false" />
            <line number="37" hits="6" branch="false" />
            <line number="38" hits="6" branch="false" />
            <line number="39" hits="6" branch="false" />
            <line number="40" hits="6" branch="false" />
            <line number="41" hits="6" branch="false" />
            <line number="42" hits="6" branch="false" />
            <line number="43" hits="0" branch="false" />
            <line number="44" hits="0" branch="false" />
            <line number="45" hits="0" branch="false" />
            <line number="47" hits="6" branch="false" />
            <line number="54" hits="1" branch="false" />
            <line number="56" hits="1" branch="false" />
            <line number="57" hits="1" branch="false" />
            <line number="58" hits="1" branch="false" />
            <line number="59" hits="1" branch="false" />
            <line number="60" hits="1" branch="false" />
            <line number="61" hits="1" branch="false" />
            <line number="62" hits="1" branch="false" />
            <line number="63" hits="1" branch="false" />
            <line number="64" hits="1" branch="false" />
            <line number="65" hits="1" branch="false" />
            <line number="66" hits="1" branch="false" />
            <line number="67" hits="1" branch="false" />
            <line number="69" hits="1" branch="false" />
            <line number="70" hits="1" branch="false" />
            <line number="71" hits="1" branch="false" />
            <line number="72" hits="1" branch="false" />
            <line number="73" hits="1" branch="false" />
            <line number="75" hits="1" branch="false" />
            <line number="76" hits="1" branch="false" />
            <line number="77" hits="1" branch="false" />
            <line number="78" hits="1" branch="false" />
            <line number="79" hits="1" branch="false" />
            <line number="80" hits="1" branch="false" />
            <line number="81" hits="0" branch="false" />
            <line number="82" hits="0" branch="false" />
            <line number="83" hits="0" branch="false" />
            <line number="85" hits="1" branch="false" />
            <line number="92" hits="1" branch="false" />
            <line number="94" hits="1" branch="false" />
            <line number="95" hits="1" branch="false" />
            <line number="96" hits="1" branch="false" />
            <line number="97" hits="1" branch="false" />
            <line number="98" hits="1" branch="false" />
            <line number="99" hits="1" branch="false" />
            <line number="100" hits="1" branch="false" />
            <line number="102" hits="1" branch="false" />
            <line number="103" hits="0" branch="false" />
            <line number="104" hits="0" branch="false" />
            <line number="105" hits="0" branch="false" />
            <line number="107" hits="1" branch="false" />
            <line number="114" hits="1" branch="false" />
            <line number="116" hits="1" branch="false" />
            <line number="117" hits="1" branch="false" />
            <line number="118" hits="1" branch="false" />
            <line number="119" hits="1" branch="false" />
            <line number="120" hits="1" branch="false" />
            <line number="121" hits="1" branch="false" />
            <line number="122" hits="1" branch="false" />
            <line number="123" hits="1" branch="false" />
            <line number="124" hits="1" branch="false" />
            <line number="125" hits="1" branch="false" />
            <line number="127" hits="1" branch="false" />
            <line number="128" hits="0" branch="false" />
            <line number="129" hits="0" branch="false" />
            <line number="130" hits="0" branch="false" />
            <line number="132" hits="1" branch="false" />
            <line number="139" hits="1" branch="false" />
            <line number="141" hits="1" branch="false" />
            <line number="142" hits="1" branch="false" />
            <line number="143" hits="1" branch="false" />
            <line number="144" hits="1" branch="false" />
            <line number="145" hits="1" branch="false" />
            <line number="146" hits="1" branch="false" />
            <line number="147" hits="1" branch="false" />
            <line number="148" hits="1" branch="false" />
            <line number="149" hits="1" branch="false" />
            <line number="150" hits="1" branch="false" />
            <line number="152" hits="1" branch="false" />
            <line number="153" hits="0" branch="false" />
            <line number="154" hits="0" branch="false" />
            <line number="155" hits="0" branch="false" />
            <line number="157" hits="1" branch="false" />
            <line number="164" hits="1" branch="false" />
            <line number="166" hits="1" branch="false" />
            <line number="167" hits="1" branch="false" />
            <line number="168" hits="1" branch="false" />
            <line number="169" hits="1" branch="false" />
            <line number="170" hits="1" branch="false" />
            <line number="171" hits="1" branch="false" />
            <line number="172" hits="1" branch="false" />
            <line number="173" hits="1" branch="false" />
            <line number="174" hits="1" branch="false" />
            <line number="175" hits="1" branch="false" />
            <line number="176" hits="1" branch="false" />
            <line number="177" hits="1" branch="false" />
            <line number="178" hits="1" branch="false" />
            <line number="179" hits="1" branch="false" />
            <line number="180" hits="1" branch="false" />
            <line number="181" hits="1" branch="false" />
            <line number="182" hits="1" branch="false" />
            <line number="183" hits="1" branch="false" />
            <line number="184" hits="1" branch="false" />
            <line number="185" hits="1" branch="false" />
            <line number="186" hits="1" branch="false" />
            <line number="187" hits="1" branch="false" />
            <line number="188" hits="1" branch="false" />
            <line number="189" hits="1" branch="false" />
            <line number="190" hits="0" branch="false" />
            <line number="191" hits="0" branch="false" />
            <line number="192" hits="0" branch="false" />
            <line number="194" hits="1" branch="false" />
            <line number="201" hits="1" branch="false" />
            <line number="203" hits="1" branch="false" />
            <line number="204" hits="1" branch="false" />
            <line number="205" hits="1" branch="false" />
            <line number="206" hits="1" branch="false" />
            <line number="207" hits="1" branch="false" />
            <line number="208" hits="1" branch="false" />
            <line number="209" hits="1" branch="false" />
            <line number="210" hits="1" branch="false" />
            <line number="211" hits="1" branch="false" />
            <line number="212" hits="1" branch="false" />
            <line number="213" hits="1" branch="false" />
            <line number="214" hits="1" branch="false" />
            <line number="215" hits="1" branch="false" />
            <line number="216" hits="1" branch="false" />
            <line number="217" hits="0" branch="false" />
            <line number="218" hits="0" branch="false" />
            <line number="219" hits="0" branch="false" />
            <line number="221" hits="1" branch="false" />
            <line number="225" hits="6" branch="false" />
            <line number="227" hits="6" branch="false" />
            <line number="228" hits="6" branch="false" />
            <line number="229" hits="6" branch="false" />
            <line number="230" hits="6" branch="false" />
            <line number="231" hits="42" branch="true" condition-coverage="100% (2/2)" />
            <line number="232" hits="12" branch="false" />
            <line number="233" hits="12" branch="false" />
            <line number="234" hits="12" branch="false" />
            <line number="235" hits="12" branch="false" />
            <line number="236" hits="6" branch="false" />
            <line number="237" hits="6" branch="false" />
            <line number="238" hits="0" branch="false" />
            <line number="239" hits="0" branch="false" />
            <line number="240" hits="0" branch="false" />
            <line number="243" hits="6" branch="false" />
          </lines>
        </class>
      </classes>
    </package>
    <package name="TestMagnetron" line-rate="0.802325581395349" branch-rate="0.795454545454545" complexity="123">
      <classes>
        <class name="Program" filename="C:\Users\David\Desktop\Magnetron\API\TestMagnetron\TestMagnetron\Program.cs" line-rate="0" branch-rate="0" complexity="2">
          <methods>
            <method name="&lt;Main&gt;$" signature="(...)" line-rate="0" branch-rate="0" complexity="2">
              <lines>
                <line number="1" hits="0" branch="false" />
                <line number="5" hits="0" branch="false" />
                <line number="7" hits="0" branch="false" />
                <line number="8" hits="0" branch="false" />
                <line number="10" hits="0" branch="false" />
                <line number="13" hits="0" branch="true" condition-coverage="0% (0/2)" />
                <line number="14" hits="0" branch="false" />
                <line number="15" hits="0" branch="false" />
                <line number="16" hits="0" branch="false" />
                <line number="17" hits="0" branch="false" />
                <line number="19" hits="0" branch="false" />
                <line number="21" hits="0" branch="false" />
                <line number="23" hits="0" branch="false" />
                <line number="25" hits="0" branch="false" />
              </lines>
            </method>
          </methods>
          <lines>
            <line number="1" hits="0" branch="false" />
            <line number="5" hits="0" branch="false" />
            <line number="7" hits="0" branch="false" />
            <line number="8" hits="0" branch="false" />
            <line number="10" hits="0" branch="false" />
            <line number="13" hits="0" branch="true" condition-coverage="0% (0/2)" />
            <line number="14" hits="0" branch="false" />
            <line number="15" hits="0" branch="false" />
            <line number="16" hits="0" branch="false" />
            <line number="17" hits="0" branch="false" />
            <line number="19" hits="0" branch="false" />
            <line number="21" hits="0" branch="false" />
            <line number="23" hits="0" branch="false" />
            <line number="25" hits="0" branch="false" />
          </lines>
        </class>
        <class name="TestMagnetron.Controllers.PersonaController" filename="C:\Users\David\Desktop\Magnetron\API\TestMagnetron\TestMagnetron\Controllers\PersonaController.cs" line-rate="0.853333333333333" branch-rate="0.944444444444444" complexity="19">
          <methods>
            <method name="AddUser" signature="(...)" line-rate="1" branch-rate="1" complexity="2">
              <lines>
                <line number="30" hits="3" branch="false" />
                <line number="34" hits="3" branch="false" />
                <line number="35" hits="3" branch="false" />
                <line number="36" hits="1" branch="false" />
                <line number="37" hits="2" branch="false" />
                <line number="38" hits="2" branch="false" />
                <line number="39" hits="2" branch="false" />
                <line number="40" hits="2" branch="true" condition-coverage="100% (2/2)" />
                <line number="41" hits="1" branch="false" />
                <line number="42" hits="1" branch="false" />
                <line number="45" hits="1" branch="false" />
                <line number="46" hits="1" branch="false" />
                <line number="50" hits="1" branch="false" />
                <line number="51" hits="3" branch="false" />
              </lines>
            </method>
            <method name="GetPersonas" signature="()" line-rate="0.571428571428571" branch-rate="1" complexity="1">
              <lines>
                <line number="64" hits="1" branch="false" />
                <line number="66" hits="1" branch="false" />
                <line number="67" hits="1" branch="false" />
                <line number="69" hits="0" branch="false" />
                <line number="70" hits="0" branch="false" />
                <line number="71" hits="0" branch="false" />
                <line number="73" hits="1" branch="false" />
              </lines>
            </method>
            <method name="GetPersonasPorDocumento" signature="(...)" line-rate="0.727272727272727" branch-rate="1" complexity="2">
              <lines>
                <line number="85" hits="2" branch="false" />
                <line number="87" hits="2" branch="false" />
                <line number="88" hits="2" branch="true" condition-coverage="100% (2/2)" />
                <line number="89" hits="1" branch="false" />
                <line number="90" hits="1" branch="false" />
                <line number="93" hits="1" branch="false" />
                <line number="94" hits="1" branch="false" />
                <line number="97" hits="0" branch="false" />
                <line number="98" hits="0" branch="false" />
                <line number="99" hits="0" branch="false" />
                <line number="101" hits="2" branch="false" />
              </lines>
            </method>
            <method name="GetPersonasPorNombreoApellido" signature="(...)" line-rate="0.727272727272727" branch-rate="1" complexity="2">
              <lines>
                <line number="113" hits="2" branch="false" />
                <line number="115" hits="2" branch="false" />
                <line number="116" hits="2" branch="true" condition-coverage="100% (2/2)" />
                <line number="117" hits="1" branch="false" />
                <line number="118" hits="1" branch="false" />
                <line number="121" hits="1" branch="false" />
                <line number="122" hits="1" branch="false" />
                <line number="125" hits="0" branch="false" />
                <line number="126" hits="0" branch="false" />
                <line number="127" hits="0" branch="false" />
                <line number="129" hits="2" branch="false" />
              </lines>
            </method>
            <method name="UpdatePersona" signature="(...)" line-rate="1" branch-rate="1" complexity="6">
              <lines>
                <line number="146" hits="4" branch="false" />
                <line number="148" hits="4" branch="false" />
                <line number="149" hits="4" branch="true" condition-coverage="100% (4/4)" />
                <line number="150" hits="1" branch="false" />
                <line number="151" hits="1" branch="false" />
                <line number="154" hits="3" branch="false" />
                <line number="155" hits="3" branch="false" />
                <line number="158" hits="2" branch="false" />
                <line number="159" hits="2" branch="false" />
                <line number="160" hits="2" branch="false" />
                <line number="161" hits="2" branch="true" condition-coverage="100% (2/2)" />
                <line number="162" hits="1" branch="false" />
                <line number="163" hits="1" branch="false" />
                <line number="166" hits="1" branch="false" />
                <line number="167" hits="1" branch="false" />
                <line number="170" hits="4" branch="false" />
              </lines>
            </method>
            <method name="DeletePersona" signature="(...)" line-rate="0.875" branch-rate="0.833333333333333" complexity="6">
              <lines>
                <line number="186" hits="3" branch="false" />
                <line number="188" hits="3" branch="false" />
                <line number="189" hits="3" branch="true" condition-coverage="100% (4/4)" />
                <line number="190" hits="1" branch="false" />
                <line number="191" hits="1" branch="false" />
                <line number="194" hits="2" branch="false" />
                <line number="195" hits="2" branch="false" />
                <line number="198" hits="1" branch="false" />
                <line number="199" hits="1" branch="false" />
                <line number="200" hits="1" branch="false" />
                <line number="201" hits="1" branch="true" condition-coverage="50% (1/2)" />
                <line number="202" hits="1" branch="false" />
                <line number="203" hits="1" branch="false" />
                <line number="206" hits="0" branch="false" />
                <line number="207" hits="0" branch="false" />
                <line number="210" hits="3" branch="false" />
              </lines>
            </method>
          </methods>
          <lines>
            <line number="30" hits="3" branch="false" />
            <line number="34" hits="3" branch="false" />
            <line number="35" hits="3" branch="false" />
            <line number="36" hits="1" branch="false" />
            <line number="37" hits="2" branch="false" />
            <line number="38" hits="2" branch="false" />
            <line number="39" hits="2" branch="false" />
            <line number="40" hits="2" branch="true" condition-coverage="100% (2/2)" />
            <line number="41" hits="1" branch="false" />
            <line number="42" hits="1" branch="false" />
            <line number="45" hits="1" branch="false" />
            <line number="46" hits="1" branch="false" />
            <line number="50" hits="1" branch="false" />
            <line number="51" hits="3" branch="false" />
            <line number="64" hits="1" branch="false" />
            <line number="66" hits="1" branch="false" />
            <line number="67" hits="1" branch="false" />
            <line number="69" hits="0" branch="false" />
            <line number="70" hits="0" branch="false" />
            <line number="71" hits="0" branch="false" />
            <line number="73" hits="1" branch="false" />
            <line number="85" hits="2" branch="false" />
            <line number="87" hits="2" branch="false" />
            <line number="88" hits="2" branch="true" condition-coverage="100% (2/2)" />
            <line number="89" hits="1" branch="false" />
            <line number="90" hits="1" branch="false" />
            <line number="93" hits="1" branch="false" />
            <line number="94" hits="1" branch="false" />
            <line number="97" hits="0" branch="false" />
            <line number="98" hits="0" branch="false" />
            <line number="99" hits="0" branch="false" />
            <line number="101" hits="2" branch="false" />
            <line number="113" hits="2" branch="false" />
            <line number="115" hits="2" branch="false" />
            <line number="116" hits="2" branch="true" condition-coverage="100% (2/2)" />
            <line number="117" hits="1" branch="false" />
            <line number="118" hits="1" branch="false" />
            <line number="121" hits="1" branch="false" />
            <line number="122" hits="1" branch="false" />
            <line number="125" hits="0" branch="false" />
            <line number="126" hits="0" branch="false" />
            <line number="127" hits="0" branch="false" />
            <line number="129" hits="2" branch="false" />
            <line number="146" hits="4" branch="false" />
            <line number="148" hits="4" branch="false" />
            <line number="149" hits="4" branch="true" condition-coverage="100% (4/4)" />
            <line number="150" hits="1" branch="false" />
            <line number="151" hits="1" branch="false" />
            <line number="154" hits="3" branch="false" />
            <line number="155" hits="3" branch="false" />
            <line number="158" hits="2" branch="false" />
            <line number="159" hits="2" branch="false" />
            <line number="160" hits="2" branch="false" />
            <line number="161" hits="2" branch="true" condition-coverage="100% (2/2)" />
            <line number="162" hits="1" branch="false" />
            <line number="163" hits="1" branch="false" />
            <line number="166" hits="1" branch="false" />
            <line number="167" hits="1" branch="false" />
            <line number="170" hits="4" branch="false" />
            <line number="186" hits="3" branch="false" />
            <line number="188" hits="3" branch="false" />
            <line number="189" hits="3" branch="true" condition-coverage="100% (4/4)" />
            <line number="190" hits="1" branch="false" />
            <line number="191" hits="1" branch="false" />
            <line number="194" hits="2" branch="false" />
            <line number="195" hits="2" branch="false" />
            <line number="198" hits="1" branch="false" />
            <line number="199" hits="1" branch="false" />
            <line number="200" hits="1" branch="false" />
            <line number="201" hits="1" branch="true" condition-coverage="50% (1/2)" />
            <line number="202" hits="1" branch="false" />
            <line number="203" hits="1" branch="false" />
            <line number="206" hits="0" branch="false" />
            <line number="207" hits="0" branch="false" />
            <line number="210" hits="3" branch="false" />
          </lines>
        </class>
        <class name="TestMagnetron.Helpers.PersonaHelper" filename="C:\Users\David\Desktop\Magnetron\API\TestMagnetron\TestMagnetron\Helpers\PersonaHelper.cs" line-rate="0.826923076923077" branch-rate="0.727272727272727" complexity="25">
          <methods>
            <method name="AgregarPersona" signature="(...)" line-rate="1" branch-rate="1" complexity="2">
              <lines>
                <line number="16" hits="3" branch="false" />
                <line number="18" hits="3" branch="false" />
                <line number="19" hits="3" branch="false" />
                <line number="20" hits="3" branch="false" />
                <line number="22" hits="3" branch="true" condition-coverage="100% (2/2)" />
                <line number="23" hits="1" branch="false" />
                <line number="24" hits="1" branch="false" />
                <line number="26" hits="2" branch="false" />
                <line number="27" hits="2" branch="false" />
                <line number="28" hits="2" branch="false" />
                <line number="29" hits="2" branch="false" />
                <line number="30" hits="2" branch="false" />
                <line number="31" hits="2" branch="false" />
                <line number="32" hits="2" branch="false" />
                <line number="33" hits="2" branch="false" />
                <line number="34" hits="2" branch="false" />
                <line number="35" hits="1" branch="false" />
                <line number="38" hits="2" branch="false" />
                <line number="39" hits="2" branch="false" />
                <line number="40" hits="2" branch="false" />
                <line number="43" hits="1" branch="false" />
              </lines>
            </method>
            <method name="ObtenerPersonas" signature="()" line-rate="0.7" branch-rate="1" complexity="1">
              <lines>
                <line number="50" hits="1" branch="false" />
                <line number="52" hits="1" branch="false" />
                <line number="53" hits="1" branch="false" />
                <line number="54" hits="1" branch="false" />
                <line number="55" hits="1" branch="false" />
                <line number="56" hits="1" branch="false" />
                <line number="59" hits="0" branch="false" />
                <line number="60" hits="0" branch="false" />
                <line number="61" hits="0" branch="false" />
                <line number="64" hits="1" branch="false" />
              </lines>
            </method>
            <method name="ObtenerPersonaPorDocumento" signature="(...)" line-rate="0.7" branch-rate="1" complexity="1">
              <lines>
                <line number="72" hits="1" branch="false" />
                <line number="74" hits="1" branch="false" />
                <line number="75" hits="1" branch="false" />
                <line number="76" hits="1" branch="false" />
                <line number="77" hits="1" branch="false" />
                <line number="78" hits="1" branch="false" />
                <line number="81" hits="0" branch="false" />
                <line number="82" hits="0" branch="false" />
                <line number="83" hits="0" branch="false" />
                <line number="86" hits="1" branch="false" />
              </lines>
            </method>
            <method name="ObtenerPersonaPorNombreOApellido" signature="(...)" line-rate="0.7" branch-rate="1" complexity="1">
              <lines>
                <line number="94" hits="1" branch="false" />
                <line number="96" hits="1" branch="false" />
                <line number="97" hits="1" branch="false" />
                <line number="98" hits="1" branch="false" />
                <line number="99" hits="1" branch="false" />
                <line number="100" hits="1" branch="false" />
                <line number="103" hits="0" branch="false" />
                <line number="104" hits="0" branch="false" />
                <line number="105" hits="0" branch="false" />
                <line number="108" hits="1" branch="false" />
              </lines>
            </method>
            <method name="ActualizarPersona" signature="(...)" line-rate="0.8125" branch-rate="0.6875" complexity="16">
              <lines>
                <line number="118" hits="3" branch="false" />
                <line number="120" hits="3" branch="false" />
                <line number="121" hits="3" branch="false" />
                <line number="122" hits="3" branch="false" />
                <line number="125" hits="3" branch="true" condition-coverage="50% (1/2)" />
                <line number="126" hits="0" branch="false" />
                <line number="127" hits="0" branch="false" />
                <line number="128" hits="0" branch="false" />
                <line number="130" hits="3" branch="false" />
                <line number="131" hits="3" branch="false" />
                <line number="132" hits="3" branch="false" />
                <line number="133" hits="3" branch="true" condition-coverage="100% (2/2)" />
                <line number="134" hits="1" branch="false" />
                <line number="135" hits="1" branch="false" />
                <line number="138" hits="2" branch="true" condition-coverage="75% (3/4)" />
                <line number="139" hits="2" branch="false" />
                <line number="140" hits="2" branch="false" />
                <line number="141" hits="2" branch="false" />
                <line number="143" hits="2" branch="true" condition-coverage="50% (2/4)" />
                <line number="144" hits="0" branch="false" />
                <line number="145" hits="0" branch="false" />
                <line number="146" hits="0" branch="false" />
                <line number="148" hits="2" branch="true" condition-coverage="75% (3/4)" />
                <line number="149" hits="1" branch="false" />
                <line number="150" hits="1" branch="false" />
                <line number="151" hits="1" branch="false" />
                <line number="152" hits="2" branch="false" />
                <line number="153" hits="1" branch="false" />
                <line number="156" hits="2" branch="false" />
                <line number="157" hits="2" branch="false" />
                <line number="158" hits="2" branch="false" />
                <line number="161" hits="1" branch="false" />
              </lines>
            </method>
            <method name="EliminarPersona" signature="(...)" line-rate="0.857142857142857" branch-rate="0.75" complexity="4">
              <lines>
                <line number="171" hits="2" branch="false" />
                <line number="173" hits="2" branch="false" />
                <line number="174" hits="2" branch="false" />
                <line number="175" hits="2" branch="false" />
                <line number="178" hits="2" branch="true" condition-coverage="50% (1/2)" />
                <line number="179" hits="0" branch="false" />
                <line number="180" hits="0" branch="false" />
                <line number="181" hits="0" branch="false" />
                <line number="183" hits="2" branch="false" />
                <line number="184" hits="2" branch="false" />
                <line number="185" hits="2" branch="false" />
                <line number="186" hits="2" branch="true" condition-coverage="100% (2/2)" />
                <line number="187" hits="1" branch="false" />
                <line number="188" hits="1" branch="false" />
                <line number="191" hits="1" branch="false" />
                <line number="192" hits="1" branch="false" />
                <line number="193" hits="1" branch="false" />
                <line number="196" hits="1" branch="false" />
                <line number="197" hits="1" branch="false" />
                <line number="198" hits="1" branch="false" />
                <line number="201" hits="1" branch="false" />
              </lines>
            </method>
          </methods>
          <lines>
            <line number="16" hits="3" branch="false" />
            <line number="18" hits="3" branch="false" />
            <line number="19" hits="3" branch="false" />
            <line number="20" hits="3" branch="false" />
            <line number="22" hits="3" branch="true" condition-coverage="100% (2/2)" />
            <line number="23" hits="1" branch="false" />
            <line number="24" hits="1" branch="false" />
            <line number="26" hits="2" branch="false" />
            <line number="27" hits="2" branch="false" />
            <line number="28" hits="2" branch="false" />
            <line number="29" hits="2" branch="false" />
            <line number="30" hits="2" branch="false" />
            <line number="31" hits="2" branch="false" />
            <line number="32" hits="2" branch="false" />
            <line number="33" hits="2" branch="false" />
            <line number="34" hits="2" branch="false" />
            <line number="35" hits="1" branch="false" />
            <line number="38" hits="2" branch="false" />
            <line number="39" hits="2" branch="false" />
            <line number="40" hits="2" branch="false" />
            <line number="43" hits="1" branch="false" />
            <line number="50" hits="1" branch="false" />
            <line number="52" hits="1" branch="false" />
            <line number="53" hits="1" branch="false" />
            <line number="54" hits="1" branch="false" />
            <line number="55" hits="1" branch="false" />
            <line number="56" hits="1" branch="false" />
            <line number="59" hits="0" branch="false" />
            <line number="60" hits="0" branch="false" />
            <line number="61" hits="0" branch="false" />
            <line number="64" hits="1" branch="false" />
            <line number="72" hits="1" branch="false" />
            <line number="74" hits="1" branch="false" />
            <line number="75" hits="1" branch="false" />
            <line number="76" hits="1" branch="false" />
            <line number="77" hits="1" branch="false" />
            <line number="78" hits="1" branch="false" />
            <line number="81" hits="0" branch="false" />
            <line number="82" hits="0" branch="false" />
            <line number="83" hits="0" branch="false" />
            <line number="86" hits="1" branch="false" />
            <line number="94" hits="1" branch="false" />
            <line number="96" hits="1" branch="false" />
            <line number="97" hits="1" branch="false" />
            <line number="98" hits="1" branch="false" />
            <line number="99" hits="1" branch="false" />
            <line number="100" hits="1" branch="false" />
            <line number="103" hits="0" branch="false" />
            <line number="104" hits="0" branch="false" />
            <line number="105" hits="0" branch="false" />
            <line number="108" hits="1" branch="false" />
            <line number="118" hits="3" branch="false" />
            <line number="120" hits="3" branch="false" />
            <line number="121" hits="3" branch="false" />
            <line number="122" hits="3" branch="false" />
            <line number="125" hits="3" branch="true" condition-coverage="50% (1/2)" />
            <line number="126" hits="0" branch="false" />
            <line number="127" hits="0" branch="false" />
            <line number="128" hits="0" branch="false" />
            <line number="130" hits="3" branch="false" />
            <line number="131" hits="3" branch="false" />
            <line number="132" hits="3" branch="false" />
            <line number="133" hits="3" branch="true" condition-coverage="100% (2/2)" />
            <line number="134" hits="1" branch="false" />
            <line number="135" hits="1" branch="false" />
            <line number="138" hits="2" branch="true" condition-coverage="75% (3/4)" />
            <line number="139" hits="2" branch="false" />
            <line number="140" hits="2" branch="false" />
            <line number="141" hits="2" branch="false" />
            <line number="143" hits="2" branch="true" condition-coverage="50% (2/4)" />
            <line number="144" hits="0" branch="false" />
            <line number="145" hits="0" branch="false" />
            <line number="146" hits="0" branch="false" />
            <line number="148" hits="2" branch="true" condition-coverage="75% (3/4)" />
            <line number="149" hits="1" branch="false" />
            <line number="150" hits="1" branch="false" />
            <line number="151" hits="1" branch="false" />
            <line number="152" hits="2" branch="false" />
            <line number="153" hits="1" branch="false" />
            <line number="156" hits="2" branch="false" />
            <line number="157" hits="2" branch="false" />
            <line number="158" hits="2" branch="false" />
            <line number="161" hits="1" branch="false" />
            <line number="171" hits="2" branch="false" />
            <line number="173" hits="2" branch="false" />
            <line number="174" hits="2" branch="false" />
            <line number="175" hits="2" branch="false" />
            <line number="178" hits="2" branch="true" condition-coverage="50% (1/2)" />
            <line number="179" hits="0" branch="false" />
            <line number="180" hits="0" branch="false" />
            <line number="181" hits="0" branch="false" />
            <line number="183" hits="2" branch="false" />
            <line number="184" hits="2" branch="false" />
            <line number="185" hits="2" branch="false" />
            <line number="186" hits="2" branch="true" condition-coverage="100% (2/2)" />
            <line number="187" hits="1" branch="false" />
            <line number="188" hits="1" branch="false" />
            <line number="191" hits="1" branch="false" />
            <line number="192" hits="1" branch="false" />
            <line number="193" hits="1" branch="false" />
            <line number="196" hits="1" branch="false" />
            <line number="197" hits="1" branch="false" />
            <line number="198" hits="1" branch="false" />
            <line number="201" hits="1" branch="false" />
          </lines>
        </class>
        <class name="TestMagnetron.Models.ErrorModel" filename="C:\Users\David\Desktop\Magnetron\API\TestMagnetron\TestMagnetron\Models\ErrorModel.cs" line-rate="1" branch-rate="1" complexity="1">
          <methods>
            <method name="get_error" signature="()" line-rate="1" branch-rate="1" complexity="1">
              <lines>
                <line number="8" hits="9" branch="false" />
              </lines>
            </method>
          </methods>
          <lines>
            <line number="8" hits="9" branch="false" />
          </lines>
        </class>
        <class name="TestMagnetron.Models.FactDetalle" filename="C:\Users\David\Desktop\Magnetron\API\TestMagnetron\TestMagnetron\Models\FactDetalle.cs" line-rate="0" branch-rate="1" complexity="7">
          <methods>
            <method name="get_FdetId" signature="()" line-rate="0" branch-rate="1" complexity="1">
              <lines>
                <line number="8" hits="0" branch="false" />
              </lines>
            </method>
            <method name="get_FdetLinea" signature="()" line-rate="0" branch-rate="1" complexity="1">
              <lines>
                <line number="9" hits="0" branch="false" />
              </lines>
            </method>
            <method name="get_FdetCantidad" signature="()" line-rate="0" branch-rate="1" complexity="1">
              <lines>
                <line number="10" hits="0" branch="false" />
              </lines>
            </method>
            <method name="get_FdetProdId" signature="()" line-rate="0" branch-rate="1" complexity="1">
              <lines>
                <line number="11" hits="0" branch="false" />
              </lines>
            </method>
            <method name="get_FdetFencId" signature="()" line-rate="0" branch-rate="1" complexity="1">
              <lines>
                <line number="12" hits="0" branch="false" />
              </lines>
            </method>
            <method name="get_FdetFenc" signature="()" line-rate="0" branch-rate="1" complexity="1">
              <lines>
                <line number="14" hits="0" branch="false" />
              </lines>
            </method>
            <method name="get_FdetProd" signature="()" line-rate="0" branch-rate="1" complexity="1">
              <lines>
                <line number="15" hits="0" branch="false" />
              </lines>
            </method>
          </methods>
          <lines>
            <line number="8" hits="0" branch="false" />
            <line number="9" hits="0" branch="false" />
            <line number="10" hits="0" branch="false" />
            <line number="11" hits="0" branch="false" />
            <line number="12" hits="0" branch="false" />
            <line number="14" hits="0" branch="false" />
            <line number="15" hits="0" branch="false" />
          </lines>
        </class>
        <class name="TestMagnetron.Models.FactEncabezado" filename="C:\Users\David\Desktop\Magnetron\API\TestMagnetron\TestMagnetron\Models\FactEncabezado.cs" line-rate="0" branch-rate="1" complexity="7">
          <methods>
            <method name="get_FencId" signature="()" line-rate="0" branch-rate="1" complexity="1">
              <lines>
                <line number="13" hits="0" branch="false" />
              </lines>
            </method>
            <method name="get_FencNumero" signature="()" line-rate="0" branch-rate="1" complexity="1">
              <lines>
                <line number="14" hits="0" branch="false" />
              </lines>
            </method>
            <method name="get_FencFecha" signature="()" line-rate="0" branch-rate="1" complexity="1">
              <lines>
                <line number="15" hits="0" branch="false" />
              </lines>
            </method>
            <method name="get_FencPerId" signature="()" line-rate="0" branch-rate="1" complexity="1">
              <lines>
                <line number="16" hits="0" branch="false" />
              </lines>
            </method>
            <method name="get_FencPer" signature="()" line-rate="0" branch-rate="1" complexity="1">
              <lines>
                <line number="18" hits="0" branch="false" />
              </lines>
            </method>
            <method name="get_FactDetalles" signature="()" line-rate="0" branch-rate="1" complexity="1">
              <lines>
                <line number="19" hits="0" branch="false" />
              </lines>
            </method>
            <method name=".ctor" signature="()" line-rate="0" branch-rate="1" complexity="1">
              <lines>
                <line number="8" hits="0" branch="false" />
                <line number="9" hits="0" branch="false" />
                <line number="10" hits="0" branch="false" />
                <line number="11" hits="0" branch="false" />
              </lines>
            </method>
          </methods>
          <lines>
            <line number="8" hits="0" branch="false" />
            <line number="9" hits="0" branch="false" />
            <line number="10" hits="0" branch="false" />
            <line number="11" hits="0" branch="false" />
            <line number="13" hits="0" branch="false" />
            <line number="14" hits="0" branch="false" />
            <line number="15" hits="0" branch="false" />
            <line number="16" hits="0" branch="false" />
            <line number="18" hits="0" branch="false" />
            <line number="19" hits="0" branch="false" />
          </lines>
        </class>
        <class name="TestMagnetron.Models.Persona" filename="C:\Users\David\Desktop\Magnetron\API\TestMagnetron\TestMagnetron\Models\Persona.cs" line-rate="0.909090909090909" branch-rate="1" complexity="8">
          <methods>
            <method name="get_PerId" signature="()" line-rate="0" branch-rate="1" complexity="1">
              <lines>
                <line number="14" hits="0" branch="false" />
              </lines>
            </method>
            <method name="get_PerNombre" signature="()" line-rate="1" branch-rate="1" complexity="1">
              <lines>
                <line number="15" hits="18" branch="false" />
              </lines>
            </method>
            <method name="get_PerApellido" signature="()" line-rate="1" branch-rate="1" complexity="1">
              <lines>
                <line number="16" hits="14" branch="false" />
              </lines>
            </method>
            <method name="get_PerTipoDocumento" signature="()" line-rate="1" branch-rate="1" complexity="1">
              <lines>
                <line number="17" hits="17" branch="false" />
              </lines>
            </method>
            <method name="get_PerDocumento" signature="()" line-rate="1" branch-rate="1" complexity="1">
              <lines>
                <line number="18" hits="60" branch="false" />
              </lines>
            </method>
            <method name="get_PerTipoDocumentoNavigation" signature="()" line-rate="1" branch-rate="1" complexity="1">
              <lines>
                <line number="21" hits="46" branch="false" />
              </lines>
            </method>
            <method name="get_FactEncabezados" signature="()" line-rate="1" branch-rate="1" complexity="1">
              <lines>
                <line number="23" hits="46" branch="false" />
              </lines>
            </method>
            <method name=".ctor" signature="()" line-rate="1" branch-rate="1" complexity="1">
              <lines>
                <line number="9" hits="46" branch="false" />
                <line number="10" hits="46" branch="false" />
                <line number="11" hits="46" branch="false" />
                <line number="12" hits="46" branch="false" />
              </lines>
            </method>
          </methods>
          <lines>
            <line number="9" hits="46" branch="false" />
            <line number="10" hits="46" branch="false" />
            <line number="11" hits="46" branch="false" />
            <line number="12" hits="46" branch="false" />
            <line number="14" hits="0" branch="false" />
            <line number="15" hits="18" branch="false" />
            <line number="16" hits="14" branch="false" />
            <line number="17" hits="17" branch="false" />
            <line number="18" hits="60" branch="false" />
            <line number="21" hits="46" branch="false" />
            <line number="23" hits="46" branch="false" />
          </lines>
        </class>
        <class name="TestMagnetron.Models.PersonaInputVM" filename="C:\Users\David\Desktop\Magnetron\API\TestMagnetron\TestMagnetron\Models\PersonaInputVM.cs" line-rate="1" branch-rate="1" complexity="4">
          <methods>
            <method name="get_PerNombre" signature="()" line-rate="1" branch-rate="1" complexity="1">
              <lines>
                <line number="10" hits="3" branch="false" />
              </lines>
            </method>
            <method name="get_PerApellido" signature="()" line-rate="1" branch-rate="1" complexity="1">
              <lines>
                <line number="11" hits="3" branch="false" />
              </lines>
            </method>
            <method name="get_PerTipoDocumento" signature="()" line-rate="1" branch-rate="1" complexity="1">
              <lines>
                <line number="12" hits="7" branch="false" />
              </lines>
            </method>
            <method name="get_PerDocumento" signature="()" line-rate="1" branch-rate="1" complexity="1">
              <lines>
                <line number="13" hits="8" branch="false" />
              </lines>
            </method>
          </methods>
          <lines>
            <line number="10" hits="3" branch="false" />
            <line number="11" hits="3" branch="false" />
            <line number="12" hits="7" branch="false" />
            <line number="13" hits="8" branch="false" />
          </lines>
        </class>
        <class name="TestMagnetron.Models.PersonaUpdateVM" filename="C:\Users\David\Desktop\Magnetron\API\TestMagnetron\TestMagnetron\Models\PersonaInputVM.cs" line-rate="1" branch-rate="1" complexity="3">
          <methods>
            <method name="get_PerNombre" signature="()" line-rate="1" branch-rate="1" complexity="1">
              <lines>
                <line number="19" hits="7" branch="false" />
              </lines>
            </method>
            <method name="get_PerApellido" signature="()" line-rate="1" branch-rate="1" complexity="1">
              <lines>
                <line number="21" hits="2" branch="false" />
              </lines>
            </method>
            <method name="get_PerTipoDocumento" signature="()" line-rate="1" branch-rate="1" complexity="1">
              <lines>
                <line number="23" hits="7" branch="false" />
              </lines>
            </method>
          </methods>
          <lines>
            <line number="19" hits="7" branch="false" />
            <line number="21" hits="2" branch="false" />
            <line number="23" hits="7" branch="false" />
          </lines>
        </class>
        <class name="TestMagnetron.Models.Producto" filename="C:\Users\David\Desktop\Magnetron\API\TestMagnetron\TestMagnetron\Models\Producto.cs" line-rate="0" branch-rate="1" complexity="8">
          <methods>
            <method name="get_ProdId" signature="()" line-rate="0" branch-rate="1" complexity="1">
              <lines>
                <line number="13" hits="0" branch="false" />
              </lines>
            </method>
            <method name="get_ProdNombre" signature="()" line-rate="0" branch-rate="1" complexity="1">
              <lines>
                <line number="14" hits="0" branch="false" />
              </lines>
            </method>
            <method name="get_ProdDescripcion" signature="()" line-rate="0" branch-rate="1" complexity="1">
              <lines>
                <line number="15" hits="0" branch="false" />
              </lines>
            </method>
            <method name="get_ProdPrecio" signature="()" line-rate="0" branch-rate="1" complexity="1">
              <lines>
                <line number="16" hits="0" branch="false" />
              </lines>
            </method>
            <method name="get_ProdCosto" signature="()" line-rate="0" branch-rate="1" complexity="1">
              <lines>
                <line number="17" hits="0" branch="false" />
              </lines>
            </method>
            <method name="get_ProdUm" signature="()" line-rate="0" branch-rate="1" complexity="1">
              <lines>
                <line number="18" hits="0" branch="false" />
              </lines>
            </method>
            <method name="get_FactDetalles" signature="()" line-rate="0" branch-rate="1" complexity="1">
              <lines>
                <line number="20" hits="0" branch="false" />
              </lines>
            </method>
            <method name=".ctor" signature="()" line-rate="0" branch-rate="1" complexity="1">
              <lines>
                <line number="8" hits="0" branch="false" />
                <line number="9" hits="0" branch="false" />
                <line number="10" hits="0" branch="false" />
                <line number="11" hits="0" branch="false" />
              </lines>
            </method>
          </methods>
          <lines>
            <line number="8" hits="0" branch="false" />
            <line number="9" hits="0" branch="false" />
            <line number="10" hits="0" branch="false" />
            <line number="11" hits="0" branch="false" />
            <line number="13" hits="0" branch="false" />
            <line number="14" hits="0" branch="false" />
            <line number="15" hits="0" branch="false" />
            <line number="16" hits="0" branch="false" />
            <line number="17" hits="0" branch="false" />
            <line number="18" hits="0" branch="false" />
            <line number="20" hits="0" branch="false" />
          </lines>
        </class>
        <class name="TestMagnetron.Models.TestMagnetronContext" filename="C:\Users\David\Desktop\Magnetron\API\TestMagnetron\TestMagnetron\Models\TestMagnetronContext.cs" line-rate="0.987951807228916" branch-rate="1" complexity="15">
          <methods>
            <method name="get_FactDetalles" signature="()" line-rate="1" branch-rate="1" complexity="1">
              <lines>
                <line number="19" hits="46" branch="false" />
              </lines>
            </method>
            <method name="get_FactEncabezados" signature="()" line-rate="1" branch-rate="1" complexity="1">
              <lines>
                <line number="20" hits="46" branch="false" />
              </lines>
            </method>
            <method name="get_Personas" signature="()" line-rate="1" branch-rate="1" complexity="1">
              <lines>
                <line number="21" hits="90" branch="false" />
              </lines>
            </method>
            <method name="get_Productos" signature="()" line-rate="1" branch-rate="1" complexity="1">
              <lines>
                <line number="22" hits="46" branch="false" />
              </lines>
            </method>
            <method name="get_TiposDocumentos" signature="()" line-rate="1" branch-rate="1" complexity="1">
              <lines>
                <line number="23" hits="46" branch="false" />
              </lines>
            </method>
            <method name="get_VistaMargenGananciaPorProductos" signature="()" line-rate="1" branch-rate="1" complexity="1">
              <lines>
                <line number="24" hits="46" branch="false" />
              </lines>
            </method>
            <method name="get_VistaPersonaProductoMasCaros" signature="()" line-rate="1" branch-rate="1" complexity="1">
              <lines>
                <line number="25" hits="46" branch="false" />
              </lines>
            </method>
            <method name="get_VistaProductosPorCantidadFacturada" signature="()" line-rate="1" branch-rate="1" complexity="1">
              <lines>
                <line number="26" hits="46" branch="false" />
              </lines>
            </method>
            <method name="get_VistaTotalFacturados" signature="()" line-rate="1" branch-rate="1" complexity="1">
              <lines>
                <line number="27" hits="46" branch="false" />
              </lines>
            </method>
            <method name="get_VistaUtilidadPorProductos" signature="()" line-rate="1" branch-rate="1" complexity="1">
              <lines>
                <line number="28" hits="46" branch="false" />
              </lines>
            </method>
            <method name="OnConfiguring" signature="(...)" line-rate="1" branch-rate="1" complexity="2">
              <lines>
                <line number="31" hits="23" branch="false" />
                <line number="32" hits="23" branch="true" condition-coverage="100% (2/2)" />
                <line number="33" hits="23" branch="false" />
                <line number="34" hits="23" branch="false" />
                <line number="35" hits="23" branch="false" />
                <line number="36" hits="23" branch="false" />
              </lines>
            </method>
            <method name="OnModelCreating" signature="(...)" line-rate="1" branch-rate="1" complexity="1">
              <lines>
                <line number="39" hits="1" branch="false" />
                <line number="40" hits="1" branch="false" />
                <line number="41" hits="1" branch="false" />
                <line number="42" hits="1" branch="false" />
                <line number="43" hits="1" branch="false" />
                <line number="44" hits="1" branch="false" />
                <line number="45" hits="1" branch="false" />
                <line number="46" hits="1" branch="false" />
                <line number="47" hits="1" branch="false" />
                <line number="48" hits="1" branch="false" />
                <line number="49" hits="1" branch="false" />
                <line number="50" hits="1" branch="false" />
                <line number="51" hits="1" branch="false" />
                <line number="52" hits="1" branch="false" />
                <line number="53" hits="1" branch="false" />
                <line number="54" hits="1" branch="false" />
                <line number="55" hits="1" branch="false" />
                <line number="56" hits="1" branch="false" />
                <line number="57" hits="1" branch="false" />
                <line number="58" hits="1" branch="false" />
                <line number="59" hits="1" branch="false" />
                <line number="60" hits="1" branch="false" />
                <line number="61" hits="1" branch="false" />
                <line number="62" hits="1" branch="false" />
                <line number="63" hits="1" branch="false" />
                <line number="64" hits="1" branch="false" />
                <line number="65" hits="1" branch="false" />
                <line number="66" hits="1" branch="false" />
                <line number="67" hits="1" branch="false" />
                <line number="68" hits="1" branch="false" />
                <line number="69" hits="1" branch="false" />
                <line number="70" hits="1" branch="false" />
                <line number="71" hits="2" branch="false" />
                <line number="73" hits="1" branch="false" />
                <line number="74" hits="1" branch="false" />
                <line number="75" hits="1" branch="false" />
                <line number="76" hits="1" branch="false" />
                <line number="77" hits="1" branch="false" />
                <line number="78" hits="1" branch="false" />
                <line number="79" hits="1" branch="false" />
                <line number="80" hits="1" branch="false" />
                <line number="81" hits="1" branch="false" />
                <line number="82" hits="1" branch="false" />
                <line number="83" hits="1" branch="false" />
                <line number="84" hits="1" branch="false" />
                <line number="85" hits="1" branch="false" />
                <line number="86" hits="1" branch="false" />
                <line number="87" hits="1" branch="false" />
                <line number="88" hits="1" branch="false" />
                <line number="89" hits="1" branch="false" />
                <line number="90" hits="1" branch="false" />
                <line number="91" hits="1" branch="false" />
                <line number="92" hits="1" branch="false" />
                <line number="93" hits="1" branch="false" />
                <line number="94" hits="1" branch="false" />
                <line number="95" hits="1" branch="false" />
                <line number="96" hits="1" branch="false" />
                <line number="97" hits="1" branch="false" />
                <line number="98" hits="2" branch="false" />
                <line number="100" hits="1" branch="false" />
                <line number="101" hits="1" branch="false" />
                <line number="102" hits="1" branch="false" />
                <line number="103" hits="1" branch="false" />
                <line number="104" hits="1" branch="false" />
                <line number="105" hits="1" branch="false" />
                <line number="106" hits="1" branch="false" />
                <line number="107" hits="1" branch="false" />
                <line number="108" hits="1" branch="false" />
                <line number="109" hits="1" branch="false" />
                <line number="110" hits="1" branch="false" />
                <line number="111" hits="1" branch="false" />
                <line number="112" hits="1" branch="false" />
                <line number="113" hits="1" branch="false" />
                <line number="114" hits="1" branch="false" />
                <line number="115" hits="1" branch="false" />
                <line number="116" hits="1" branch="false" />
                <line number="117" hits="1" branch="false" />
                <line number="118" hits="1" branch="false" />
                <line number="119" hits="1" branch="false" />
                <line number="120" hits="1" branch="false" />
                <line number="121" hits="1" branch="false" />
                <line number="122" hits="1" branch="false" />
                <line number="123" hits="1" branch="false" />
                <line number="124" hits="1" branch="false" />
                <line number="125" hits="1" branch="false" />
                <line number="126" hits="1" branch="false" />
                <line number="127" hits="1" branch="false" />
                <line number="128" hits="1" branch="false" />
                <line number="129" hits="1" branch="false" />
                <line number="130" hits="1" branch="false" />
                <line number="131" hits="2" branch="false" />
                <line number="133" hits="1" branch="false" />
                <line number="134" hits="1" branch="false" />
                <line number="135" hits="1" branch="false" />
                <line number="136" hits="1" branch="false" />
                <line number="137" hits="1" branch="false" />
                <line number="138" hits="1" branch="false" />
                <line number="139" hits="1" branch="false" />
                <line number="140" hits="1" branch="false" />
                <line number="141" hits="1" branch="false" />
                <line number="142" hits="1" branch="false" />
                <line number="143" hits="1" branch="false" />
                <line number="144" hits="1" branch="false" />
                <line number="145" hits="1" branch="false" />
                <line number="146" hits="1" branch="false" />
                <line number="147" hits="1" branch="false" />
                <line number="148" hits="1" branch="false" />
                <line number="149" hits="1" branch="false" />
                <line number="150" hits="1" branch="false" />
                <line number="151" hits="1" branch="false" />
                <line number="152" hits="1" branch="false" />
                <line number="153" hits="1" branch="false" />
                <line number="154" hits="1" branch="false" />
                <line number="155" hits="1" branch="false" />
                <line number="156" hits="1" branch="false" />
                <line number="157" hits="1" branch="false" />
                <line number="158" hits="1" branch="false" />
                <line number="159" hits="1" branch="false" />
                <line number="160" hits="1" branch="false" />
                <line number="161" hits="1" branch="false" />
                <line number="162" hits="1" branch="false" />
                <line number="163" hits="1" branch="false" />
                <line number="164" hits="2" branch="false" />
                <line number="166" hits="1" branch="false" />
                <line number="167" hits="1" branch="false" />
                <line number="168" hits="1" branch="false" />
                <line number="169" hits="1" branch="false" />
                <line number="170" hits="1" branch="false" />
                <line number="171" hits="1" branch="false" />
                <line number="172" hits="1" branch="false" />
                <line number="173" hits="1" branch="false" />
                <line number="174" hits="1" branch="false" />
                <line number="175" hits="2" branch="false" />
                <line number="177" hits="1" branch="false" />
                <line number="178" hits="1" branch="false" />
                <line number="179" hits="1" branch="false" />
                <line number="180" hits="1" branch="false" />
                <line number="181" hits="1" branch="false" />
                <line number="182" hits="1" branch="false" />
                <line number="183" hits="1" branch="false" />
                <line number="184" hits="1" branch="false" />
                <line number="185" hits="1" branch="false" />
                <line number="186" hits="1" branch="false" />
                <line number="187" hits="1" branch="false" />
                <line number="188" hits="1" branch="false" />
                <line number="189" hits="1" branch="false" />
                <line number="190" hits="1" branch="false" />
                <line number="191" hits="2" branch="false" />
                <line number="193" hits="1" branch="false" />
                <line number="194" hits="1" branch="false" />
                <line number="195" hits="1" branch="false" />
                <line number="196" hits="1" branch="false" />
                <line number="197" hits="1" branch="false" />
                <line number="198" hits="1" branch="false" />
                <line number="199" hits="1" branch="false" />
                <line number="200" hits="1" branch="false" />
                <line number="201" hits="1" branch="false" />
                <line number="202" hits="1" branch="false" />
                <line number="203" hits="1" branch="false" />
                <line number="204" hits="1" branch="false" />
                <line number="205" hits="1" branch="false" />
                <line number="206" hits="1" branch="false" />
                <line number="207" hits="1" branch="false" />
                <line number="208" hits="1" branch="false" />
                <line number="209" hits="1" branch="false" />
                <line number="210" hits="1" branch="false" />
                <line number="211" hits="1" branch="false" />
                <line number="212" hits="1" branch="false" />
                <line number="213" hits="1" branch="false" />
                <line number="214" hits="1" branch="false" />
                <line number="215" hits="1" branch="false" />
                <line number="216" hits="1" branch="false" />
                <line number="217" hits="1" branch="false" />
                <line number="218" hits="1" branch="false" />
                <line number="219" hits="2" branch="false" />
                <line number="221" hits="1" branch="false" />
                <line number="222" hits="1" branch="false" />
                <line number="223" hits="1" branch="false" />
                <line number="224" hits="1" branch="false" />
                <line number="225" hits="1" branch="false" />
                <line number="226" hits="1" branch="false" />
                <line number="227" hits="1" branch="false" />
                <line number="228" hits="1" branch="false" />
                <line number="229" hits="1" branch="false" />
                <line number="230" hits="1" branch="false" />
                <line number="231" hits="1" branch="false" />
                <line number="232" hits="1" branch="false" />
                <line number="233" hits="2" branch="false" />
                <line number="235" hits="1" branch="false" />
                <line number="236" hits="1" branch="false" />
                <line number="237" hits="1" branch="false" />
                <line number="238" hits="1" branch="false" />
                <line number="239" hits="1" branch="false" />
                <line number="240" hits="1" branch="false" />
                <line number="241" hits="1" branch="false" />
[...]
            <line number="82" hits="1" branch="false" />
            <line number="83" hits="1" branch="false" />
            <line number="84" hits="1" branch="false" />
            <line number="85" hits="1" branch="false" />
            <line number="86" hits="1" branch="false" />
            <line number="87" hits="1" branch="false" />
            <line number="88" hits="1" branch="false" />
            <line number="89" hits="1" branch="false" />
            <line number="90" hits="1" branch="false" />
            <line number="91" hits="1" branch="false" />
            <line number="92" hits="1" branch="false" />
            <line number="93" hits="1" branch="false" />
            <line number="94" hits="1" branch="false" />
            <line number="95" hits="1" branch="false" />
            <line number="96" hits="1" branch="false" />
            <line number="97" hits="1" branch="false" />
            <line number="98" hits="2" branch="false" />
            <line number="100" hits="1" branch="false" />
            <line number="101" hits="1" branch="false" />
            <line number="102" hits="1" branch="false" />
            <line number="103" hits="1" branch="false" />
            <line number="104" hits="1" branch="false" />
            <line number="105" hits="1" branch="false" />
            <line number="106" hits="1" branch="false" />
            <line number="107" hits="1" branch="false" />
            <line number="108" hits="1" branch="false" />
            <line number="109" hits="1" branch="false" />
            <line number="110" hits="1" branch="false" />
            <line number="111" hits="1" branch="false" />
            <line number="112" hits="1" branch="false" />
            <line number="113" hits="1" branch="false" />
            <line number="114" hits="1" branch="false" />
            <line number="115" hits="1" branch="false" />
            <line number="116" hits="1" branch="false" />
            <line number="117" hits="1" branch="false" />
            <line number="118" hits="1" branch="false" />
            <line number="119" hits="1" branch="false" />
            <line number="120" hits="1" branch="false" />
            <line number="121" hits="1" branch="false" />
            <line number="122" hits="1" branch="false" />
            <line number="123" hits="1" branch="false" />
            <line number="124" hits="1" branch="false" />
            <line number="125" hits="1" branch="false" />
            <line number="126" hits="1" branch="false" />
            <line number="127" hits="1" branch="false" />
            <line number="128" hits="1" branch="false" />
            <line number="129" hits="1" branch="false" />
            <line number="130" hits="1" branch="false" />
            <line number="131" hits="2" branch="false" />
            <line number="133" hits="1" branch="false" />
            <line number="134" hits="1" branch="false" />
            <line number="135" hits="1" branch="false" />
            <line number="136" hits="1" branch="false" />
            <line number="137" hits="1" branch="false" />
            <line number="138" hits="1" branch="false" />
            <line number="139" hits="1" branch="false" />
            <line number="140" hits="1" branch="false" />
            <line number="141" hits="1" branch="false" />
            <line number="142" hits="1" branch="false" />
            <line number="143" hits="1" branch="false" />
            <line number="144" hits="1" branch="false" />
            <line number="145" hits="1" branch="false" />
            <line number="146" hits="1" branch="false" />
            <line number="147" hits="1" branch="false" />
            <line number="148" hits="1" branch="false" />
            <line number="149" hits="1" branch="false" />
            <line number="150" hits="1" branch="false" />
            <line number="151" hits="1" branch="false" />
            <line number="152" hits="1" branch="false" />
            <line number="153" hits="1" branch="false" />
            <line number="154" hits="1" branch="false" />
            <line number="155" hits="1" branch="false" />
            <line number="156" hits="1" branch="false" />
            <line number="157" hits="1" branch="false" />
            <line number="158" hits="1" branch="false" />
            <line number="159" hits="1" branch="false" />
            <line number="160" hits="1" branch="false" />
            <line number="161" hits="1" branch="false" />
            <line number="162" hits="1" branch="false" />
            <line number="163" hits="1" branch="false" />
            <line number="164" hits="2" branch="false" />
            <line number="166" hits="1" branch="false" />
            <line number="167" hits="1" branch="false" />
            <line number="168" hits="1" branch="false" />
            <line number="169" hits="1" branch="false" />
            <line number="170" hits="1" branch="false" />
            <line number="171" hits="1" branch="false" />
            <line number="172" hits="1" branch="false" />
            <line number="173" hits="1" branch="false" />
            <line number="174" hits="1" branch="false" />
            <line number="175" hits="2" branch="false" />
            <line number="177" hits="1" branch="false" />
            <line number="178" hits="1" branch="false" />
            <line number="179" hits="1" branch="false" />
            <line number="180" hits="1" branch="false" />
            <line number="181" hits="1" branch="false" />
            <line number="182" hits="1" branch="false" />
            <line number="183" hits="1" branch="false" />
            <line number="184" hits="1" branch="false" />
            <line number="185" hits="1" branch="false" />
            <line number="186" hits="1" branch="false" />
            <line number="187" hits="1" branch="false" />
            <line number="188" hits="1" branch="false" />
            <line number="189" hits="1" branch="false" />
            <line number="190" hits="1" branch="false" />
            <line number="191" hits="2" branch="false" />
            <line number="193" hits="1" branch="false" />
            <line number="194" hits="1" branch="false" />
            <line number="195" hits="1" branch="false" />
            <line number="196" hits="1" branch="false" />
            <line number="197" hits="1" branch="false" />
            <line number="198" hits="1" branch="false" />
            <line number="199" hits="1" branch="false" />
            <line number="200" hits="1" branch="false" />
            <line number="201" hits="1" branch="false" />
            <line number="202" hits="1" branch="false" />
            <line number="203" hits="1" branch="false" />
            <line number="204" hits="1" branch="false" />
            <line number="205" hits="1" branch="false" />
            <line number="206" hits="1" branch="false" />
            <line number="207" hits="1" branch="false" />
            <line number="208" hits="1" branch="false" />
            <line number="209" hits="1" branch="false" />
            <line number="210" hits="1" branch="false" />
            <line number="211" hits="1" branch="false" />
            <line number="212" hits="1" branch="false" />
            <line number="213" hits="1" branch="false" />
            <line number="214" hits="1" branch="false" />
            <line number="215" hits="1" branch="false" />
            <line number="216" hits="1" branch="false" />
            <line number="217" hits="1" branch="false" />
            <line number="218" hits="1" branch="false" />
            <line number="219" hits="2" branch="false" />
            <line number="221" hits="1" branch="false" />
            <line number="222" hits="1" branch="false" />
            <line number="223" hits="1" branch="false" />
            <line number="224" hits="1" branch="false" />
            <line number="225" hits="1" branch="false" />
            <line number="226" hits="1" branch="false" />
            <line number="227" hits="1" branch="false" />
            <line number="228" hits="1" branch="false" />
            <line number="229" hits="1" branch="false" />
            <line number="230" hits="1" branch="false" />
            <line number="231" hits="1" branch="false" />
            <line number="232" hits="1" branch="false" />
            <line number="233" hits="2" branch="false" />
            <line number="235" hits="1" branch="false" />
            <line number="236" hits="1" branch="false" />
            <line number="237" hits="1" branch="false" />
            <line number="238" hits="1" branch="false" />
            <line number="239" hits="1" branch="false" />
            <line number="240" hits="1" branch="false" />
            <line number="241" hits="1" branch="false" />
            <line number="242" hits="1" branch="false" />
            <line number="243" hits="1" branch="false" />
            <line number="244" hits="1" branch="false" />
            <line number="245" hits="1" branch="false" />
            <line number="246" hits="1" branch="false" />
            <line number="247" hits="1" branch="false" />
            <line number="248" hits="1" branch="false" />
            <line number="249" hits="1" branch="false" />
            <line number="250" hits="1" branch="false" />
            <line number="251" hits="1" branch="false" />
            <line number="252" hits="1" branch="false" />
            <line number="253" hits="1" branch="false" />
            <line number="254" hits="1" branch="false" />
            <line number="255" hits="1" branch="false" />
            <line number="256" hits="1" branch="false" />
            <line number="257" hits="2" branch="false" />
            <line number="259" hits="1" branch="false" />
            <line number="260" hits="1" branch="false" />
            <line number="261" hits="1" branch="false" />
            <line number="262" hits="1" branch="false" />
            <line number="263" hits="1" branch="false" />
            <line number="264" hits="1" branch="false" />
            <line number="265" hits="1" branch="false" />
            <line number="266" hits="1" branch="false" />
            <line number="267" hits="1" branch="false" />
            <line number="268" hits="1" branch="false" />
            <line number="269" hits="1" branch="false" />
            <line number="270" hits="1" branch="false" />
            <line number="271" hits="1" branch="false" />
            <line number="272" hits="1" branch="false" />
            <line number="273" hits="2" branch="false" />
            <line number="276" hits="1" branch="false" />
          </lines>
        </class>
        <class name="TestMagnetron.Models.TiposDocumento" filename="C:\Users\David\Desktop\Magnetron\API\TestMagnetron\TestMagnetron\Models\TiposDocumento.cs" line-rate="0" branch-rate="1" complexity="4">
          <methods>
            <method name="get_Id" signature="()" line-rate="0" branch-rate="1" complexity="1">
              <lines>
                <line number="13" hits="0" branch="false" />
              </lines>
            </method>
            <method name="get_Descripcion" signature="()" line-rate="0" branch-rate="1" complexity="1">
              <lines>
                <line number="14" hits="0" branch="false" />
              </lines>
            </method>
            <method name="get_Personas" signature="()" line-rate="0" branch-rate="1" complexity="1">
              <lines>
                <line number="16" hits="0" branch="false" />
              </lines>
            </method>
            <method name=".ctor" signature="()" line-rate="0" branch-rate="1" complexity="1">
              <lines>
                <line number="8" hits="0" branch="false" />
                <line number="9" hits="0" branch="false" />
                <line number="10" hits="0" branch="false" />
                <line number="11" hits="0" branch="false" />
              </lines>
            </method>
          </methods>
          <lines>
            <line number="8" hits="0" branch="false" />
            <line number="9" hits="0" branch="false" />
            <line number="10" hits="0" branch="false" />
            <line number="11" hits="0" branch="false" />
            <line number="13" hits="0" branch="false" />
            <line number="14" hits="0" branch="false" />
            <line number="16" hits="0" branch="false" />
          </lines>
        </class>
        <class name="TestMagnetron.Models.VistaMargenGananciaPorProducto" filename="C:\Users\David\Desktop\Magnetron\API\TestMagnetron\TestMagnetron\Models\VistaMargenGananciaPorProducto.cs" line-rate="0" branch-rate="1" complexity="3">
          <methods>
            <method name="get_ProdId" signature="()" line-rate="0" branch-rate="1" complexity="1">
              <lines>
                <line number="8" hits="0" branch="false" />
              </lines>
            </method>
            <method name="get_ProdNombre" signature="()" line-rate="0" branch-rate="1" complexity="1">
              <lines>
                <line number="9" hits="0" branch="false" />
              </lines>
            </method>
            <method name="get_MargenGanancia" signature="()" line-rate="0" branch-rate="1" complexity="1">
              <lines>
                <line number="10" hits="0" branch="false" />
              </lines>
            </method>
          </methods>
          <lines>
            <line number="8" hits="0" branch="false" />
            <line number="9" hits="0" branch="false" />
            <line number="10" hits="0" branch="false" />
          </lines>
        </class>
        <class name="TestMagnetron.Models.VistaPersonaProductoMasCaro" filename="C:\Users\David\Desktop\Magnetron\API\TestMagnetron\TestMagnetron\Models\VistaPersonaProductoMasCaro.cs" line-rate="0" branch-rate="1" complexity="6">
          <methods>
            <method name="get_PerId" signature="()" line-rate="0" branch-rate="1" complexity="1">
              <lines>
                <line number="8" hits="0" branch="false" />
              </lines>
            </method>
            <method name="get_Descripcion" signature="()" line-rate="0" branch-rate="1" complexity="1">
              <lines>
                <line number="9" hits="0" branch="false" />
              </lines>
            </method>
            <method name="get_PerDocumento" signature="()" line-rate="0" branch-rate="1" complexity="1">
              <lines>
                <line number="10" hits="0" branch="false" />
              </lines>
            </method>
            <method name="get_Cliente" signature="()" line-rate="0" branch-rate="1" complexity="1">
              <lines>
                <line number="11" hits="0" branch="false" />
              </lines>
            </method>
            <method name="get_Producto" signature="()" line-rate="0" branch-rate="1" complexity="1">
              <lines>
                <line number="12" hits="0" branch="false" />
              </lines>
            </method>
            <method name="get_PrecioProducto" signature="()" line-rate="0" branch-rate="1" complexity="1">
              <lines>
                <line number="13" hits="0" branch="false" />
              </lines>
            </method>
          </methods>
          <lines>
            <line number="8" hits="0" branch="false" />
            <line number="9" hits="0" branch="false" />
            <line number="10" hits="0" branch="false" />
            <line number="11" hits="0" branch="false" />
            <line number="12" hits="0" branch="false" />
            <line number="13" hits="0" branch="false" />
          </lines>
        </class>
        <class name="TestMagnetron.Models.VistaProductosPorCantidadFacturadum" filename="C:\Users\David\Desktop\Magnetron\API\TestMagnetron\TestMagnetron\Models\VistaProductosPorCantidadFacturadum.cs" line-rate="0" branch-rate="1" complexity="3">
          <methods>
            <method name="get_ProdId" signature="()" line-rate="0" branch-rate="1" complexity="1">
              <lines>
                <line number="8" hits="0" branch="false" />
              </lines>
            </method>
            <method name="get_ProdNombre" signature="()" line-rate="0" branch-rate="1" complexity="1">
              <lines>
                <line number="9" hits="0" branch="false" />
              </lines>
            </method>
            <method name="get_CantidadFacturada" signature="()" line-rate="0" branch-rate="1" complexity="1">
              <lines>
                <line number="10" hits="0" branch="false" />
              </lines>
            </method>
          </methods>
          <lines>
            <line number="8" hits="0" branch="false" />
            <line number="9" hits="0" branch="false" />
            <line number="10" hits="0" branch="false" />
          </lines>
        </class>
        <class name="TestMagnetron.Models.VistaTotalFacturado" filename="C:\Users\David\Desktop\Magnetron\API\TestMagnetron\TestMagnetron\Models\VistaTotalFacturado.cs" line-rate="0" branch-rate="1" complexity="5">
          <methods>
            <method name="get_PerId" signature="()" line-rate="0" branch-rate="1" complexity="1">
              <lines>
                <line number="8" hits="0" branch="false" />
              </lines>
            </method>
            <method name="get_Descripcion" signature="()" line-rate="0" branch-rate="1" complexity="1">
              <lines>
                <line number="9" hits="0" branch="false" />
              </lines>
            </method>
            <method name="get_PerDocumento" signature="()" line-rate="0" branch-rate="1" complexity="1">
              <lines>
                <line number="10" hits="0" branch="false" />
              </lines>
            </method>
            <method name="get_Cliente" signature="()" line-rate="0" branch-rate="1" complexity="1">
              <lines>
                <line number="11" hits="0" branch="false" />
              </lines>
            </method>
            <method name="get_TotalFacturado" signature="()" line-rate="0" branch-rate="1" complexity="1">
              <lines>
                <line number="12" hits="0" branch="false" />
              </lines>
            </method>
          </methods>
          <lines>
            <line number="8" hits="0" branch="false" />
            <line number="9" hits="0" branch="false" />
            <line number="10" hits="0" branch="false" />
            <line number="11" hits="0" branch="false" />
            <line number="12" hits="0" branch="false" />
          </lines>
        </class>
        <class name="TestMagnetron.Models.VistaUtilidadPorProducto" filename="C:\Users\David\Desktop\Magnetron\API\TestMagnetron\TestMagnetron\Models\VistaUtilidadPorProducto.cs" line-rate="0" branch-rate="1" complexity="3">
          <methods>
            <method name="get_ProdId" signature="()" line-rate="0" branch-rate="1" complexity="1">
              <lines>
                <line number="8" hits="0" branch="false" />
              </lines>
            </method>
            <method name="get_ProdNombre" signature="()" line-rate="0" branch-rate="1" complexity="1">
              <lines>
                <line number="9" hits="0" branch="false" />
              </lines>
            </method>
            <method name="get_UtilidadGenerada" signature="()" line-rate="0" branch-rate="1" complexity="1">
              <lines>
                <line number="10" hits="0" branch="false" />
              </lines>
            </method>
          </methods>
          <lines>
            <line number="8" hits="0" branch="false" />
            <line number="9" hits="0" branch="false" />
            <line number="10" hits="0" branch="false" />
          </lines>
        </class>
      </classes>
    </package>
  </packages>
</coverage>