TpTrace Verbose: 0 : 18956, 1, 2024/02/24, 18:06:28.733, 8509705496985, vstest.console.dll, Version: 17.6.0-release-20230405-08 Current process architecture: X64
TpTrace Verbose: 0 : 18956, 1, 2024/02/24, 18:06:28.735, 8509705514235, vstest.console.dll, Runtime location: C:\Program Files\dotnet\shared\Microsoft.NETCore.App\7.0.5
TpTrace Verbose: 0 : 18956, 1, 2024/02/24, 18:06:28.738, 8509705547125, vstest.console.dll, ArtifactProcessingPostProcessModeProcessorExecutor.Initialize: ArtifactProcessingMode.Collect
TpTrace Verbose: 0 : 18956, 1, 2024/02/24, 18:06:28.738, 8509705548698, vstest.console.dll, TestSessionCorrelationIdProcessorModeProcessorExecutor.Initialize: TestSessionCorrelationId '30792_bc6a60ef-a902-45c7-a7ec-f2bc7ec928b5'
TpTrace Information: 0 : 18956, 1, 2024/02/24, 18:06:28.747, 8509705631699, vstest.console.dll, FilePatternParser: The given file C:\Users\David\Desktop\Magnetron\API\TestMagnetron\MagnetronUnitTests\bin\Debug\net6.0\fine-code-coverage\build-output\MagnetronUnitTests.dll is a full path.
TpTrace Verbose: 0 : 18956, 1, 2024/02/24, 18:06:28.752, 8509705689441, vstest.console.dll, TestPluginCache.DiscoverTestExtensions: finding test extensions in assemblies ends with: RuntimeProvider.dll TPluginInfo: Microsoft.VisualStudio.TestPlatform.Common.ExtensionFramework.Utilities.TestRuntimePluginInformation TExtension: Microsoft.VisualStudio.TestPlatform.ObjectModel.Host.ITestRuntimeProvider
TpTrace Verbose: 0 : 18956, 1, 2024/02/24, 18:06:28.753, 8509705693139, vstest.console.dll, TestPluginCache.GetExtensionPaths: Filtered extension paths: 
TpTrace Verbose: 0 : 18956, 1, 2024/02/24, 18:06:28.753, 8509705693902, vstest.console.dll, TestPluginCache.GetExtensionPaths: Added default extension paths: C:\Program Files\dotnet\sdk\7.0.302\Extensions\Microsoft.Diagnostics.NETCore.Client.dll
C:\Program Files\dotnet\sdk\7.0.302\Extensions\Microsoft.TestPlatform.Extensions.BlameDataCollector.dll
C:\Program Files\dotnet\sdk\7.0.302\Extensions\Microsoft.TestPlatform.Extensions.EventLogCollector.dll
C:\Program Files\dotnet\sdk\7.0.302\Extensions\Microsoft.TestPlatform.TestHostRuntimeProvider.dll
C:\Program Files\dotnet\sdk\7.0.302\Extensions\Microsoft.VisualStudio.TestPlatform.Extensions.Html.TestLogger.dll
C:\Program Files\dotnet\sdk\7.0.302\Extensions\Microsoft.VisualStudio.TestPlatform.Extensions.Trx.TestLogger.dll
TpTrace Verbose: 0 : 18956, 1, 2024/02/24, 18:06:28.753, 8509705694253, vstest.console.dll, TestPluginCache.GetExtensionPaths: Added unfilterableExtensionPaths: 
TpTrace Information: 0 : 18956, 1, 2024/02/24, 18:06:28.754, 8509705700856, vstest.console.dll, AssemblyResolver.ctor: Creating AssemblyResolver with searchDirectories C:\Program Files\dotnet\sdk\7.0.302\Extensions,C:\Program Files\dotnet\sdk\7.0.302
TpTrace Verbose: 0 : 18956, 1, 2024/02/24, 18:06:28.755, 8509705711620, vstest.console.dll, TestPluginCache.DiscoverTestExtensions: Discovering the extensions using extension path.
TpTrace Verbose: 0 : 18956, 1, 2024/02/24, 18:06:28.755, 8509705712782, vstest.console.dll, TestPluginCache.GetExtensionPaths: Filtered extension paths: 
TpTrace Verbose: 0 : 18956, 1, 2024/02/24, 18:06:28.755, 8509705713177, vstest.console.dll, TestPluginCache.GetExtensionPaths: Added default extension paths: C:\Program Files\dotnet\sdk\7.0.302\Extensions\Microsoft.Diagnostics.NETCore.Client.dll
C:\Program Files\dotnet\sdk\7.0.302\Extensions\Microsoft.TestPlatform.Extensions.BlameDataCollector.dll
C:\Program Files\dotnet\sdk\7.0.302\Extensions\Microsoft.TestPlatform.Extensions.EventLogCollector.dll
C:\Program Files\dotnet\sdk\7.0.302\Extensions\Microsoft.TestPlatform.TestHostRuntimeProvider.dll
C:\Program Files\dotnet\sdk\7.0.302\Extensions\Microsoft.VisualStudio.TestPlatform.Extensions.Html.TestLogger.dll
C:\Program Files\dotnet\sdk\7.0.302\Extensions\Microsoft.VisualStudio.TestPlatform.Extensions.Trx.TestLogger.dll
TpTrace Verbose: 0 : 18956, 1, 2024/02/24, 18:06:28.755, 8509705713487, vstest.console.dll, TestPluginCache.GetExtensionPaths: Added unfilterableExtensionPaths: 
TpTrace Verbose: 0 : 18956, 1, 2024/02/24, 18:06:28.755, 8509705714269, vstest.console.dll, TestPluginCache.DiscoverTestExtensions: Discovering the extensions using allExtensionPaths: C:\Program Files\dotnet\sdk\7.0.302\Extensions\Microsoft.Diagnostics.NETCore.Client.dll
C:\Program Files\dotnet\sdk\7.0.302\Extensions\Microsoft.TestPlatform.Extensions.BlameDataCollector.dll
C:\Program Files\dotnet\sdk\7.0.302\Extensions\Microsoft.TestPlatform.Extensions.EventLogCollector.dll
C:\Program Files\dotnet\sdk\7.0.302\Extensions\Microsoft.TestPlatform.TestHostRuntimeProvider.dll
C:\Program Files\dotnet\sdk\7.0.302\Extensions\Microsoft.VisualStudio.TestPlatform.Extensions.Html.TestLogger.dll
C:\Program Files\dotnet\sdk\7.0.302\Extensions\Microsoft.VisualStudio.TestPlatform.Extensions.Trx.TestLogger.dll
TpTrace Information: 0 : 18956, 1, 2024/02/24, 18:06:28.755, 8509705716325, vstest.console.dll, AssemblyResolver.AddSearchDirectories: Adding more searchDirectories C:\Program Files\dotnet\sdk\7.0.302\Extensions,C:\Program Files\dotnet\sdk\7.0.302
TpTrace Information: 0 : 18956, 1, 2024/02/24, 18:06:28.755, 8509705717071, vstest.console.dll, AssemblyResolver.AddSearchDirectories: Adding more searchDirectories C:\Program Files\dotnet\sdk\7.0.302\Extensions,C:\Program Files\dotnet\sdk\7.0.302
TpTrace Information: 0 : 18956, 1, 2024/02/24, 18:06:28.755, 8509705717412, vstest.console.dll, AssemblyResolver.AddSearchDirectories: Adding more searchDirectories C:\Program Files\dotnet\sdk\7.0.302\Extensions,C:\Program Files\dotnet\sdk\7.0.302
TpTrace Information: 0 : 18956, 1, 2024/02/24, 18:06:28.755, 8509705717752, vstest.console.dll, AssemblyResolver.AddSearchDirectories: Adding more searchDirectories C:\Program Files\dotnet\sdk\7.0.302\Extensions,C:\Program Files\dotnet\sdk\7.0.302
TpTrace Information: 0 : 18956, 1, 2024/02/24, 18:06:28.755, 8509705718006, vstest.console.dll, AssemblyResolver.AddSearchDirectories: Adding more searchDirectories C:\Program Files\dotnet\sdk\7.0.302\Extensions,C:\Program Files\dotnet\sdk\7.0.302
TpTrace Information: 0 : 18956, 1, 2024/02/24, 18:06:28.755, 8509705718253, vstest.console.dll, AssemblyResolver.AddSearchDirectories: Adding more searchDirectories C:\Program Files\dotnet\sdk\7.0.302\Extensions,C:\Program Files\dotnet\sdk\7.0.302
TpTrace Information: 0 : 18956, 1, 2024/02/24, 18:06:28.756, 8509705723067, vstest.console.dll, AssemblyResolver.OnResolve: Microsoft.Diagnostics.NETCore.Client: Resolving assembly.
TpTrace Information: 0 : 18956, 1, 2024/02/24, 18:06:28.756, 8509705724246, vstest.console.dll, AssemblyResolver.OnResolve: Microsoft.Diagnostics.NETCore.Client: Searching in: 'C:\Program Files\dotnet\sdk\7.0.302\Extensions'.
TpTrace Information: 0 : 18956, 1, 2024/02/24, 18:06:28.763, 8509705795719, vstest.console.dll, AssemblyResolver.OnResolve: Microsoft.Diagnostics.NETCore.Client: Loading assembly 'C:\Program Files\dotnet\sdk\7.0.302\Extensions\Microsoft.Diagnostics.NETCore.Client.dll'.
TpTrace Information: 0 : 18956, 1, 2024/02/24, 18:06:28.764, 8509705803988, vstest.console.dll, AssemblyResolver.OnResolve: Resolved assembly: Microsoft.Diagnostics.NETCore.Client, from path: C:\Program Files\dotnet\sdk\7.0.302\Extensions\Microsoft.Diagnostics.NETCore.Client.dll
TpTrace Verbose: 0 : 18956, 1, 2024/02/24, 18:06:28.765, 8509705815495, vstest.console.dll, MetadataReaderExtensionsHelper: Discovering extensions inside assembly 'Microsoft.Diagnostics.NETCore.Client, Version=0.2.6.42401, Culture=neutral, PublicKeyToken=31bf3856ad364e35' file path 'C:\Program Files\dotnet\sdk\7.0.302\Extensions\Microsoft.Diagnostics.NETCore.Client.dll'
TpTrace Information: 0 : 18956, 1, 2024/02/24, 18:06:28.770, 8509705859796, vstest.console.dll, AssemblyResolver.OnResolve: Microsoft.Bcl.AsyncInterfaces: Resolving assembly.
TpTrace Information: 0 : 18956, 1, 2024/02/24, 18:06:28.770, 8509705860936, vstest.console.dll, AssemblyResolver.OnResolve: Microsoft.Bcl.AsyncInterfaces: Searching in: 'C:\Program Files\dotnet\sdk\7.0.302\Extensions'.
TpTrace Information: 0 : 18956, 1, 2024/02/24, 18:06:28.770, 8509705861747, vstest.console.dll, AssemblyResolver.OnResolve: Microsoft.Bcl.AsyncInterfaces: Assembly path does not exist: 'C:\Program Files\dotnet\sdk\7.0.302\Extensions\Microsoft.Bcl.AsyncInterfaces.dll', returning.
TpTrace Information: 0 : 18956, 1, 2024/02/24, 18:06:28.770, 8509705862835, vstest.console.dll, AssemblyResolver.OnResolve: Microsoft.Bcl.AsyncInterfaces: Assembly path does not exist: 'C:\Program Files\dotnet\sdk\7.0.302\Extensions\Microsoft.Bcl.AsyncInterfaces.exe', returning.
TpTrace Information: 0 : 18956, 1, 2024/02/24, 18:06:28.770, 8509705863296, vstest.console.dll, AssemblyResolver.OnResolve: Microsoft.Bcl.AsyncInterfaces: Searching in: 'C:\Program Files\dotnet\sdk\7.0.302'.
TpTrace Information: 0 : 18956, 1, 2024/02/24, 18:06:28.770, 8509705863896, vstest.console.dll, AssemblyResolver.OnResolve: Microsoft.Bcl.AsyncInterfaces: Assembly path does not exist: 'C:\Program Files\dotnet\sdk\7.0.302\Microsoft.Bcl.AsyncInterfaces.dll', returning.
TpTrace Information: 0 : 18956, 1, 2024/02/24, 18:06:28.770, 8509705864527, vstest.console.dll, AssemblyResolver.OnResolve: Microsoft.Bcl.AsyncInterfaces: Assembly path does not exist: 'C:\Program Files\dotnet\sdk\7.0.302\Microsoft.Bcl.AsyncInterfaces.exe', returning.
TpTrace Information: 0 : 18956, 1, 2024/02/24, 18:06:28.770, 8509705864851, vstest.console.dll, AssemblyResolver.OnResolve: Microsoft.Bcl.AsyncInterfaces: Failed to load assembly.
TpTrace Verbose: 0 : 18956, 1, 2024/02/24, 18:06:28.770, 8509705865219, vstest.console.dll, CurrentDomainAssemblyResolve: Resolving assembly 'Microsoft.Bcl.AsyncInterfaces'.
TpTrace Information: 0 : 18956, 1, 2024/02/24, 18:06:28.770, 8509705865746, vstest.console.dll, AssemblyResolver.OnResolve: Microsoft.Bcl.AsyncInterfaces: Resolving assembly.
TpTrace Information: 0 : 18956, 1, 2024/02/24, 18:06:28.770, 8509705866091, vstest.console.dll, AssemblyResolver.OnResolve: Microsoft.Bcl.AsyncInterfaces: Resolved from cache.
TpTrace Verbose: 0 : 18956, 1, 2024/02/24, 18:06:28.770, 8509705866461, vstest.console.dll, CurrentDomainAssemblyResolve: Resolving assembly 'Microsoft.Bcl.AsyncInterfaces'.
TpTrace Verbose: 0 : 18956, 1, 2024/02/24, 18:06:28.770, 8509705866774, vstest.console.dll, CurrentDomainAssemblyResolve: Failed to resolve assembly 'Microsoft.Bcl.AsyncInterfaces'.
TpTrace Verbose: 0 : 18956, 1, 2024/02/24, 18:06:28.771, 8509705873260, vstest.console.dll, CurrentDomainAssemblyResolve: Failed to resolve assembly 'Microsoft.Bcl.AsyncInterfaces'.
TpTrace Warning: 0 : 18956, 1, 2024/02/24, 18:06:28.778, 8509705942847, vstest.console.dll, TestPluginDiscoverer: Failed to get types from assembly 'Microsoft.Diagnostics.NETCore.Client, Version=0.2.6.42401, Culture=neutral, PublicKeyToken=31bf3856ad364e35'. Error: System.Reflection.ReflectionTypeLoadException: Unable to load one or more of the requested types.
Could not load file or assembly 'Microsoft.Bcl.AsyncInterfaces, Version=1.0.0.0, Culture=neutral, PublicKeyToken=cc7b13ffcd2ddd51'. The system cannot find the file specified.
   at System.Reflection.RuntimeModule.GetTypes(RuntimeModule module)
   at System.Reflection.Assembly.GetTypes()
   at Microsoft.VisualStudio.TestPlatform.Common.ExtensionFramework.TestPluginDiscoverer.GetTestExtensionsFromAssembly[TPluginInfo,TExtension](Assembly assembly, Dictionary`2 pluginInfos, String filePath)
System.IO.FileNotFoundException: Could not load file or assembly 'Microsoft.Bcl.AsyncInterfaces, Version=1.0.0.0, Culture=neutral, PublicKeyToken=cc7b13ffcd2ddd51'. The system cannot find the file specified.
File name: 'Microsoft.Bcl.AsyncInterfaces, Version=1.0.0.0, Culture=neutral, PublicKeyToken=cc7b13ffcd2ddd51'
 ---> System.IO.FileNotFoundException: Could not load file or assembly 'Microsoft.Bcl.AsyncInterfaces, Culture=neutral, PublicKeyToken=null'. The system cannot find the file specified.
File name: 'Microsoft.Bcl.AsyncInterfaces, Culture=neutral, PublicKeyToken=null'
   at System.Reflection.RuntimeAssembly.InternalLoad(AssemblyName assemblyName, StackCrawlMark& stackMark, AssemblyLoadContext assemblyLoadContext, RuntimeAssembly requestingAssembly, Boolean throwOnFileNotFound)
   at System.Reflection.Assembly.Load(AssemblyName assemblyRef)
   at Microsoft.VisualStudio.TestPlatform.Common.ExtensionFramework.TestPluginCache.CurrentDomainAssemblyResolve(Object sender, AssemblyResolveEventArgs args)
   at System.Runtime.Loader.AssemblyLoadContext.GetFirstResolvedAssemblyFromResolvingEvent(AssemblyName assemblyName)
   at System.Runtime.Loader.AssemblyLoadContext.ResolveUsingEvent(AssemblyName assemblyName)
   at System.Runtime.Loader.AssemblyLoadContext.ResolveUsingResolvingEvent(IntPtr gchManagedAssemblyLoadContext, AssemblyName assemblyName)
TpTrace Warning: 0 : 18956, 1, 2024/02/24, 18:06:28.778, 8509705947113, vstest.console.dll, LoaderExceptions: System.IO.FileNotFoundException: Could not load file or assembly 'Microsoft.Bcl.AsyncInterfaces, Version=1.0.0.0, Culture=neutral, PublicKeyToken=cc7b13ffcd2ddd51'. The system cannot find the file specified.
File name: 'Microsoft.Bcl.AsyncInterfaces, Version=1.0.0.0, Culture=neutral, PublicKeyToken=cc7b13ffcd2ddd51'
 ---> System.IO.FileNotFoundException: Could not load file or assembly 'Microsoft.Bcl.AsyncInterfaces, Culture=neutral, PublicKeyToken=null'. The system cannot find the file specified.
File name: 'Microsoft.Bcl.AsyncInterfaces, Culture=neutral, PublicKeyToken=null'
   at System.Reflection.RuntimeAssembly.InternalLoad(AssemblyName assemblyName, StackCrawlMark& stackMark, AssemblyLoadContext assemblyLoadContext, RuntimeAssembly requestingAssembly, Boolean throwOnFileNotFound)
   at System.Reflection.Assembly.Load(AssemblyName assemblyRef)
   at Microsoft.VisualStudio.TestPlatform.Common.ExtensionFramework.TestPluginCache.CurrentDomainAssemblyResolve(Object sender, AssemblyResolveEventArgs args)
   at System.Runtime.Loader.AssemblyLoadContext.GetFirstResolvedAssemblyFromResolvingEvent(AssemblyName assemblyName)
   at System.Runtime.Loader.AssemblyLoadContext.ResolveUsingEvent(AssemblyName assemblyName)
   at System.Runtime.Loader.AssemblyLoadContext.ResolveUsingResolvingEvent(IntPtr gchManagedAssemblyLoadContext, AssemblyName assemblyName)
TpTrace Information: 0 : 18956, 1, 2024/02/24, 18:06:28.778, 8509705949201, vstest.console.dll, AssemblyResolver.OnResolve: Microsoft.TestPlatform.Extensions.BlameDataCollector: Resolving assembly.
TpTrace Information: 0 : 18956, 1, 2024/02/24, 18:06:28.779, 8509705949946, vstest.console.dll, AssemblyResolver.OnResolve: Microsoft.TestPlatform.Extensions.BlameDataCollector: Searching in: 'C:\Program Files\dotnet\sdk\7.0.302\Extensions'.
TpTrace Information: 0 : 18956, 1, 2024/02/24, 18:06:28.779, 8509705957198, vstest.console.dll, AssemblyResolver.OnResolve: Microsoft.TestPlatform.Extensions.BlameDataCollector: Loading assembly 'C:\Program Files\dotnet\sdk\7.0.302\Extensions\Microsoft.TestPlatform.Extensions.BlameDataCollector.dll'.
TpTrace Information: 0 : 18956, 1, 2024/02/24, 18:06:28.780, 8509705964504, vstest.console.dll, AssemblyResolver.OnResolve: Resolved assembly: Microsoft.TestPlatform.Extensions.BlameDataCollector, from path: C:\Program Files\dotnet\sdk\7.0.302\Extensions\Microsoft.TestPlatform.Extensions.BlameDataCollector.dll
TpTrace Verbose: 0 : 18956, 1, 2024/02/24, 18:06:28.780, 8509705965415, vstest.console.dll, MetadataReaderExtensionsHelper: Discovering extensions inside assembly 'Microsoft.TestPlatform.Extensions.BlameDataCollector, Version=15.0.0.0, Culture=neutral, PublicKeyToken=b03f5f7f11d50a3a' file path 'C:\Program Files\dotnet\sdk\7.0.302\Extensions\Microsoft.TestPlatform.Extensions.BlameDataCollector.dll'
TpTrace Information: 0 : 18956, 1, 2024/02/24, 18:06:28.782, 8509705982299, vstest.console.dll, AssemblyResolver.OnResolve: Microsoft.TestPlatform.Extensions.EventLogCollector: Resolving assembly.
TpTrace Information: 0 : 18956, 1, 2024/02/24, 18:06:28.782, 8509705983176, vstest.console.dll, AssemblyResolver.OnResolve: Microsoft.TestPlatform.Extensions.EventLogCollector: Searching in: 'C:\Program Files\dotnet\sdk\7.0.302\Extensions'.
TpTrace Information: 0 : 18956, 1, 2024/02/24, 18:06:28.782, 8509705988792, vstest.console.dll, AssemblyResolver.OnResolve: Microsoft.TestPlatform.Extensions.EventLogCollector: Loading assembly 'C:\Program Files\dotnet\sdk\7.0.302\Extensions\Microsoft.TestPlatform.Extensions.EventLogCollector.dll'.
TpTrace Information: 0 : 18956, 1, 2024/02/24, 18:06:28.783, 8509705994929, vstest.console.dll, AssemblyResolver.OnResolve: Resolved assembly: Microsoft.TestPlatform.Extensions.EventLogCollector, from path: C:\Program Files\dotnet\sdk\7.0.302\Extensions\Microsoft.TestPlatform.Extensions.EventLogCollector.dll
TpTrace Verbose: 0 : 18956, 1, 2024/02/24, 18:06:28.783, 8509705995654, vstest.console.dll, MetadataReaderExtensionsHelper: Discovering extensions inside assembly 'Microsoft.TestPlatform.Extensions.EventLogCollector, Version=15.0.0.0, Culture=neutral, PublicKeyToken=b03f5f7f11d50a3a' file path 'C:\Program Files\dotnet\sdk\7.0.302\Extensions\Microsoft.TestPlatform.Extensions.EventLogCollector.dll'
TpTrace Information: 0 : 18956, 1, 2024/02/24, 18:06:28.786, 8509706021453, vstest.console.dll, AssemblyResolver.OnResolve: Microsoft.TestPlatform.TestHostRuntimeProvider: Resolving assembly.
TpTrace Information: 0 : 18956, 1, 2024/02/24, 18:06:28.786, 8509706022363, vstest.console.dll, AssemblyResolver.OnResolve: Microsoft.TestPlatform.TestHostRuntimeProvider: Searching in: 'C:\Program Files\dotnet\sdk\7.0.302\Extensions'.
TpTrace Information: 0 : 18956, 1, 2024/02/24, 18:06:28.786, 8509706028138, vstest.console.dll, AssemblyResolver.OnResolve: Microsoft.TestPlatform.TestHostRuntimeProvider: Loading assembly 'C:\Program Files\dotnet\sdk\7.0.302\Extensions\Microsoft.TestPlatform.TestHostRuntimeProvider.dll'.
TpTrace Information: 0 : 18956, 1, 2024/02/24, 18:06:28.787, 8509706034327, vstest.console.dll, AssemblyResolver.OnResolve: Resolved assembly: Microsoft.TestPlatform.TestHostRuntimeProvider, from path: C:\Program Files\dotnet\sdk\7.0.302\Extensions\Microsoft.TestPlatform.TestHostRuntimeProvider.dll
TpTrace Verbose: 0 : 18956, 1, 2024/02/24, 18:06:28.787, 8509706035010, vstest.console.dll, MetadataReaderExtensionsHelper: Discovering extensions inside assembly 'Microsoft.TestPlatform.TestHostRuntimeProvider, Version=15.0.0.0, Culture=neutral, PublicKeyToken=b03f5f7f11d50a3a' file path 'C:\Program Files\dotnet\sdk\7.0.302\Extensions\Microsoft.TestPlatform.TestHostRuntimeProvider.dll'
TpTrace Information: 0 : 18956, 1, 2024/02/24, 18:06:28.789, 8509706057310, vstest.console.dll, GetTestExtensionFromType: Register extension with identifier data 'HostProvider://DefaultTestHost' and type 'Microsoft.VisualStudio.TestPlatform.CrossPlatEngine.Hosting.DefaultTestHostManager, Microsoft.TestPlatform.TestHostRuntimeProvider, Version=15.0.0.0, Culture=neutral, PublicKeyToken=b03f5f7f11d50a3a' inside file 'C:\Program Files\dotnet\sdk\7.0.302\Extensions\Microsoft.TestPlatform.TestHostRuntimeProvider.dll'
TpTrace Information: 0 : 18956, 1, 2024/02/24, 18:06:28.790, 8509706060836, vstest.console.dll, GetTestExtensionFromType: Register extension with identifier data 'HostProvider://DotnetTestHost' and type 'Microsoft.VisualStudio.TestPlatform.CrossPlatEngine.Hosting.DotnetTestHostManager, Microsoft.TestPlatform.TestHostRuntimeProvider, Version=15.0.0.0, Culture=neutral, PublicKeyToken=b03f5f7f11d50a3a' inside file 'C:\Program Files\dotnet\sdk\7.0.302\Extensions\Microsoft.TestPlatform.TestHostRuntimeProvider.dll'
TpTrace Information: 0 : 18956, 1, 2024/02/24, 18:06:28.790, 8509706061827, vstest.console.dll, AssemblyResolver.OnResolve: Microsoft.VisualStudio.TestPlatform.Extensions.Html.TestLogger: Resolving assembly.
TpTrace Information: 0 : 18956, 1, 2024/02/24, 18:06:28.790, 8509706062348, vstest.console.dll, AssemblyResolver.OnResolve: Microsoft.VisualStudio.TestPlatform.Extensions.Html.TestLogger: Searching in: 'C:\Program Files\dotnet\sdk\7.0.302\Extensions'.
TpTrace Information: 0 : 18956, 1, 2024/02/24, 18:06:28.790, 8509706069244, vstest.console.dll, AssemblyResolver.OnResolve: Microsoft.VisualStudio.TestPlatform.Extensions.Html.TestLogger: Loading assembly 'C:\Program Files\dotnet\sdk\7.0.302\Extensions\Microsoft.VisualStudio.TestPlatform.Extensions.Html.TestLogger.dll'.
TpTrace Information: 0 : 18956, 1, 2024/02/24, 18:06:28.791, 8509706075782, vstest.console.dll, AssemblyResolver.OnResolve: Resolved assembly: Microsoft.VisualStudio.TestPlatform.Extensions.Html.TestLogger, from path: C:\Program Files\dotnet\sdk\7.0.302\Extensions\Microsoft.VisualStudio.TestPlatform.Extensions.Html.TestLogger.dll
TpTrace Verbose: 0 : 18956, 1, 2024/02/24, 18:06:28.791, 8509706076639, vstest.console.dll, MetadataReaderExtensionsHelper: Discovering extensions inside assembly 'Microsoft.VisualStudio.TestPlatform.Extensions.Html.TestLogger, Version=15.0.0.0, Culture=neutral, PublicKeyToken=b03f5f7f11d50a3a' file path 'C:\Program Files\dotnet\sdk\7.0.302\Extensions\Microsoft.VisualStudio.TestPlatform.Extensions.Html.TestLogger.dll'
TpTrace Information: 0 : 18956, 1, 2024/02/24, 18:06:28.792, 8509706087999, vstest.console.dll, AssemblyResolver.OnResolve: Microsoft.VisualStudio.TestPlatform.Extensions.Trx.TestLogger: Resolving assembly.
TpTrace Information: 0 : 18956, 1, 2024/02/24, 18:06:28.792, 8509706088974, vstest.console.dll, AssemblyResolver.OnResolve: Microsoft.VisualStudio.TestPlatform.Extensions.Trx.TestLogger: Searching in: 'C:\Program Files\dotnet\sdk\7.0.302\Extensions'.
TpTrace Information: 0 : 18956, 1, 2024/02/24, 18:06:28.793, 8509706095002, vstest.console.dll, AssemblyResolver.OnResolve: Microsoft.VisualStudio.TestPlatform.Extensions.Trx.TestLogger: Loading assembly 'C:\Program Files\dotnet\sdk\7.0.302\Extensions\Microsoft.VisualStudio.TestPlatform.Extensions.Trx.TestLogger.dll'.
TpTrace Information: 0 : 18956, 1, 2024/02/24, 18:06:28.794, 8509706103044, vstest.console.dll, AssemblyResolver.OnResolve: Resolved assembly: Microsoft.VisualStudio.TestPlatform.Extensions.Trx.TestLogger, from path: C:\Program Files\dotnet\sdk\7.0.302\Extensions\Microsoft.VisualStudio.TestPlatform.Extensions.Trx.TestLogger.dll
TpTrace Verbose: 0 : 18956, 1, 2024/02/24, 18:06:28.794, 8509706104126, vstest.console.dll, MetadataReaderExtensionsHelper: Discovering extensions inside assembly 'Microsoft.VisualStudio.TestPlatform.Extensions.Trx.TestLogger, Version=15.0.0.0, Culture=neutral, PublicKeyToken=b03f5f7f11d50a3a' file path 'C:\Program Files\dotnet\sdk\7.0.302\Extensions\Microsoft.VisualStudio.TestPlatform.Extensions.Trx.TestLogger.dll'
TpTrace Verbose: 0 : 18956, 1, 2024/02/24, 18:06:28.796, 8509706122734, vstest.console.dll, TestPluginCache: Discovered the extensions using extension path ''.
TpTrace Verbose: 0 : 18956, 1, 2024/02/24, 18:06:28.796, 8509706123644, vstest.console.dll, TestPluginCache: Discoverers are ''.
TpTrace Verbose: 0 : 18956, 1, 2024/02/24, 18:06:28.796, 8509706123906, vstest.console.dll, TestPluginCache: Executors are ''.
TpTrace Verbose: 0 : 18956, 1, 2024/02/24, 18:06:28.796, 8509706124113, vstest.console.dll, TestPluginCache: Executors2 are ''.
TpTrace Verbose: 0 : 18956, 1, 2024/02/24, 18:06:28.796, 8509706124312, vstest.console.dll, TestPluginCache: Setting providers are ''.
TpTrace Verbose: 0 : 18956, 1, 2024/02/24, 18:06:28.796, 8509706124506, vstest.console.dll, TestPluginCache: Loggers are ''.
TpTrace Verbose: 0 : 18956, 1, 2024/02/24, 18:06:28.796, 8509706125849, vstest.console.dll, TestPluginCache: TestHosts are 'HostProvider://DefaultTestHost,HostProvider://DotnetTestHost'.
TpTrace Verbose: 0 : 18956, 1, 2024/02/24, 18:06:28.796, 8509706126208, vstest.console.dll, TestPluginCache: DataCollectors are ''.
TpTrace Information: 0 : 18956, 1, 2024/02/24, 18:06:28.807, 8509706235029, vstest.console.dll, RunTestsArgumentProcessor:Execute: Test run is starting.
TpTrace Verbose: 0 : 18956, 1, 2024/02/24, 18:06:28.807, 8509706235965, vstest.console.dll, RunTestsArgumentProcessor:Execute: Queuing Test run.
TpTrace Information: 0 : 18956, 1, 2024/02/24, 18:06:28.807, 8509706238250, vstest.console.dll, TestRequestManager.RunTests: run tests started.
TpTrace Information: 0 : 18956, 1, 2024/02/24, 18:06:28.809, 8509706250500, vstest.console.dll, AssemblyMetadataProvider.GetFrameworkName: Determined framework:'.NETCoreApp,Version=v6.0' for source: 'C:\Users\David\Desktop\Magnetron\API\TestMagnetron\MagnetronUnitTests\bin\Debug\net6.0\fine-code-coverage\build-output\MagnetronUnitTests.dll'
TpTrace Information: 0 : 18956, 1, 2024/02/24, 18:06:28.809, 8509706252928, vstest.console.dll, Determined framework for all sources: .NETCoreApp,Version=v6.0
TpTrace Verbose: 0 : 18956, 1, 2024/02/24, 18:06:28.809, 8509706257035, vstest.console.dll, TestRequestManager.UpdateRunSettingsIfRequired: Default architecture: X64 IsDefaultTargetArchitecture: True, Current process architecture: X64 OperatingSystem: Windows.
TpTrace Information: 0 : 18956, 1, 2024/02/24, 18:06:28.811, 8509706275151, vstest.console.dll, AssemblyMetadataProvider.GetArchitecture: Determined architecture:AnyCPU info for assembly: C:\Users\David\Desktop\Magnetron\API\TestMagnetron\MagnetronUnitTests\bin\Debug\net6.0\fine-code-coverage\build-output\MagnetronUnitTests.dll
TpTrace Information: 0 : 18956, 1, 2024/02/24, 18:06:28.811, 8509706276018, vstest.console.dll, Determined platform for source 'C:\Users\David\Desktop\Magnetron\API\TestMagnetron\MagnetronUnitTests\bin\Debug\net6.0\fine-code-coverage\build-output\MagnetronUnitTests.dll' was AnyCPU and it will use the default plaform X64.
TpTrace Information: 0 : 18956, 1, 2024/02/24, 18:06:28.811, 8509706276332, vstest.console.dll, None of the sources provided any runnable platform, using the default platform: X64
TpTrace Information: 0 : 18956, 1, 2024/02/24, 18:06:28.811, 8509706277630, vstest.console.dll, Platform was updated to 'X64'.
TpTrace Information: 0 : 18956, 1, 2024/02/24, 18:06:28.815, 8509706311715, vstest.console.dll, InferRunSettingsHelper.IsTestSettingsEnabled: Unable to navigate to RunSettings/MSTest. Current node: RunSettings
TpTrace Information: 0 : 18956, 1, 2024/02/24, 18:06:28.815, 8509706317910, vstest.console.dll, AssemblyResolver.OnResolve: Microsoft.VisualStudio.TestPlatform.Fakes: Resolving assembly.
TpTrace Information: 0 : 18956, 1, 2024/02/24, 18:06:28.815, 8509706318615, vstest.console.dll, AssemblyResolver.OnResolve: Microsoft.VisualStudio.TestPlatform.Fakes: Searching in: 'C:\Program Files\dotnet\sdk\7.0.302\Extensions'.
TpTrace Information: 0 : 18956, 1, 2024/02/24, 18:06:28.815, 8509706319605, vstest.console.dll, AssemblyResolver.OnResolve: Microsoft.VisualStudio.TestPlatform.Fakes: Assembly path does not exist: 'C:\Program Files\dotnet\sdk\7.0.302\Extensions\Microsoft.VisualStudio.TestPlatform.Fakes.dll', returning.
TpTrace Information: 0 : 18956, 1, 2024/02/24, 18:06:28.816, 8509706320423, vstest.console.dll, AssemblyResolver.OnResolve: Microsoft.VisualStudio.TestPlatform.Fakes: Assembly path does not exist: 'C:\Program Files\dotnet\sdk\7.0.302\Extensions\Microsoft.VisualStudio.TestPlatform.Fakes.exe', returning.
TpTrace Information: 0 : 18956, 1, 2024/02/24, 18:06:28.816, 8509706320777, vstest.console.dll, AssemblyResolver.OnResolve: Microsoft.VisualStudio.TestPlatform.Fakes: Searching in: 'C:\Program Files\dotnet\sdk\7.0.302'.
TpTrace Information: 0 : 18956, 1, 2024/02/24, 18:06:28.816, 8509706321416, vstest.console.dll, AssemblyResolver.OnResolve: Microsoft.VisualStudio.TestPlatform.Fakes: Assembly path does not exist: 'C:\Program Files\dotnet\sdk\7.0.302\Microsoft.VisualStudio.TestPlatform.Fakes.dll', returning.
TpTrace Information: 0 : 18956, 1, 2024/02/24, 18:06:28.816, 8509706322084, vstest.console.dll, AssemblyResolver.OnResolve: Microsoft.VisualStudio.TestPlatform.Fakes: Assembly path does not exist: 'C:\Program Files\dotnet\sdk\7.0.302\Microsoft.VisualStudio.TestPlatform.Fakes.exe', returning.
TpTrace Information: 0 : 18956, 1, 2024/02/24, 18:06:28.816, 8509706322413, vstest.console.dll, AssemblyResolver.OnResolve: Microsoft.VisualStudio.TestPlatform.Fakes: Failed to load assembly.
TpTrace Information: 0 : 18956, 1, 2024/02/24, 18:06:28.816, 8509706324840, vstest.console.dll, Failed to load assembly Microsoft.VisualStudio.TestPlatform.Fakes, Version=17.0.0.0, Culture=neutral. Reason:System.IO.FileNotFoundException: Could not load file or assembly 'Microsoft.VisualStudio.TestPlatform.Fakes, Version=17.0.0.0, Culture=neutral, PublicKeyToken=null'. The system cannot find the file specified.
File name: 'Microsoft.VisualStudio.TestPlatform.Fakes, Version=17.0.0.0, Culture=neutral, PublicKeyToken=null'
   at System.Reflection.RuntimeAssembly.InternalLoad(AssemblyName assemblyName, StackCrawlMark& stackMark, AssemblyLoadContext assemblyLoadContext, RuntimeAssembly requestingAssembly, Boolean throwOnFileNotFound)
   at System.Reflection.Assembly.Load(AssemblyName assemblyRef)
   at Microsoft.VisualStudio.TestPlatform.Common.Utilities.FakesUtilities.LoadTestPlatformAssembly()
TpTrace Verbose: 0 : 18956, 1, 2024/02/24, 18:06:28.819, 8509706358935, vstest.console.dll, TestPluginCache.DiscoverTestExtensions: finding test extensions in assemblies ends with: TestLogger.dll TPluginInfo: Microsoft.VisualStudio.TestPlatform.Common.ExtensionFramework.Utilities.TestLoggerPluginInformation TExtension: Microsoft.VisualStudio.TestPlatform.ObjectModel.Client.ITestLogger
TpTrace Verbose: 0 : 18956, 1, 2024/02/24, 18:06:28.820, 8509706360005, vstest.console.dll, TestPluginCache.GetExtensionPaths: Filtered extension paths: 
TpTrace Verbose: 0 : 18956, 1, 2024/02/24, 18:06:28.820, 8509706360344, vstest.console.dll, TestPluginCache.GetExtensionPaths: Added default extension paths: C:\Program Files\dotnet\sdk\7.0.302\Extensions\Microsoft.Diagnostics.NETCore.Client.dll
C:\Program Files\dotnet\sdk\7.0.302\Extensions\Microsoft.TestPlatform.Extensions.BlameDataCollector.dll
C:\Program Files\dotnet\sdk\7.0.302\Extensions\Microsoft.TestPlatform.Extensions.EventLogCollector.dll
C:\Program Files\dotnet\sdk\7.0.302\Extensions\Microsoft.TestPlatform.TestHostRuntimeProvider.dll
C:\Program Files\dotnet\sdk\7.0.302\Extensions\Microsoft.VisualStudio.TestPlatform.Extensions.Html.TestLogger.dll
C:\Program Files\dotnet\sdk\7.0.302\Extensions\Microsoft.VisualStudio.TestPlatform.Extensions.Trx.TestLogger.dll
TpTrace Verbose: 0 : 18956, 1, 2024/02/24, 18:06:28.820, 8509706360771, vstest.console.dll, TestPluginCache.GetExtensionPaths: Added unfilterableExtensionPaths: 
TpTrace Information: 0 : 18956, 1, 2024/02/24, 18:06:28.820, 8509706362057, vstest.console.dll, AssemblyResolver.AddSearchDirectories: Adding more searchDirectories C:\Program Files\dotnet\sdk\7.0.302\Extensions,C:\Program Files\dotnet\sdk\7.0.302
TpTrace Verbose: 0 : 18956, 1, 2024/02/24, 18:06:28.820, 8509706362529, vstest.console.dll, TestPluginCache.DiscoverTestExtensions: Discovering the extensions using extension path.
TpTrace Verbose: 0 : 18956, 1, 2024/02/24, 18:06:28.820, 8509706362832, vstest.console.dll, TestPluginCache.GetExtensionPaths: Filtered extension paths: 
TpTrace Verbose: 0 : 18956, 1, 2024/02/24, 18:06:28.820, 8509706363112, vstest.console.dll, TestPluginCache.GetExtensionPaths: Added default extension paths: C:\Program Files\dotnet\sdk\7.0.302\Extensions\Microsoft.Diagnostics.NETCore.Client.dll
C:\Program Files\dotnet\sdk\7.0.302\Extensions\Microsoft.TestPlatform.Extensions.BlameDataCollector.dll
C:\Program Files\dotnet\sdk\7.0.302\Extensions\Microsoft.TestPlatform.Extensions.EventLogCollector.dll
C:\Program Files\dotnet\sdk\7.0.302\Extensions\Microsoft.TestPlatform.TestHostRuntimeProvider.dll
C:\Program Files\dotnet\sdk\7.0.302\Extensions\Microsoft.VisualStudio.TestPlatform.Extensions.Html.TestLogger.dll
C:\Program Files\dotnet\sdk\7.0.302\Extensions\Microsoft.VisualStudio.TestPlatform.Extensions.Trx.TestLogger.dll
TpTrace Verbose: 0 : 18956, 1, 2024/02/24, 18:06:28.820, 8509706363347, vstest.console.dll, TestPluginCache.GetExtensionPaths: Added unfilterableExtensionPaths: 
TpTrace Verbose: 0 : 18956, 1, 2024/02/24, 18:06:28.820, 8509706363618, vstest.console.dll, TestPluginCache.DiscoverTestExtensions: Discovering the extensions using allExtensionPaths: C:\Program Files\dotnet\sdk\7.0.302\Extensions\Microsoft.Diagnostics.NETCore.Client.dll
C:\Program Files\dotnet\sdk\7.0.302\Extensions\Microsoft.TestPlatform.Extensions.BlameDataCollector.dll
C:\Program Files\dotnet\sdk\7.0.302\Extensions\Microsoft.TestPlatform.Extensions.EventLogCollector.dll
C:\Program Files\dotnet\sdk\7.0.302\Extensions\Microsoft.TestPlatform.TestHostRuntimeProvider.dll
C:\Program Files\dotnet\sdk\7.0.302\Extensions\Microsoft.VisualStudio.TestPlatform.Extensions.Html.TestLogger.dll
C:\Program Files\dotnet\sdk\7.0.302\Extensions\Microsoft.VisualStudio.TestPlatform.Extensions.Trx.TestLogger.dll
TpTrace Information: 0 : 18956, 1, 2024/02/24, 18:06:28.820, 8509706364432, vstest.console.dll, AssemblyResolver.AddSearchDirectories: Adding more searchDirectories C:\Program Files\dotnet\sdk\7.0.302\Extensions,C:\Program Files\dotnet\sdk\7.0.302
TpTrace Information: 0 : 18956, 1, 2024/02/24, 18:06:28.820, 8509706364823, vstest.console.dll, AssemblyResolver.AddSearchDirectories: Adding more searchDirectories C:\Program Files\dotnet\sdk\7.0.302\Extensions,C:\Program Files\dotnet\sdk\7.0.302
TpTrace Information: 0 : 18956, 1, 2024/02/24, 18:06:28.820, 8509706365090, vstest.console.dll, AssemblyResolver.AddSearchDirectories: Adding more searchDirectories C:\Program Files\dotnet\sdk\7.0.302\Extensions,C:\Program Files\dotnet\sdk\7.0.302
TpTrace Information: 0 : 18956, 1, 2024/02/24, 18:06:28.820, 8509706365338, vstest.console.dll, AssemblyResolver.AddSearchDirectories: Adding more searchDirectories C:\Program Files\dotnet\sdk\7.0.302\Extensions,C:\Program Files\dotnet\sdk\7.0.302
TpTrace Information: 0 : 18956, 1, 2024/02/24, 18:06:28.820, 8509706365602, vstest.console.dll, AssemblyResolver.AddSearchDirectories: Adding more searchDirectories C:\Program Files\dotnet\sdk\7.0.302\Extensions,C:\Program Files\dotnet\sdk\7.0.302
TpTrace Information: 0 : 18956, 1, 2024/02/24, 18:06:28.820, 8509706365853, vstest.console.dll, AssemblyResolver.AddSearchDirectories: Adding more searchDirectories C:\Program Files\dotnet\sdk\7.0.302\Extensions,C:\Program Files\dotnet\sdk\7.0.302
TpTrace Verbose: 0 : 18956, 1, 2024/02/24, 18:06:28.820, 8509706366985, vstest.console.dll, MetadataReaderExtensionsHelper: Discovering extensions inside assembly 'Microsoft.Diagnostics.NETCore.Client, Version=0.2.6.42401, Culture=neutral, PublicKeyToken=31bf3856ad364e35' file path 'C:\Program Files\dotnet\sdk\7.0.302\Extensions\Microsoft.Diagnostics.NETCore.Client.dll'
TpTrace Information: 0 : 18956, 1, 2024/02/24, 18:06:28.821, 8509706377417, vstest.console.dll, AssemblyResolver.OnResolve: Microsoft.Bcl.AsyncInterfaces: Resolving assembly.
TpTrace Information: 0 : 18956, 1, 2024/02/24, 18:06:28.821, 8509706378009, vstest.console.dll, AssemblyResolver.OnResolve: Microsoft.Bcl.AsyncInterfaces: Resolved from cache.
TpTrace Verbose: 0 : 18956, 1, 2024/02/24, 18:06:28.821, 8509706378271, vstest.console.dll, CurrentDomainAssemblyResolve: Resolving assembly 'Microsoft.Bcl.AsyncInterfaces'.
TpTrace Information: 0 : 18956, 1, 2024/02/24, 18:06:28.821, 8509706378709, vstest.console.dll, AssemblyResolver.OnResolve: Microsoft.Bcl.AsyncInterfaces: Resolving assembly.
TpTrace Information: 0 : 18956, 1, 2024/02/24, 18:06:28.821, 8509706378955, vstest.console.dll, AssemblyResolver.OnResolve: Microsoft.Bcl.AsyncInterfaces: Resolved from cache.
TpTrace Verbose: 0 : 18956, 1, 2024/02/24, 18:06:28.821, 8509706379169, vstest.console.dll, CurrentDomainAssemblyResolve: Resolving assembly 'Microsoft.Bcl.AsyncInterfaces'.
TpTrace Verbose: 0 : 18956, 1, 2024/02/24, 18:06:28.821, 8509706379378, vstest.console.dll, CurrentDomainAssemblyResolve: Failed to resolve assembly 'Microsoft.Bcl.AsyncInterfaces'.
TpTrace Verbose: 0 : 18956, 1, 2024/02/24, 18:06:28.822, 8509706380932, vstest.console.dll, CurrentDomainAssemblyResolve: Failed to resolve assembly 'Microsoft.Bcl.AsyncInterfaces'.
TpTrace Warning: 0 : 18956, 1, 2024/02/24, 18:06:28.822, 8509706384052, vstest.console.dll, TestPluginDiscoverer: Failed to get types from assembly 'Microsoft.Diagnostics.NETCore.Client, Version=0.2.6.42401, Culture=neutral, PublicKeyToken=31bf3856ad364e35'. Error: System.Reflection.ReflectionTypeLoadException: Unable to load one or more of the requested types.
Could not load file or assembly 'Microsoft.Bcl.AsyncInterfaces, Version=1.0.0.0, Culture=neutral, PublicKeyToken=cc7b13ffcd2ddd51'. The system cannot find the file specified.
   at System.Reflection.RuntimeModule.GetTypes(RuntimeModule module)
   at System.Reflection.Assembly.GetTypes()
   at Microsoft.VisualStudio.TestPlatform.Common.ExtensionFramework.TestPluginDiscoverer.GetTestExtensionsFromAssembly[TPluginInfo,TExtension](Assembly assembly, Dictionary`2 pluginInfos, String filePath)
System.IO.FileNotFoundException: Could not load file or assembly 'Microsoft.Bcl.AsyncInterfaces, Version=1.0.0.0, Culture=neutral, PublicKeyToken=cc7b13ffcd2ddd51'. The system cannot find the file specified.
File name: 'Microsoft.Bcl.AsyncInterfaces, Version=1.0.0.0, Culture=neutral, PublicKeyToken=cc7b13ffcd2ddd51'
 ---> System.IO.FileNotFoundException: Could not load file or assembly 'Microsoft.Bcl.AsyncInterfaces, Culture=neutral, PublicKeyToken=null'. The system cannot find the file specified.
File name: 'Microsoft.Bcl.AsyncInterfaces, Culture=neutral, PublicKeyToken=null'
   at System.Reflection.RuntimeAssembly.InternalLoad(AssemblyName assemblyName, StackCrawlMark& stackMark, AssemblyLoadContext assemblyLoadContext, RuntimeAssembly requestingAssembly, Boolean throwOnFileNotFound)
   at System.Reflection.Assembly.Load(AssemblyName assemblyRef)
   at Microsoft.VisualStudio.TestPlatform.Common.ExtensionFramework.TestPluginCache.CurrentDomainAssemblyResolve(Object sender, AssemblyResolveEventArgs args)
   at System.Runtime.Loader.AssemblyLoadContext.GetFirstResolvedAssemblyFromResolvingEvent(AssemblyName assemblyName)
   at System.Runtime.Loader.AssemblyLoadContext.ResolveUsingEvent(AssemblyName assemblyName)
   at System.Runtime.Loader.AssemblyLoadContext.ResolveUsingResolvingEvent(IntPtr gchManagedAssemblyLoadContext, AssemblyName assemblyName)
TpTrace Warning: 0 : 18956, 1, 2024/02/24, 18:06:28.822, 8509706385422, vstest.console.dll, LoaderExceptions: System.IO.FileNotFoundException: Could not load file or assembly 'Microsoft.Bcl.AsyncInterfaces, Version=1.0.0.0, Culture=neutral, PublicKeyToken=cc7b13ffcd2ddd51'. The system cannot find the file specified.
File name: 'Microsoft.Bcl.AsyncInterfaces, Version=1.0.0.0, Culture=neutral, PublicKeyToken=cc7b13ffcd2ddd51'
 ---> System.IO.FileNotFoundException: Could not load file or assembly 'Microsoft.Bcl.AsyncInterfaces, Culture=neutral, PublicKeyToken=null'. The system cannot find the file specified.
File name: 'Microsoft.Bcl.AsyncInterfaces, Culture=neutral, PublicKeyToken=null'
   at System.Reflection.RuntimeAssembly.InternalLoad(AssemblyName assemblyName, StackCrawlMark& stackMark, AssemblyLoadContext assemblyLoadContext, RuntimeAssembly requestingAssembly, Boolean throwOnFileNotFound)
   at System.Reflection.Assembly.Load(AssemblyName assemblyRef)
   at Microsoft.VisualStudio.TestPlatform.Common.ExtensionFramework.TestPluginCache.CurrentDomainAssemblyResolve(Object sender, AssemblyResolveEventArgs args)
   at System.Runtime.Loader.AssemblyLoadContext.GetFirstResolvedAssemblyFromResolvingEvent(AssemblyName assemblyName)
   at System.Runtime.Loader.AssemblyLoadContext.ResolveUsingEvent(AssemblyName assemblyName)
   at System.Runtime.Loader.AssemblyLoadContext.ResolveUsingResolvingEvent(IntPtr gchManagedAssemblyLoadContext, AssemblyName assemblyName)
TpTrace Verbose: 0 : 18956, 1, 2024/02/24, 18:06:28.822, 8509706386221, vstest.console.dll, MetadataReaderExtensionsHelper: Discovering extensions inside assembly 'Microsoft.TestPlatform.Extensions.BlameDataCollector, Version=15.0.0.0, Culture=neutral, PublicKeyToken=b03f5f7f11d50a3a' file path 'C:\Program Files\dotnet\sdk\7.0.302\Extensions\Microsoft.TestPlatform.Extensions.BlameDataCollector.dll'
TpTrace Information: 0 : 18956, 1, 2024/02/24, 18:06:28.823, 8509706394062, vstest.console.dll, GetTestExtensionFromType: Register extension with identifier data 'logger://Microsoft/TestPlatform/Extensions/Blame/v1' and type 'Microsoft.TestPlatform.Extensions.BlameDataCollector.BlameLogger, Microsoft.TestPlatform.Extensions.BlameDataCollector, Version=15.0.0.0, Culture=neutral, PublicKeyToken=b03f5f7f11d50a3a' inside file 'C:\Program Files\dotnet\sdk\7.0.302\Extensions\Microsoft.TestPlatform.Extensions.BlameDataCollector.dll'
TpTrace Verbose: 0 : 18956, 1, 2024/02/24, 18:06:28.823, 8509706394714, vstest.console.dll, MetadataReaderExtensionsHelper: Discovering extensions inside assembly 'Microsoft.TestPlatform.Extensions.EventLogCollector, Version=15.0.0.0, Culture=neutral, PublicKeyToken=b03f5f7f11d50a3a' file path 'C:\Program Files\dotnet\sdk\7.0.302\Extensions\Microsoft.TestPlatform.Extensions.EventLogCollector.dll'
TpTrace Verbose: 0 : 18956, 1, 2024/02/24, 18:06:28.824, 8509706400856, vstest.console.dll, MetadataReaderExtensionsHelper: Discovering extensions inside assembly 'Microsoft.TestPlatform.TestHostRuntimeProvider, Version=15.0.0.0, Culture=neutral, PublicKeyToken=b03f5f7f11d50a3a' file path 'C:\Program Files\dotnet\sdk\7.0.302\Extensions\Microsoft.TestPlatform.TestHostRuntimeProvider.dll'
TpTrace Verbose: 0 : 18956, 1, 2024/02/24, 18:06:28.824, 8509706406541, vstest.console.dll, MetadataReaderExtensionsHelper: Discovering extensions inside assembly 'Microsoft.VisualStudio.TestPlatform.Extensions.Html.TestLogger, Version=15.0.0.0, Culture=neutral, PublicKeyToken=b03f5f7f11d50a3a' file path 'C:\Program Files\dotnet\sdk\7.0.302\Extensions\Microsoft.VisualStudio.TestPlatform.Extensions.Html.TestLogger.dll'
TpTrace Information: 0 : 18956, 1, 2024/02/24, 18:06:28.825, 8509706414022, vstest.console.dll, GetTestExtensionFromType: Register extension with identifier data 'logger://Microsoft/TestPlatform/HtmlLogger/v1' and type 'Microsoft.VisualStudio.TestPlatform.Extensions.HtmlLogger.HtmlLogger, Microsoft.VisualStudio.TestPlatform.Extensions.Html.TestLogger, Version=15.0.0.0, Culture=neutral, PublicKeyToken=b03f5f7f11d50a3a' inside file 'C:\Program Files\dotnet\sdk\7.0.302\Extensions\Microsoft.VisualStudio.TestPlatform.Extensions.Html.TestLogger.dll'
TpTrace Verbose: 0 : 18956, 1, 2024/02/24, 18:06:28.825, 8509706414707, vstest.console.dll, MetadataReaderExtensionsHelper: Discovering extensions inside assembly 'Microsoft.VisualStudio.TestPlatform.Extensions.Trx.TestLogger, Version=15.0.0.0, Culture=neutral, PublicKeyToken=b03f5f7f11d50a3a' file path 'C:\Program Files\dotnet\sdk\7.0.302\Extensions\Microsoft.VisualStudio.TestPlatform.Extensions.Trx.TestLogger.dll'
TpTrace Information: 0 : 18956, 1, 2024/02/24, 18:06:28.826, 8509706420424, vstest.console.dll, GetTestExtensionFromType: Register extension with identifier data 'logger://Microsoft/TestPlatform/TrxLogger/v1' and type 'Microsoft.VisualStudio.TestPlatform.Extensions.TrxLogger.TrxLogger, Microsoft.VisualStudio.TestPlatform.Extensions.Trx.TestLogger, Version=15.0.0.0, Culture=neutral, PublicKeyToken=b03f5f7f11d50a3a' inside file 'C:\Program Files\dotnet\sdk\7.0.302\Extensions\Microsoft.VisualStudio.TestPlatform.Extensions.Trx.TestLogger.dll'
TpTrace Verbose: 0 : 18956, 1, 2024/02/24, 18:06:28.826, 8509706421512, vstest.console.dll, TestPluginCache: Discovered the extensions using extension path ''.
TpTrace Verbose: 0 : 18956, 1, 2024/02/24, 18:06:28.826, 8509706421843, vstest.console.dll, TestPluginCache: Discoverers are ''.
TpTrace Verbose: 0 : 18956, 1, 2024/02/24, 18:06:28.826, 8509706422063, vstest.console.dll, TestPluginCache: Executors are ''.
TpTrace Verbose: 0 : 18956, 1, 2024/02/24, 18:06:28.826, 8509706422260, vstest.console.dll, TestPluginCache: Executors2 are ''.
TpTrace Verbose: 0 : 18956, 1, 2024/02/24, 18:06:28.826, 8509706422458, vstest.console.dll, TestPluginCache: Setting providers are ''.
TpTrace Verbose: 0 : 18956, 1, 2024/02/24, 18:06:28.826, 8509706423073, vstest.console.dll, TestPluginCache: Loggers are 'logger://Microsoft/TestPlatform/Extensions/Blame/v1,logger://Microsoft/TestPlatform/HtmlLogger/v1,logger://Microsoft/TestPlatform/TrxLogger/v1'.
TpTrace Verbose: 0 : 18956, 1, 2024/02/24, 18:06:28.826, 8509706423507, vstest.console.dll, TestPluginCache: TestHosts are 'HostProvider://DefaultTestHost,HostProvider://DotnetTestHost'.
TpTrace Verbose: 0 : 18956, 1, 2024/02/24, 18:06:28.826, 8509706423740, vstest.console.dll, TestPluginCache: DataCollectors are ''.
TpTrace Information: 0 : 18956, 1, 2024/02/24, 18:06:28.827, 8509706432713, vstest.console.dll, TestPluginManager.CreateTestExtension: Attempting to load test extension: Microsoft.TestPlatform.Extensions.BlameDataCollector.BlameLogger
TpTrace Verbose: 0 : 18956, 1, 2024/02/24, 18:06:28.834, 8509706507829, vstest.console.dll, TestEngine: Initializing Parallel Execution as MaxCpuCount is set to: 1
TpTrace Information: 0 : 18956, 1, 2024/02/24, 18:06:28.836, 8509706524377, vstest.console.dll, TestPluginManager.CreateTestExtension: Attempting to load test extension: Microsoft.VisualStudio.TestPlatform.CrossPlatEngine.Hosting.DefaultTestHostManager
TpTrace Information: 0 : 18956, 1, 2024/02/24, 18:06:28.837, 8509706531683, vstest.console.dll, TestPluginManager.CreateTestExtension: Attempting to load test extension: Microsoft.VisualStudio.TestPlatform.CrossPlatEngine.Hosting.DotnetTestHostManager
TpTrace Information: 0 : 18956, 1, 2024/02/24, 18:06:28.837, 8509706538218, vstest.console.dll, InferRunSettingsHelper.IsTestSettingsEnabled: Unable to navigate to RunSettings/MSTest. Current node: RunSettings
TpTrace Verbose: 0 : 18956, 1, 2024/02/24, 18:06:28.841, 8509706579259, vstest.console.dll, TestEngine.GetExecutionManager: Chosen execution manager 'Microsoft.VisualStudio.TestPlatform.CrossPlatEngine.Client.Parallel.ParallelProxyExecutionManager, Microsoft.TestPlatform.CrossPlatEngine, Version=15.0.0.0, Culture=neutral, PublicKeyToken=b03f5f7f11d50a3a' ParallelLevel '1'.
TpTrace Verbose: 0 : 18956, 1, 2024/02/24, 18:06:28.842, 8509706580689, vstest.console.dll, TestRunRequest.ExecuteAsync: Creating test run request.
TpTrace Verbose: 0 : 18956, 1, 2024/02/24, 18:06:28.842, 8509706582990, vstest.console.dll, TestRunRequest.ExecuteAsync: Starting.
TpTrace Information: 0 : 18956, 1, 2024/02/24, 18:06:28.842, 8509706585627, vstest.console.dll, TestRunRequest.ExecuteAsync: Starting run with settings:TestRunCriteria:
   KeepAlive=False,FrequencyOfRunStatsChangeEvent=10,RunStatsChangeEventTimeout=00:00:01.5000000,TestCaseFilter=,TestExecutorLauncher=
   Settingsxml=<RunSettings>
  <RunConfiguration>
    <ResultsDirectory>C:\Users\David\Desktop\Magnetron\API\TestMagnetron\MagnetronUnitTests\bin\Debug\net6.0\fine-code-coverage\coverage-tool-output</ResultsDirectory>
    <TargetPlatform>X64</TargetPlatform>
    <TargetFrameworkVersion>.NETCoreApp,Version=v6.0</TargetFrameworkVersion>
    <DesignMode>False</DesignMode>
    <CollectSourceInformation>False</CollectSourceInformation>
  </RunConfiguration>
  <LoggerRunSettings>
    <Loggers>
      <Logger friendlyName="blame" enabled="True" />
      <Logger friendlyName="Console" uri="logger://microsoft/TestPlatform/ConsoleLogger/v1" assemblyQualifiedName="Microsoft.VisualStudio.TestPlatform.CommandLine.Internal.ConsoleLogger, vstest.console, Version=15.0.0.0, Culture=neutral, PublicKeyToken=b03f5f7f11d50a3a" codeBase="C:\Program Files\dotnet\sdk\7.0.302\vstest.console.dll" enabled="True" />
    </Loggers>
  </LoggerRunSettings>
  <DataCollectionRunSettings>
    <DataCollectors>
      <DataCollector friendlyName="blame" enabled="True">
        <Configuration>
          <ResultsDirectory>C:\Users\David\Desktop\Magnetron\API\TestMagnetron\MagnetronUnitTests\bin\Debug\net6.0\fine-code-coverage\coverage-tool-output</ResultsDirectory>
        </Configuration>
      </DataCollector>
    </DataCollectors>
  </DataCollectionRunSettings>
</RunSettings>

TpTrace Verbose: 0 : 18956, 1, 2024/02/24, 18:06:28.842, 8509706586122, vstest.console.dll, TestRunRequest.ExecuteAsync: Wait for the first run request is over.
TpTrace Verbose: 0 : 18956, 1, 2024/02/24, 18:06:28.842, 8509706588838, vstest.console.dll, MulticastDelegateUtilities.SafeInvoke: TestRun.TestRunStart: Invoking callbacks was skipped because there are no subscribers.
TpTrace Verbose: 0 : 18956, 4, 2024/02/24, 18:06:28.843, 8509706591332, vstest.console.dll, MulticastDelegateUtilities.SafeInvoke: InternalTestLoggerEvents.SendTestRunStart: Invoking callback 1/1 for Microsoft.VisualStudio.TestPlatform.CommandLine.Internal.ConsoleLogger., took 0 ms.
TpTrace Verbose: 0 : 18956, 1, 2024/02/24, 18:06:28.844, 8509706601465, vstest.console.dll, ParallelProxyExecutionManager: Start execution. Total sources: 1
TpTrace Verbose: 0 : 18956, 1, 2024/02/24, 18:06:28.846, 8509706620716, vstest.console.dll, TestRequestSender is acting as server.
TpTrace Verbose: 0 : 18956, 1, 2024/02/24, 18:06:28.848, 8509706642891, vstest.console.dll, ParallelOperationManager.RunWorkInParallel: Started work on a host.
TpTrace Verbose: 0 : 18956, 1, 2024/02/24, 18:06:28.849, 8509706652970, vstest.console.dll, ProxyParallelExecutionManager: No sources available for execution.
TpTrace Information: 0 : 18956, 1, 2024/02/24, 18:06:28.849, 8509706653792, vstest.console.dll, TestRunRequest.ExecuteAsync: Started.
TpTrace Verbose: 0 : 18956, 1, 2024/02/24, 18:06:28.849, 8509706654407, vstest.console.dll, TestRunRequest.WaitForCompletion: Waiting with timeout -1.
TpTrace Verbose: 0 : 18956, 5, 2024/02/24, 18:06:28.849, 8509706655187, vstest.console.dll, DataCollectionRequestSender.InitializeCommunication : Initialize communication. 
TpTrace Information: 0 : 18956, 5, 2024/02/24, 18:06:28.853, 8509706694899, vstest.console.dll, Listening on Endpoint : 127.0.0.1:60349
TpTrace Verbose: 0 : 18956, 5, 2024/02/24, 18:06:28.859, 8509706758190, vstest.console.dll, DotnetDataCollectionLauncher: Adding  --runtimeconfig "C:\Program Files\dotnet\sdk\7.0.302\datacollector.runtimeconfig.json" in args
TpTrace Verbose: 0 : 18956, 5, 2024/02/24, 18:06:28.859, 8509706759672, vstest.console.dll, DotnetDataCollectionLauncher: Adding  --depsfile "C:\Program Files\dotnet\sdk\7.0.302\datacollector.deps.json" in args
TpTrace Verbose: 0 : 18956, 5, 2024/02/24, 18:06:28.860, 8509706761223, vstest.console.dll, DotnetDataCollectionLauncher: Full path of dotnet.exe is C:\Program Files\dotnet\dotnet.exe
TpTrace Information: 0 : 18956, 5, 2024/02/24, 18:06:28.866, 8509706823766, vstest.console.dll, ProxyDataCollectionManager.Initialize: Launched datacollector processId: 29084 port: 60349
TpTrace Information: 0 : 18956, 5, 2024/02/24, 18:06:28.866, 8509706825322, vstest.console.dll, ProxyDataCollectionManager.Initialize: waiting for connection with timeout: 90 seconds
TpTrace Verbose: 0 : 18956, 5, 2024/02/24, 18:06:28.866, 8509706826157, vstest.console.dll, DataCollectionRequestSender.WaitForRequestHandlerConnection : Waiting for connection with timeout: 90000
TpTrace Information: 0 : 18956, 7, 2024/02/24, 18:06:29.018, 8509708346801, vstest.console.dll, Using the buffer size of 16384 bytes
TpTrace Verbose: 0 : 18956, 5, 2024/02/24, 18:06:29.018, 8509708347768, vstest.console.dll, SocketCommunicationManager.WaitForClientConnection took: 152 ms, with 90000 ms timeout, and finished with True.
TpTrace Information: 0 : 18956, 7, 2024/02/24, 18:06:29.018, 8509708347924, vstest.console.dll, Accepted Client request and set the flag
TpTrace Verbose: 0 : 18956, 5, 2024/02/24, 18:06:29.018, 8509708349170, vstest.console.dll, ProxyDataCollectionManager.InvokeDataCollectionServiceAction: Starting.
TpTrace Information: 0 : 18956, 5, 2024/02/24, 18:06:29.019, 8509708349894, vstest.console.dll, ProxyDataCollectionManager.BeforeTestRunStart: Get environment variable and port for datacollector processId: 29084 port: 60349
TpTrace Verbose: 0 : 18956, 5, 2024/02/24, 18:06:29.019, 8509708350951, vstest.console.dll, DataCollectionRequestSender.SendBeforeTestRunStartAndGetResult: Send BeforeTestRunStart message with settingsXml <RunSettings><RunConfiguration><ResultsDirectory>C:\Users\David\Desktop\Magnetron\API\TestMagnetron\MagnetronUnitTests\bin\Debug\net6.0\fine-code-coverage\coverage-tool-output</ResultsDirectory><TargetPlatform>X64</TargetPlatform><TargetFrameworkVersion>.NETCoreApp,Version=v6.0</TargetFrameworkVersion><DesignMode>False</DesignMode><CollectSourceInformation>False</CollectSourceInformation><TestAdaptersPaths>C:\Program Files\dotnet\sdk\7.0.302\Extensions</TestAdaptersPaths></RunConfiguration><LoggerRunSettings><Loggers><Logger friendlyName="blame" enabled="True" /><Logger friendlyName="Console" uri="logger://microsoft/TestPlatform/ConsoleLogger/v1" assemblyQualifiedName="Microsoft.VisualStudio.TestPlatform.CommandLine.Internal.ConsoleLogger, vstest.console, Version=15.0.0.0, Culture=neutral, PublicKeyToken=b03f5f7f11d50a3a" codeBase="C:\Program Files\dotnet\sdk\7.0.302\vstest.console.dll" enabled="True" /></Loggers></LoggerRunSettings><DataCollectionRunSettings><DataCollectors><DataCollector friendlyName="blame" enabled="True"><Configuration><ResultsDirectory>C:\Users\David\Desktop\Magnetron\API\TestMagnetron\MagnetronUnitTests\bin\Debug\net6.0\fine-code-coverage\coverage-tool-output</ResultsDirectory></Configuration></DataCollector></DataCollectors></DataCollectionRunSettings></RunSettings> and sources System.Collections.Generic.List`1[System.String]: 
TpTrace Verbose: 0 : 18956, 5, 2024/02/24, 18:06:29.094, 8509709102278, vstest.console.dll, DataCollectionRequestSender.SendBeforeTestRunStartAndGetResult: Received message: (DataCollection.SendMessage) -> {"MessageType":"DataCollection.SendMessage","Payload":{"FriendlyName":null,"Uri":null,"TestCaseId":"00000000-0000-0000-0000-000000000000","Message":"Logging DataCollector Diagnostics in file: C:\\Users\\David\\Desktop\\Magnetron\\API\\TestMagnetron\\MagnetronUnitTests\\bin\\Debug\\net6.0\\fine-code-coverage\\coverage-tool-output\\diagnostics.datacollector.24-02-24_18-06-28_85963_5.log","Level":0}}
TpTrace Verbose: 0 : 18956, 5, 2024/02/24, 18:06:29.186, 8509710027373, vstest.console.dll, DataCollectionRequestSender.SendBeforeTestRunStartAndGetResult: Received message: (DataCollection.BeforeTestRunStartResult) -> {"MessageType":"DataCollection.BeforeTestRunStartResult","Payload":{"EnvironmentVariables":{},"DataCollectionEventsPort":60351}}
TpTrace Information: 0 : 18956, 5, 2024/02/24, 18:06:29.192, 8509710080144, vstest.console.dll, ProxyDataCollectionManager.BeforeTestRunStart: SendBeforeTestRunStartAndGetResult successful, env variable from datacollector:   and testhost port: 60351
TpTrace Information: 0 : 18956, 5, 2024/02/24, 18:06:29.192, 8509710081422, vstest.console.dll, ProxyDataCollectionManager.InvokeDataCollectionServiceAction: Completed.
TpTrace Verbose: 0 : 18956, 5, 2024/02/24, 18:06:29.192, 8509710082307, vstest.console.dll, ProxyExecutionManager: Test host is always Lazy initialize.
TpTrace Verbose: 0 : 18956, 5, 2024/02/24, 18:06:29.192, 8509710085004, vstest.console.dll, TestRequestSender.InitializeCommunication: initialize communication. 
TpTrace Information: 0 : 18956, 5, 2024/02/24, 18:06:29.193, 8509710090234, vstest.console.dll, SocketServer.Start: Listening on endpoint : 127.0.0.1:60352
TpTrace Verbose: 0 : 18956, 5, 2024/02/24, 18:06:29.194, 8509710100025, vstest.console.dll, DotnetTestHostmanager.GetTestHostProcessStartInfo: Platform environment 'X64' target architecture 'X64' framework '.NETCoreApp,Version=v6.0' OS 'Windows'
TpTrace Verbose: 0 : 18956, 5, 2024/02/24, 18:06:29.194, 8509710103111, vstest.console.dll, DotnetTestHostmanager: Adding  --runtimeconfig "C:\Users\David\Desktop\Magnetron\API\TestMagnetron\MagnetronUnitTests\bin\Debug\net6.0\fine-code-coverage\build-output\MagnetronUnitTests.runtimeconfig.json" in args
TpTrace Verbose: 0 : 18956, 5, 2024/02/24, 18:06:29.194, 8509710104559, vstest.console.dll, DotnetTestHostmanager: Adding  --depsfile "C:\Users\David\Desktop\Magnetron\API\TestMagnetron\MagnetronUnitTests\bin\Debug\net6.0\fine-code-coverage\build-output\MagnetronUnitTests.deps.json" in args
TpTrace Verbose: 0 : 18956, 5, 2024/02/24, 18:06:29.194, 8509710108368, vstest.console.dll, DotnetTestHostmanager.IsWinOnArm: Current PROCESSOR_ARCHITECTURE from environment variable 'AMD64'
TpTrace Verbose: 0 : 18956, 5, 2024/02/24, 18:06:29.194, 8509710109491, vstest.console.dll, DotnetTestHostmanager.IsWinOnArm: Is Windows on ARM 'False'
TpTrace Verbose: 0 : 18956, 5, 2024/02/24, 18:06:29.195, 8509710111017, vstest.console.dll, DotnetTestHostManager: testhost.exe found at path: C:\Users\David\Desktop\Magnetron\API\TestMagnetron\MagnetronUnitTests\bin\Debug\net6.0\fine-code-coverage\build-output\testhost.exe
TpTrace Verbose: 0 : 18956, 5, 2024/02/24, 18:06:29.195, 8509710111572, vstest.console.dll, DotnetTestHostmanager: Full path of host exe is C:\Users\David\Desktop\Magnetron\API\TestMagnetron\MagnetronUnitTests\bin\Debug\net6.0\fine-code-coverage\build-output\testhost.exe
TpTrace Verbose: 0 : 18956, 5, 2024/02/24, 18:06:29.195, 8509710112865, vstest.console.dll, DotnetTestHostmanager.LaunchTestHostAsync: Found 'VSTEST_WINAPPHOST_DOTNET_ROOT' in env variables, value 'C:\Program Files\dotnet', forwarding to 'DOTNET_ROOT'
TpTrace Verbose: 0 : 18956, 5, 2024/02/24, 18:06:29.195, 8509710114942, vstest.console.dll, DotnetTestHostManager: Starting process 'C:\Users\David\Desktop\Magnetron\API\TestMagnetron\MagnetronUnitTests\bin\Debug\net6.0\fine-code-coverage\build-output\testhost.exe' with command line ' --runtimeconfig "C:\Users\David\Desktop\Magnetron\API\TestMagnetron\MagnetronUnitTests\bin\Debug\net6.0\fine-code-coverage\build-output\MagnetronUnitTests.runtimeconfig.json" --depsfile "C:\Users\David\Desktop\Magnetron\API\TestMagnetron\MagnetronUnitTests\bin\Debug\net6.0\fine-code-coverage\build-output\MagnetronUnitTests.deps.json" --port 60352 --endpoint 127.0.0.1:060352 --role client --parentprocessid 18956 --diag "C:\Users\David\Desktop\Magnetron\API\TestMagnetron\MagnetronUnitTests\bin\Debug\net6.0\fine-code-coverage\coverage-tool-output\diagnostics.host.24-02-24_18-06-29_19355_5.log" --tracelevel 4 --datacollectionport 60351 --telemetryoptedin false'
TpTrace Verbose: 0 : 18956, 5, 2024/02/24, 18:06:29.204, 8509710206788, vstest.console.dll, MulticastDelegateUtilities.SafeInvoke: HostProviderEvents.OnHostLaunched: Invoking callback 1/2 for Microsoft.VisualStudio.TestPlatform.CrossPlatEngine.Client.ProxyExecutionManagerWithDataCollection., took 2 ms.
TpTrace Verbose: 0 : 18956, 5, 2024/02/24, 18:06:29.205, 8509710210683, vstest.console.dll, Test Runtime launched
TpTrace Verbose: 0 : 18956, 5, 2024/02/24, 18:06:29.205, 8509710211531, vstest.console.dll, MulticastDelegateUtilities.SafeInvoke: HostProviderEvents.OnHostLaunched: Invoking callback 2/2 for Microsoft.VisualStudio.TestPlatform.CrossPlatEngine.Client.ProxyOperationManager., took 0 ms.
TpTrace Verbose: 0 : 18956, 5, 2024/02/24, 18:06:29.205, 8509710213070, vstest.console.dll, TestRequestSender.WaitForRequestHandlerConnection: waiting for connection with timeout: 90000.
TpTrace Verbose: 0 : 18956, 11, 2024/02/24, 18:06:29.365, 8509711811830, vstest.console.dll, MulticastDelegateUtilities.SafeInvoke: SocketServer: ClientConnected: Invoking callback 1/1 for Microsoft.VisualStudio.TestPlatform.CommunicationUtilities.TestRequestSender., took 0 ms.
TpTrace Verbose: 0 : 18956, 11, 2024/02/24, 18:06:29.365, 8509711812940, vstest.console.dll, SocketServer.OnClientConnected: Client connected for endPoint: 127.0.0.1:60352, starting MessageLoopAsync:
TpTrace Verbose: 0 : 18956, 5, 2024/02/24, 18:06:29.365, 8509711812255, vstest.console.dll, TestRequestSender.WaitForRequestHandlerConnection: waiting took 159 ms, with timeout 90000 ms, and result 0, which is success.
TpTrace Verbose: 0 : 18956, 11, 2024/02/24, 18:06:29.365, 8509711814810, vstest.console.dll, TcpClientExtensions.MessageLoopAsync: Polling on remoteEndPoint: 127.0.0.1:60353 localEndPoint: 127.0.0.1:60352
TpTrace Verbose: 0 : 18956, 5, 2024/02/24, 18:06:29.366, 8509711822080, vstest.console.dll, TestRequestSender.CheckVersionWithTestHost: Sending check version message: {"MessageType":"ProtocolVersion","Payload":7}
TpTrace Verbose: 0 : 18956, 11, 2024/02/24, 18:06:29.508, 8509713245846, vstest.console.dll, TcpClientExtensions.MessageLoopAsync: NotifyDataAvailable remoteEndPoint: 127.0.0.1:60353 localEndPoint: 127.0.0.1:60352
TpTrace Verbose: 0 : 18956, 11, 2024/02/24, 18:06:29.508, 8509713248101, vstest.console.dll, TestRequestSender.CheckVersionWithTestHost: onMessageReceived received message: (ProtocolVersion) -> {"MessageType":"ProtocolVersion","Payload":7}
TpTrace Verbose: 0 : 18956, 11, 2024/02/24, 18:06:29.509, 8509713254375, vstest.console.dll, MulticastDelegateUtilities.SafeInvoke: LengthPrefixCommunicationChannel: MessageReceived: Invoking callback 1/1 for Microsoft.VisualStudio.TestPlatform.CommunicationUtilities.TestRequestSender+<>c__DisplayClass29_0., took 0 ms.
TpTrace Verbose: 0 : 18956, 11, 2024/02/24, 18:06:29.509, 8509713255181, vstest.console.dll, TcpClientExtensions.MessageLoopAsync: Polling on remoteEndPoint: 127.0.0.1:60353 localEndPoint: 127.0.0.1:60352
TpTrace Verbose: 0 : 18956, 5, 2024/02/24, 18:06:29.509, 8509713255580, vstest.console.dll, TestPluginCache.GetExtensionPaths: Filtered extension paths: 
TpTrace Verbose: 0 : 18956, 5, 2024/02/24, 18:06:29.509, 8509713256221, vstest.console.dll, TestPluginCache.GetExtensionPaths: Added default extension paths: C:\Program Files\dotnet\sdk\7.0.302\Extensions\Microsoft.Diagnostics.NETCore.Client.dll
C:\Program Files\dotnet\sdk\7.0.302\Extensions\Microsoft.TestPlatform.Extensions.BlameDataCollector.dll
C:\Program Files\dotnet\sdk\7.0.302\Extensions\Microsoft.TestPlatform.Extensions.EventLogCollector.dll
C:\Program Files\dotnet\sdk\7.0.302\Extensions\Microsoft.TestPlatform.TestHostRuntimeProvider.dll
C:\Program Files\dotnet\sdk\7.0.302\Extensions\Microsoft.VisualStudio.TestPlatform.Extensions.Html.TestLogger.dll
C:\Program Files\dotnet\sdk\7.0.302\Extensions\Microsoft.VisualStudio.TestPlatform.Extensions.Trx.TestLogger.dll
TpTrace Verbose: 0 : 18956, 5, 2024/02/24, 18:06:29.509, 8509713256494, vstest.console.dll, TestPluginCache.GetExtensionPaths: Added unfilterableExtensionPaths: 
TpTrace Verbose: 0 : 18956, 5, 2024/02/24, 18:06:29.513, 8509713295126, vstest.console.dll, TestRequestSender.InitializeExecution: Sending initialize execution with message: {"Version":7,"MessageType":"TestExecution.Initialize","Payload":["C:\\Users\\David\\Desktop\\Magnetron\\API\\TestMagnetron\\MagnetronUnitTests\\bin\\Debug\\net6.0\\fine-code-coverage\\build-output\\NUnit3.TestAdapter.dll"]}
TpTrace Verbose: 0 : 18956, 5, 2024/02/24, 18:06:29.513, 8509713297555, vstest.console.dll, ParallelProxyExecutionManager: Execution started. Started clients: 1
TpTrace Verbose: 0 : 18956, 5, 2024/02/24, 18:06:29.514, 8509713301410, vstest.console.dll, TestRunRequest:SendTestRunMessage: Starting.
TpTrace Verbose: 0 : 18956, 5, 2024/02/24, 18:06:29.514, 8509713303462, vstest.console.dll, MulticastDelegateUtilities.SafeInvoke: TestRun.LogMessages: Invoking callback 1/1 for Microsoft.VisualStudio.TestPlatform.CommandLine.TestRunResultAggregator., took 0 ms.
TpTrace Information: 0 : 18956, 5, 2024/02/24, 18:06:29.514, 8509713303949, vstest.console.dll, TestRunRequest:SendTestRunMessage: Completed.
TpTrace Verbose: 0 : 18956, 4, 2024/02/24, 18:06:29.514, 8509713306019, vstest.console.dll, MulticastDelegateUtilities.SafeInvoke: InternalTestLoggerEvents.SendTestRunMessage: Invoking callback 1/1 for Microsoft.VisualStudio.TestPlatform.CommandLine.Internal.ConsoleLogger., took 0 ms.
TpTrace Warning: 0 : 18956, 5, 2024/02/24, 18:06:29.514, 8509713307792, vstest.console.dll, InferRunSettingsHelper.MakeRunsettingsCompatible: Removing the following settings: TargetPlatform from RunSettings file. To use those settings please move to latest version of Microsoft.NET.Test.Sdk
TpTrace Verbose: 0 : 18956, 11, 2024/02/24, 18:06:29.515, 8509713310882, vstest.console.dll, TcpClientExtensions.MessageLoopAsync: NotifyDataAvailable remoteEndPoint: 127.0.0.1:60353 localEndPoint: 127.0.0.1:60352
TpTrace Verbose: 0 : 18956, 11, 2024/02/24, 18:06:29.515, 8509713311975, vstest.console.dll, LengthPrefixCommunicationChannel.NotifyDataAvailable: New data are waiting to be received, but there is no subscriber to be notified. Not reading them from the stream.
TpTrace Verbose: 0 : 18956, 11, 2024/02/24, 18:06:29.515, 8509713314320, vstest.console.dll, TcpClientExtensions.MessageLoopAsync: Polling on remoteEndPoint: 127.0.0.1:60353 localEndPoint: 127.0.0.1:60352
TpTrace Verbose: 0 : 18956, 11, 2024/02/24, 18:06:29.515, 8509713314819, vstest.console.dll, TcpClientExtensions.MessageLoopAsync: NotifyDataAvailable remoteEndPoint: 127.0.0.1:60353 localEndPoint: 127.0.0.1:60352
TpTrace Verbose: 0 : 18956, 11, 2024/02/24, 18:06:29.515, 8509713317947, vstest.console.dll, TestRequestSender.OnExecutionMessageReceived: Received message: {"Version":7,"MessageType":"TestSession.Message","Payload":{"MessageLevel":0,"Message":"Logging TestHost Diagnostics in file: C:\\Users\\David\\Desktop\\Magnetron\\API\\TestMagnetron\\MagnetronUnitTests\\bin\\Debug\\net6.0\\fine-code-coverage\\coverage-tool-output\\diagnostics.host.24-02-24_18-06-29_19355_5.log"}}
TpTrace Verbose: 0 : 18956, 11, 2024/02/24, 18:06:29.518, 8509713343338, vstest.console.dll, TestRunRequest:SendTestRunMessage: Starting.
TpTrace Verbose: 0 : 18956, 11, 2024/02/24, 18:06:29.518, 8509713344985, vstest.console.dll, MulticastDelegateUtilities.SafeInvoke: TestRun.LogMessages: Invoking callback 1/1 for Microsoft.VisualStudio.TestPlatform.CommandLine.TestRunResultAggregator., took 0 ms.
TpTrace Information: 0 : 18956, 11, 2024/02/24, 18:06:29.518, 8509713345411, vstest.console.dll, TestRunRequest:SendTestRunMessage: Completed.
TpTrace Verbose: 0 : 18956, 4, 2024/02/24, 18:06:29.518, 8509713345639, vstest.console.dll, MulticastDelegateUtilities.SafeInvoke: InternalTestLoggerEvents.SendTestRunMessage: Invoking callback 1/1 for Microsoft.VisualStudio.TestPlatform.CommandLine.Internal.ConsoleLogger., took 0 ms.
TpTrace Verbose: 0 : 18956, 11, 2024/02/24, 18:06:29.518, 8509713345741, vstest.console.dll, MulticastDelegateUtilities.SafeInvoke: LengthPrefixCommunicationChannel: MessageReceived: Invoking callback 1/1 for Microsoft.VisualStudio.TestPlatform.CommunicationUtilities.TestRequestSender+<>c__DisplayClass34_0., took 3 ms.
TpTrace Verbose: 0 : 18956, 11, 2024/02/24, 18:06:29.518, 8509713347185, vstest.console.dll, TcpClientExtensions.MessageLoopAsync: Polling on remoteEndPoint: 127.0.0.1:60353 localEndPoint: 127.0.0.1:60352
TpTrace Verbose: 0 : 18956, 5, 2024/02/24, 18:06:29.521, 8509713379028, vstest.console.dll, TestRequestSender.StartTestRun: Sending test run with message: {"Version":7,"MessageType":"TestExecution.StartWithSources","Payload":{"AdapterSourceMap":{"_none_":["C:\\Users\\David\\Desktop\\Magnetron\\API\\TestMagnetron\\MagnetronUnitTests\\bin\\Debug\\net6.0\\fine-code-coverage\\build-output\\MagnetronUnitTests.dll"]},"RunSettings":"<RunSettings>\r\n  <RunConfiguration>\r\n    <ResultsDirectory>C:\\Users\\David\\Desktop\\Magnetron\\API\\TestMagnetron\\MagnetronUnitTests\\bin\\Debug\\net6.0\\fine-code-coverage\\coverage-tool-output</ResultsDirectory>\r\n    <TargetFrameworkVersion>.NETCoreApp,Version=v6.0</TargetFrameworkVersion>\r\n    <DesignMode>False</DesignMode>\r\n    <CollectSourceInformation>False</CollectSourceInformation>\r\n  </RunConfiguration>\r\n  <LoggerRunSettings>\r\n    <Loggers>\r\n      <Logger friendlyName=\"blame\" enabled=\"True\" />\r\n      <Logger friendlyName=\"Console\" uri=\"logger://microsoft/TestPlatform/ConsoleLogger/v1\" assemblyQualifiedName=\"Microsoft.VisualStudio.TestPlatform.CommandLine.Internal.ConsoleLogger, vstest.console, Version=15.0.0.0, Culture=neutral, PublicKeyToken=b03f5f7f11d50a3a\" codeBase=\"C:\\Program Files\\dotnet\\sdk\\7.0.302\\vstest.console.dll\" enabled=\"True\" />\r\n    </Loggers>\r\n  </LoggerRunSettings>\r\n  <DataCollectionRunSettings>\r\n    <DataCollectors>\r\n      <DataCollector friendlyName=\"blame\" enabled=\"True\">\r\n        <Configuration>\r\n          <ResultsDirectory>C:\\Users\\David\\Desktop\\Magnetron\\API\\TestMagnetron\\MagnetronUnitTests\\bin\\Debug\\net6.0\\fine-code-coverage\\coverage-tool-output</ResultsDirectory>\r\n        </Configuration>\r\n      </DataCollector>\r\n    </DataCollectors>\r\n  </DataCollectionRunSettings>\r\n</RunSettings>","TestExecutionContext":{"FrequencyOfRunStatsChangeEvent":10,"RunStatsChangeEventTimeout":"00:00:01.5000000","InIsolation":false,"KeepAlive":false,"AreTestCaseLevelEventsRequired":false,"IsDebug":false,"TestCaseFilter":null,"FilterOptions":null},"Package":null}}
TpTrace Verbose: 0 : 18956, 11, 2024/02/24, 18:06:29.711, 8509715279499, vstest.console.dll, TcpClientExtensions.MessageLoopAsync: NotifyDataAvailable remoteEndPoint: 127.0.0.1:60353 localEndPoint: 127.0.0.1:60352
TpTrace Verbose: 0 : 18956, 11, 2024/02/24, 18:06:29.712, 8509715282650, vstest.console.dll, TestRequestSender.OnExecutionMessageReceived: Received message: {"Version":7,"MessageType":"TestSession.Message","Payload":{"MessageLevel":0,"Message":"NUnit Adapter 4.4.0.0: Test execution started"}}
TpTrace Verbose: 0 : 18956, 11, 2024/02/24, 18:06:29.712, 8509715287308, vstest.console.dll, TestRunRequest:SendTestRunMessage: Starting.
TpTrace Verbose: 0 : 18956, 11, 2024/02/24, 18:06:29.712, 8509715288985, vstest.console.dll, MulticastDelegateUtilities.SafeInvoke: TestRun.LogMessages: Invoking callback 1/1 for Microsoft.VisualStudio.TestPlatform.CommandLine.TestRunResultAggregator., took 0 ms.
TpTrace Verbose: 0 : 18956, 4, 2024/02/24, 18:06:29.712, 8509715289115, vstest.console.dll, MulticastDelegateUtilities.SafeInvoke: InternalTestLoggerEvents.SendTestRunMessage: Invoking callback 1/1 for Microsoft.VisualStudio.TestPlatform.CommandLine.Internal.ConsoleLogger., took 0 ms.
TpTrace Information: 0 : 18956, 11, 2024/02/24, 18:06:29.713, 8509715289800, vstest.console.dll, TestRunRequest:SendTestRunMessage: Completed.
TpTrace Verbose: 0 : 18956, 11, 2024/02/24, 18:06:29.713, 8509715291365, vstest.console.dll, MulticastDelegateUtilities.SafeInvoke: LengthPrefixCommunicationChannel: MessageReceived: Invoking callback 1/1 for Microsoft.VisualStudio.TestPlatform.CommunicationUtilities.TestRequestSender+<>c__DisplayClass34_0., took 0 ms.
TpTrace Verbose: 0 : 18956, 11, 2024/02/24, 18:06:29.713, 8509715291989, vstest.console.dll, TcpClientExtensions.MessageLoopAsync: Polling on remoteEndPoint: 127.0.0.1:60353 localEndPoint: 127.0.0.1:60352
TpTrace Verbose: 0 : 18956, 11, 2024/02/24, 18:06:29.751, 8509715675723, vstest.console.dll, TcpClientExtensions.MessageLoopAsync: NotifyDataAvailable remoteEndPoint: 127.0.0.1:60353 localEndPoint: 127.0.0.1:60352
TpTrace Verbose: 0 : 18956, 11, 2024/02/24, 18:06:29.751, 8509715677659, vstest.console.dll, TestRequestSender.OnExecutionMessageReceived: Received message: {"Version":7,"MessageType":"TestSession.Message","Payload":{"MessageLevel":0,"Message":"Running all tests in C:\\Users\\David\\Desktop\\Magnetron\\API\\TestMagnetron\\MagnetronUnitTests\\bin\\Debug\\net6.0\\fine-code-coverage\\build-output\\MagnetronUnitTests.dll"}}
TpTrace Verbose: 0 : 18956, 11, 2024/02/24, 18:06:29.751, 8509715679350, vstest.console.dll, TestRunRequest:SendTestRunMessage: Starting.
TpTrace Verbose: 0 : 18956, 11, 2024/02/24, 18:06:29.752, 8509715680350, vstest.console.dll, MulticastDelegateUtilities.SafeInvoke: TestRun.LogMessages: Invoking callback 1/1 for Microsoft.VisualStudio.TestPlatform.CommandLine.TestRunResultAggregator., took 0 ms.
TpTrace Verbose: 0 : 18956, 4, 2024/02/24, 18:06:29.752, 8509715680682, vstest.console.dll, MulticastDelegateUtilities.SafeInvoke: InternalTestLoggerEvents.SendTestRunMessage: Invoking callback 1/1 for Microsoft.VisualStudio.TestPlatform.CommandLine.Internal.ConsoleLogger., took 0 ms.
TpTrace Information: 0 : 18956, 11, 2024/02/24, 18:06:29.752, 8509715680868, vstest.console.dll, TestRunRequest:SendTestRunMessage: Completed.
TpTrace Verbose: 0 : 18956, 11, 2024/02/24, 18:06:29.752, 8509715682158, vstest.console.dll, MulticastDelegateUtilities.SafeInvoke: LengthPrefixCommunicationChannel: MessageReceived: Invoking callback 1/1 for Microsoft.VisualStudio.TestPlatform.CommunicationUtilities.TestRequestSender+<>c__DisplayClass34_0., took 0 ms.
TpTrace Verbose: 0 : 18956, 11, 2024/02/24, 18:06:29.752, 8509715682931, vstest.console.dll, TcpClientExtensions.MessageLoopAsync: Polling on remoteEndPoint: 127.0.0.1:60353 localEndPoint: 127.0.0.1:60352
TpTrace Verbose: 0 : 18956, 11, 2024/02/24, 18:06:29.909, 8509717252469, vstest.console.dll, TcpClientExtensions.MessageLoopAsync: NotifyDataAvailable remoteEndPoint: 127.0.0.1:60353 localEndPoint: 127.0.0.1:60352
TpTrace Verbose: 0 : 18956, 11, 2024/02/24, 18:06:29.909, 8509717254410, vstest.console.dll, TestRequestSender.OnExecutionMessageReceived: Received message: {"Version":7,"MessageType":"TestSession.Message","Payload":{"MessageLevel":0,"Message":"   NUnit3TestExecutor discovered 6 of 6 NUnit test cases using Current Discovery mode, Non-Explicit run"}}
TpTrace Verbose: 0 : 18956, 11, 2024/02/24, 18:06:29.909, 8509717256415, vstest.console.dll, TestRunRequest:SendTestRunMessage: Starting.
TpTrace Verbose: 0 : 18956, 11, 2024/02/24, 18:06:29.909, 8509717257125, vstest.console.dll, MulticastDelegateUtilities.SafeInvoke: TestRun.LogMessages: Invoking callback 1/1 for Microsoft.VisualStudio.TestPlatform.CommandLine.TestRunResultAggregator., took 0 ms.
TpTrace Information: 0 : 18956, 11, 2024/02/24, 18:06:29.909, 8509717257453, vstest.console.dll, TestRunRequest:SendTestRunMessage: Completed.
TpTrace Verbose: 0 : 18956, 11, 2024/02/24, 18:06:29.909, 8509717257685, vstest.console.dll, MulticastDelegateUtilities.SafeInvoke: LengthPrefixCommunicationChannel: MessageReceived: Invoking callback 1/1 for Microsoft.VisualStudio.TestPlatform.CommunicationUtilities.TestRequestSender+<>c__DisplayClass34_0., took 0 ms.
TpTrace Verbose: 0 : 18956, 11, 2024/02/24, 18:06:29.909, 8509717257949, vstest.console.dll, TcpClientExtensions.MessageLoopAsync: Polling on remoteEndPoint: 127.0.0.1:60353 localEndPoint: 127.0.0.1:60352
TpTrace Verbose: 0 : 18956, 4, 2024/02/24, 18:06:29.909, 8509717257896, vstest.console.dll, MulticastDelegateUtilities.SafeInvoke: InternalTestLoggerEvents.SendTestRunMessage: Invoking callback 1/1 for Microsoft.VisualStudio.TestPlatform.CommandLine.Internal.ConsoleLogger., took 0 ms.
TpTrace Verbose: 0 : 18956, 11, 2024/02/24, 18:06:30.916, 8509727321927, vstest.console.dll, TcpClientExtensions.MessageLoopAsync: Polling on remoteEndPoint: 127.0.0.1:60353 localEndPoint: 127.0.0.1:60352
TpTrace Verbose: 0 : 18956, 11, 2024/02/24, 18:06:31.156, 8509729728521, vstest.console.dll, TcpClientExtensions.MessageLoopAsync: NotifyDataAvailable remoteEndPoint: 127.0.0.1:60353 localEndPoint: 127.0.0.1:60352
TpTrace Verbose: 0 : 18956, 11, 2024/02/24, 18:06:31.157, 8509729730200, vstest.console.dll, TestRequestSender.OnExecutionMessageReceived: Received message: {"Version":7,"MessageType":"TestExecution.StatsChange","Payload":{"NewTestResults":[],"TestRunStatistics":{"ExecutedTests":0,"Stats":{}},"ActiveTests":[{"Id":"778b7ff2-ff90-9715-67ef-1c412e79ab25","FullyQualifiedName":"MagnetronUnitTests.PersonaTests.TestActualizarPersona","DisplayName":"TestActualizarPersona","ExecutorUri":"executor://NUnit3TestExecutor","Source":"C:\\Users\\David\\Desktop\\Magnetron\\API\\TestMagnetron\\MagnetronUnitTests\\bin\\Debug\\net6.0\\fine-code-coverage\\build-output\\MagnetronUnitTests.dll","CodeFilePath":null,"LineNumber":0,"Properties":[{"Key":{"Id":"NUnit.Seed","Label":"Seed","Category":"","Description":"","Attributes":0,"ValueType":"System.String"},"Value":"911321052"}]}]}}
TpTrace Verbose: 0 : 18956, 11, 2024/02/24, 18:06:31.175, 8509729917823, vstest.console.dll, TestRunRequest:SendTestRunStatsChange: Starting.
TpTrace Verbose: 0 : 18956, 11, 2024/02/24, 18:06:31.176, 8509729920302, vstest.console.dll, InProgress is TestActualizarPersona
TpTrace Verbose: 0 : 18956, 11, 2024/02/24, 18:06:31.176, 8509729921465, vstest.console.dll, MulticastDelegateUtilities.SafeInvoke: TestRun.RunStatsChanged: Invoking callbacks was skipped because there are no subscribers.
TpTrace Information: 0 : 18956, 11, 2024/02/24, 18:06:31.176, 8509729922260, vstest.console.dll, TestRunRequest:SendTestRunStatsChange: Completed.
TpTrace Verbose: 0 : 18956, 11, 2024/02/24, 18:06:31.176, 8509729922561, vstest.console.dll, MulticastDelegateUtilities.SafeInvoke: LengthPrefixCommunicationChannel: MessageReceived: Invoking callback 1/1 for Microsoft.VisualStudio.TestPlatform.CommunicationUtilities.TestRequestSender+<>c__DisplayClass34_0., took 19 ms.
TpTrace Verbose: 0 : 18956, 11, 2024/02/24, 18:06:31.176, 8509729922834, vstest.console.dll, TcpClientExtensions.MessageLoopAsync: Polling on remoteEndPoint: 127.0.0.1:60353 localEndPoint: 127.0.0.1:60352
TpTrace Verbose: 0 : 18956, 11, 2024/02/24, 18:06:32.040, 8509738563880, vstest.console.dll, TcpClientExtensions.MessageLoopAsync: NotifyDataAvailable remoteEndPoint: 127.0.0.1:60353 localEndPoint: 127.0.0.1:60352
TpTrace Verbose: 0 : 18956, 11, 2024/02/24, 18:06:32.040, 8509738565555, vstest.console.dll, TestRequestSender.OnExecutionMessageReceived: Received message: {"Version":7,"MessageType":"TestSession.Message","Payload":{"MessageLevel":0,"Message":"NUnit Adapter 4.4.0.0: Test execution complete"}}
TpTrace Verbose: 0 : 18956, 11, 2024/02/24, 18:06:32.040, 8509738566838, vstest.console.dll, TestRunRequest:SendTestRunMessage: Starting.
TpTrace Verbose: 0 : 18956, 11, 2024/02/24, 18:06:32.040, 8509738567400, vstest.console.dll, MulticastDelegateUtilities.SafeInvoke: TestRun.LogMessages: Invoking callback 1/1 for Microsoft.VisualStudio.TestPlatform.CommandLine.TestRunResultAggregator., took 0 ms.
TpTrace Information: 0 : 18956, 11, 2024/02/24, 18:06:32.040, 8509738567613, vstest.console.dll, TestRunRequest:SendTestRunMessage: Completed.
TpTrace Verbose: 0 : 18956, 11, 2024/02/24, 18:06:32.040, 8509738567814, vstest.console.dll, MulticastDelegateUtilities.SafeInvoke: LengthPrefixCommunicationChannel: MessageReceived: Invoking callback 1/1 for Microsoft.VisualStudio.TestPlatform.CommunicationUtilities.TestRequestSender+<>c__DisplayClass34_0., took 0 ms.
TpTrace Verbose: 0 : 18956, 4, 2024/02/24, 18:06:32.040, 8509738567908, vstest.console.dll, MulticastDelegateUtilities.SafeInvoke: InternalTestLoggerEvents.SendTestRunMessage: Invoking callback 1/1 for Microsoft.VisualStudio.TestPlatform.CommandLine.Internal.ConsoleLogger., took 0 ms.
TpTrace Verbose: 0 : 18956, 11, 2024/02/24, 18:06:32.040, 8509738568045, vstest.console.dll, TcpClientExtensions.MessageLoopAsync: Polling on remoteEndPoint: 127.0.0.1:60353 localEndPoint: 127.0.0.1:60352
TpTrace Verbose: 0 : 18956, 11, 2024/02/24, 18:06:32.070, 8509738862387, vstest.console.dll, TcpClientExtensions.MessageLoopAsync: NotifyDataAvailable remoteEndPoint: 127.0.0.1:60353 localEndPoint: 127.0.0.1:60352
TpTrace Verbose: 0 : 18956, 11, 2024/02/24, 18:06:32.070, 8509738864437, vstest.console.dll, TestRequestSender.OnExecutionMessageReceived: Received message: {"Version":7,"MessageType":"TestExecution.Completed","Payload":{"TestRunCompleteArgs":{"TestRunStatistics":{"ExecutedTests":6,"Stats":{"Passed":6}},"IsCanceled":false,"IsAborted":false,"Error":null,"AttachmentSets":[],"InvokedDataCollectors":[],"ElapsedTimeInRunningTests":"00:00:02.3646383","Metrics":{},"DiscoveredExtensions":{"TestDiscoverers":["NUnit.VisualStudio.TestAdapter.NUnit3TestDiscoverer, NUnit3.TestAdapter, Version=4.4.0.0, Culture=neutral, PublicKeyToken=4cb40d35494691ac"],"TestExecutors":["executor://NUnit3TestExecutor"],"TestExecutors2":[],"TestSettingsProviders":[]}},"LastRunTests":{"NewTestResults":[{"TestCase":{"Id":"778b7ff2-ff90-9715-67ef-1c412e79ab25","FullyQualifiedName":"MagnetronUnitTests.PersonaTests.TestActualizarPersona","DisplayName":"TestActualizarPersona","ExecutorUri":"executor://NUnit3TestExecutor","Source":"C:\\Users\\David\\Desktop\\Magnetron\\API\\TestMagnetron\\MagnetronUnitTests\\bin\\Debug\\net6.0\\fine-code-coverage\\build-output\\MagnetronUnitTests.dll","CodeFilePath":null,"LineNumber":0,"Properties":[{"Key":{"Id":"NUnit.Seed","Label":"Seed","Category":"","Description":"","Attributes":0,"ValueType":"System.String"},"Value":"911321052"}]},"Attachments":[],"Outcome":1,"ErrorMessage":null,"ErrorStackTrace":null,"DisplayName":"TestActualizarPersona","Messages":[],"ComputerName":"USER123456","Duration":"00:00:01.7730090","StartTime":"2024-02-24T23:06:29.9429597+00:00","EndTime":"2024-02-24T23:06:31.7158801+00:00","Properties":[{"Key":{"Id":"NUnit.Seed","Label":"Seed","Category":"","Description":"","Attributes":0,"ValueType":"System.String"},"Value":"911321052"}]},{"TestCase":{"Id":"25aecfea-e741-3be2-b4ea-3c1d7a544c8c","FullyQualifiedName":"MagnetronUnitTests.PersonaTests.TestAgregarPersona","DisplayName":"TestAgregarPersona","ExecutorUri":"executor://NUnit3TestExecutor","Source":"C:\\Users\\David\\Desktop\\Magnetron\\API\\TestMagnetron\\MagnetronUnitTests\\bin\\Debug\\net6.0\\fine-code-coverage\\build-output\\MagnetronUnitTests.dll","CodeFilePath":null,"LineNumber":0,"Properties":[{"Key":{"Id":"NUnit.Seed","Label":"Seed","Category":"","Description":"","Attributes":0,"ValueType":"System.String"},"Value":"1779875980"}]},"Attachments":[],"Outcome":1,"ErrorMessage":null,"ErrorStackTrace":null,"DisplayName":"TestAgregarPersona","Messages":[],"ComputerName":"USER123456","Duration":"00:00:00.0955090","StartTime":"2024-02-24T23:06:31.7176967+00:00","EndTime":"2024-02-24T23:06:31.8132061+00:00","Properties":[{"Key":{"Id":"NUnit.Seed","Label":"Seed","Category":"","Description":"","Attributes":0,"ValueType":"System.String"},"Value":"1779875980"}]},{"TestCase":{"Id":"03fcf284-ada0-0442-7c9a-9bfb75af8e22","FullyQualifiedName":"MagnetronUnitTests.PersonaTests.TestEliminarPersona","DisplayName":"TestEliminarPersona","ExecutorUri":"executor://NUnit3TestExecutor","Source":"C:\\Users\\David\\Desktop\\Magnetron\\API\\TestMagnetron\\MagnetronUnitTests\\bin\\Debug\\net6.0\\fine-code-coverage\\build-output\\MagnetronUnitTests.dll","CodeFilePath":null,"LineNumber":0,"Properties":[{"Key":{"Id":"NUnit.Seed","Label":"Seed","Category":"","Description":"","Attributes":0,"ValueType":"System.String"},"Value":"302081190"}]},"Attachments":[],"Outcome":1,"ErrorMessage":null,"ErrorStackTrace":null,"DisplayName":"TestEliminarPersona","Messages":[],"ComputerName":"USER123456","Duration":"00:00:00.0479950","StartTime":"2024-02-24T23:06:31.813255+00:00","EndTime":"2024-02-24T23:06:31.8612502+00:00","Properties":[{"Key":{"Id":"NUnit.Seed","Label":"Seed","Category":"","Description":"","Attributes":0,"ValueType":"System.String"},"Value":"302081190"}]},{"TestCase":{"Id":"22649dfc-ef39-bbc1-7009-6cf707b38194","FullyQualifiedName":"MagnetronUnitTests.PersonaTests.TestObtenerPersonas","DisplayName":"TestObtenerPersonas","ExecutorUri":"executor://NUnit3TestExecutor","Source":"C:\\Users\\David\\Desktop\\Magnetron\\API\\TestMagnetron\\MagnetronUnitTests\\bin\\Debug\\net6.0\\fine-code-coverage\\build-output\\MagnetronUnitTests.dll","CodeFilePath":null,"LineNumber":0,"Properties":[{"Key":{"Id":"NUnit.Seed","Label":"Seed","Category":"","Description":"","Attributes":0,"ValueType":"System.String"},"Value":"475013175"}]},"Attachments":[],"Outcome":1,"ErrorMessage":null,"ErrorStackTrace":null,"DisplayName":"TestObtenerPersonas","Messages":[],"ComputerName":"USER123456","Duration":"00:00:00.0598180","StartTime":"2024-02-24T23:06:31.8612788+00:00","EndTime":"2024-02-24T23:06:31.9210968+00:00","Properties":[{"Key":{"Id":"NUnit.Seed","Label":"Seed","Category":"","Description":"","Attributes":0,"ValueType":"System.String"},"Value":"475013175"}]},{"TestCase":{"Id":"baac034d-7926-c4ea-252a-e46d1c3006fa","FullyQualifiedName":"MagnetronUnitTests.PersonaTests.TestObtenerPersonasPorDoc","DisplayName":"TestObtenerPersonasPorDoc","ExecutorUri":"executor://NUnit3TestExecutor","Source":"C:\\Users\\David\\Desktop\\Magnetron\\API\\TestMagnetron\\MagnetronUnitTests\\bin\\Debug\\net6.0\\fine-code-coverage\\build-output\\MagnetronUnitTests.dll","CodeFilePath":null,"LineNumber":0,"Properties":[{"Key":{"Id":"NUnit.Seed","Label":"Seed","Category":"","Description":"","Attributes":0,"ValueType":"System.String"},"Value":"394093239"}]},"Attachments":[],"Outcome":1,"ErrorMessage":null,"ErrorStackTrace":null,"DisplayName":"TestObtenerPersonasPorDoc","Messages":[],"ComputerName":"USER123456","Duration":"00:00:00.0566980","StartTime":"2024-02-24T23:06:31.9211275+00:00","EndTime":"2024-02-24T23:06:31.9778255+00:00","Properties":[{"Key":{"Id":"NUnit.Seed","Label":"Seed","Category":"","Description":"","Attributes":0,"ValueType":"System.String"},"Value":"394093239"}]},{"TestCase":{"Id":"110a6467-c43e-5859-d2ce-f1ace49bc658","FullyQualifiedName":"MagnetronUnitTests.PersonaTests.TestObtenerPersonasPorNombre","DisplayName":"TestObtenerPersonasPorNombre","ExecutorUri":"executor://NUnit3TestExecutor","Source":"C:\\Users\\David\\Desktop\\Magnetron\\API\\TestMagnetron\\MagnetronUnitTests\\bin\\Debug\\net6.0\\fine-code-coverage\\build-output\\MagnetronUnitTests.dll","CodeFilePath":null,"LineNumber":0,"Properties":[{"Key":{"Id":"NUnit.Seed","Label":"Seed","Category":"","Description":"","Attributes":0,"ValueType":"System.String"},"Value":"2040563094"}]},"Attachments":[],"Outcome":1,"ErrorMessage":null,"ErrorStackTrace":null,"DisplayName":"TestObtenerPersonasPorNombre","Messages":[],"ComputerName":"USER123456","Duration":"00:00:00.0553410","StartTime":"2024-02-24T23:06:31.9778656+00:00","EndTime":"2024-02-24T23:06:32.0332065+00:00","Properties":[{"Key":{"Id":"NUnit.Seed","Label":"Seed","Category":"","Description":"","Attributes":0,"ValueType":"System.String"},"Value":"2040563094"}]}],"TestRunStatistics":{"ExecutedTests":6,"Stats":{"Passed":6}},"ActiveTests":[]},"RunAttachments":[],"ExecutorUris":["executor://nunit3testexecutor/"]}}
TpTrace Verbose: 0 : 18956, 11, 2024/02/24, 18:06:32.070, 8509738865808, vstest.console.dll, TestRequestSender.EndSession: Sending end session.
TpTrace Verbose: 0 : 18956, 11, 2024/02/24, 18:06:32.070, 8509738867170, vstest.console.dll, ProxyOperationManager.Close: waiting for test host to exit for 100 ms
TpTrace Warning: 0 : 18956, 7, 2024/02/24, 18:06:32.095, 8509739117281, vstest.console.dll, TestHostManagerCallbacks.ErrorReceivedCallback Test host standard error line: 
TpTrace Verbose: 0 : 18956, 7, 2024/02/24, 18:06:32.107, 8509739236763, vstest.console.dll, TestHostProvider.ExitCallBack: Host exited starting callback.
TpTrace Information: 0 : 18956, 7, 2024/02/24, 18:06:32.107, 8509739238395, vstest.console.dll, TestHostManagerCallbacks.ExitCallBack: Testhost processId: 24252 exited with exitcode: 0 error: ''
TpTrace Verbose: 0 : 18956, 7, 2024/02/24, 18:06:32.107, 8509739238777, vstest.console.dll, DotnetTestHostManager.OnHostExited: invoking OnHostExited callback
TpTrace Verbose: 0 : 18956, 7, 2024/02/24, 18:06:32.107, 8509739239173, vstest.console.dll, CrossPlatEngine.TestHostManagerHostExited: calling on client process exit callback.
TpTrace Information: 0 : 18956, 7, 2024/02/24, 18:06:32.107, 8509739239650, vstest.console.dll, TestRequestSender.OnClientProcessExit: Test host process exited. Standard error: 
TpTrace Information: 0 : 18956, 7, 2024/02/24, 18:06:32.108, 8509739240150, vstest.console.dll, SocketServer.Stop: Stop server endPoint: 127.0.0.1:60352
TpTrace Information: 0 : 18956, 7, 2024/02/24, 18:06:32.108, 8509739240451, vstest.console.dll, SocketServer.Stop: Cancellation requested. Stopping message loop.
TpTrace Information: 0 : 18956, 11, 2024/02/24, 18:06:32.108, 8509739241005, vstest.console.dll, SocketServer.Stop: Stop server endPoint: 127.0.0.1:60352
TpTrace Information: 0 : 18956, 11, 2024/02/24, 18:06:32.108, 8509739241528, vstest.console.dll, SocketServer.Stop: Cancellation requested. Stopping message loop.
TpTrace Verbose: 0 : 18956, 7, 2024/02/24, 18:06:32.108, 8509739241169, vstest.console.dll, MulticastDelegateUtilities.SafeInvoke: HostProviderEvents.OnHostExited: Invoking callback 1/1 for Microsoft.VisualStudio.TestPlatform.CrossPlatEngine.Client.ProxyOperationManager., took 0 ms.
TpTrace Information: 0 : 18956, 11, 2024/02/24, 18:06:32.108, 8509739241871, vstest.console.dll, Closing the connection
TpTrace Verbose: 0 : 18956, 11, 2024/02/24, 18:06:32.108, 8509739244048, vstest.console.dll, ProxyDataCollectionManager.InvokeDataCollectionServiceAction: Starting.
TpTrace Information: 0 : 18956, 11, 2024/02/24, 18:06:32.108, 8509739244593, vstest.console.dll, ProxyDataCollectionManager.AfterTestRunEnd: Get attachment set and invoked data collectors processId: 29084 port: 60349
TpTrace Verbose: 0 : 18956, 11, 2024/02/24, 18:06:32.108, 8509739244981, vstest.console.dll, DataCollectionRequestSender.SendAfterTestRunStartAndGetResult: Send AfterTestRunEnd message with isCancelled: False
TpTrace Verbose: 0 : 18956, 11, 2024/02/24, 18:06:32.116, 8509739322763, vstest.console.dll, DataCollectionRequestSender.SendAfterTestRunStartAndGetResult: Received message: (DataCollection.AfterTestRunEndResult) -> {"MessageType":"DataCollection.AfterTestRunEndResult","Payload":{"AttachmentSets":[],"InvokedDataCollectors":[{"Uri":"datacollector://Microsoft/TestPlatform/Extensions/Blame/v1","FriendlyName":"Blame","AssemblyQualifiedName":"Microsoft.TestPlatform.Extensions.BlameDataCollector.BlameCollector, Microsoft.TestPlatform.Extensions.BlameDataCollector, Version=15.0.0.0, Culture=neutral, PublicKeyToken=b03f5f7f11d50a3a","FilePath":"C:\\Program Files\\dotnet\\sdk\\7.0.302\\Extensions\\Microsoft.TestPlatform.Extensions.BlameDataCollector.dll","HasAttachmentProcessor":false}],"Metrics":{}}}
TpTrace Warning: 0 : 18956, 10, 2024/02/24, 18:06:32.121, 8509739377102, vstest.console.dll, DataCollectionLauncher.ErrorReceivedCallback datacollector standard error line: 
TpTrace Information: 0 : 18956, 11, 2024/02/24, 18:06:32.125, 8509739411485, vstest.console.dll, ProxyDataCollectionManager.InvokeDataCollectionServiceAction: Completed.
TpTrace Information: 0 : 18956, 10, 2024/02/24, 18:06:32.130, 8509739460507, vstest.console.dll, DataCollectionLauncher.ExitCallBack: Data collector exited with exitcode: 0 error: ''
TpTrace Verbose: 0 : 18956, 11, 2024/02/24, 18:06:32.179, 8509739955050, vstest.console.dll, TestRunRequest:SendTestRunStatsChange: Starting.
TpTrace Verbose: 0 : 18956, 11, 2024/02/24, 18:06:32.179, 8509739959308, vstest.console.dll, MulticastDelegateUtilities.SafeInvoke: TestRun.RunStatsChanged: Invoking callbacks was skipped because there are no subscribers.
TpTrace Information: 0 : 18956, 11, 2024/02/24, 18:06:32.180, 8509739959842, vstest.console.dll, TestRunRequest:SendTestRunStatsChange: Completed.
TpTrace Verbose: 0 : 18956, 11, 2024/02/24, 18:06:32.180, 8509739967669, vstest.console.dll, ParallelProxyExecutionManager: HandlePartialRunComplete: Total completed clients = 1, Run complete = True, Run canceled: False.
TpTrace Verbose: 0 : 18956, 4, 2024/02/24, 18:06:32.182, 8509739984485, vstest.console.dll, MulticastDelegateUtilities.SafeInvoke: InternalTestLoggerEvents.SendTestResult: Invoking callback 1/1 for Microsoft.VisualStudio.TestPlatform.CommandLine.Internal.ConsoleLogger., took 2 ms.
TpTrace Verbose: 0 : 18956, 4, 2024/02/24, 18:06:32.182, 8509739988805, vstest.console.dll, MulticastDelegateUtilities.SafeInvoke: InternalTestLoggerEvents.SendTestResult: Invoking callback 1/1 for Microsoft.VisualStudio.TestPlatform.CommandLine.Internal.ConsoleLogger., took 0 ms.
TpTrace Verbose: 0 : 18956, 4, 2024/02/24, 18:06:32.183, 8509739989699, vstest.console.dll, MulticastDelegateUtilities.SafeInvoke: InternalTestLoggerEvents.SendTestResult: Invoking callback 1/1 for Microsoft.VisualStudio.TestPlatform.CommandLine.Internal.ConsoleLogger., took 0 ms.
TpTrace Verbose: 0 : 18956, 4, 2024/02/24, 18:06:32.183, 8509739990176, vstest.console.dll, MulticastDelegateUtilities.SafeInvoke: InternalTestLoggerEvents.SendTestResult: Invoking callback 1/1 for Microsoft.VisualStudio.TestPlatform.CommandLine.Internal.ConsoleLogger., took 0 ms.
TpTrace Verbose: 0 : 18956, 4, 2024/02/24, 18:06:32.183, 8509739990543, vstest.console.dll, MulticastDelegateUtilities.SafeInvoke: InternalTestLoggerEvents.SendTestResult: Invoking callback 1/1 for Microsoft.VisualStudio.TestPlatform.CommandLine.Internal.ConsoleLogger., took 0 ms.
TpTrace Verbose: 0 : 18956, 4, 2024/02/24, 18:06:32.183, 8509739990940, vstest.console.dll, MulticastDelegateUtilities.SafeInvoke: InternalTestLoggerEvents.SendTestResult: Invoking callback 1/1 for Microsoft.VisualStudio.TestPlatform.CommandLine.Internal.ConsoleLogger., took 0 ms.
TpTrace Verbose: 0 : 18956, 4, 2024/02/24, 18:06:32.191, 8509740071889, vstest.console.dll, MulticastDelegateUtilities.SafeInvoke: InternalTestLoggerEvents.SendTestRunComplete: Invoking callback 1/2 for Microsoft.TestPlatform.Extensions.BlameDataCollector.BlameLogger., took 0 ms.
TpTrace Verbose: 0 : 18956, 4, 2024/02/24, 18:06:32.198, 8509740144117, vstest.console.dll, MulticastDelegateUtilities.SafeInvoke: InternalTestLoggerEvents.SendTestRunComplete: Invoking callback 2/2 for Microsoft.VisualStudio.TestPlatform.CommandLine.Internal.ConsoleLogger., took 7 ms.
TpTrace Verbose: 0 : 18956, 11, 2024/02/24, 18:06:32.198, 8509740148067, vstest.console.dll, TestRunRequest:TestRunComplete: Starting. IsAborted:False IsCanceled:False.
TpTrace Verbose: 0 : 18956, 11, 2024/02/24, 18:06:32.200, 8509740161140, vstest.console.dll, TestLoggerManager.HandleTestRunComplete: Ignoring as the object is disposed.
TpTrace Verbose: 0 : 18956, 11, 2024/02/24, 18:06:32.200, 8509740163915, vstest.console.dll, MulticastDelegateUtilities.SafeInvoke: TestRun.TestRunComplete: Invoking callback 1/2 for Microsoft.VisualStudio.TestPlatform.CommandLine.TestRunResultAggregator., took 0 ms.
TpTrace Verbose: 0 : 18956, 11, 2024/02/24, 18:06:32.200, 8509740165382, vstest.console.dll, MulticastDelegateUtilities.SafeInvoke: TestRun.TestRunComplete: Invoking callback 2/2 for Microsoft.VisualStudio.TestPlatform.CommandLine.Processors.RunTestsArgumentExecutor+TestRunRequestEventsRegistrar., took 0 ms.
TpTrace Information: 0 : 18956, 11, 2024/02/24, 18:06:32.200, 8509740166372, vstest.console.dll, TestRunRequest:TestRunComplete: Completed.
TpTrace Verbose: 0 : 18956, 11, 2024/02/24, 18:06:32.200, 8509740166797, vstest.console.dll, TestRequestSender.SetOperationComplete: Setting operation complete.
TpTrace Information: 0 : 18956, 11, 2024/02/24, 18:06:32.200, 8509740167144, vstest.console.dll, SocketServer.Stop: Stop server endPoint: 127.0.0.1:60352
TpTrace Information: 0 : 18956, 11, 2024/02/24, 18:06:32.200, 8509740167410, vstest.console.dll, SocketServer.Stop: Cancellation requested. Stopping message loop.
TpTrace Verbose: 0 : 18956, 1, 2024/02/24, 18:06:32.200, 8509740167853, vstest.console.dll, TestRunRequest.Dispose: Starting.
TpTrace Verbose: 0 : 18956, 11, 2024/02/24, 18:06:32.200, 8509740167953, vstest.console.dll, MulticastDelegateUtilities.SafeInvoke: LengthPrefixCommunicationChannel: MessageReceived: Invoking callback 1/1 for Microsoft.VisualStudio.TestPlatform.CommunicationUtilities.TestRequestSender+<>c__DisplayClass34_0., took 130 ms.
TpTrace Information: 0 : 18956, 1, 2024/02/24, 18:06:32.200, 8509740168554, vstest.console.dll, TestRunRequest.Dispose: Completed.
TpTrace Information: 0 : 18956, 11, 2024/02/24, 18:06:32.200, 8509740169043, vstest.console.dll, SocketServer.PrivateStop: Stopping server endPoint: 127.0.0.1:60352 error: 
TpTrace Information: 0 : 18956, 1, 2024/02/24, 18:06:32.200, 8509740169378, vstest.console.dll, TestRequestManager.RunTests: run tests completed.
TpTrace Information: 0 : 18956, 1, 2024/02/24, 18:06:32.201, 8509740170712, vstest.console.dll, RunTestsArgumentProcessor:Execute: Test run is completed.
TpTrace Verbose: 0 : 18956, 1, 2024/02/24, 18:06:32.201, 8509740172820, vstest.console.dll, Executor.Execute: Exiting with exit code of 0
TpTrace Verbose: 0 : 18956, 11, 2024/02/24, 18:06:32.201, 8509740173848, vstest.console.dll, LengthPrefixCommunicationChannel.Dispose: Dispose reader and writer.
TpTrace Information: 0 : 18956, 11, 2024/02/24, 18:06:32.201, 8509740174468, vstest.console.dll, SocketServer.Stop: Raise disconnected event endPoint: 127.0.0.1:60352 error: 
TpTrace Verbose: 0 : 18956, 11, 2024/02/24, 18:06:32.201, 8509740175313, vstest.console.dll, TestRequestSender: OnTestRunAbort: Operation is already complete. Skip error message.
TpTrace Verbose: 0 : 18956, 11, 2024/02/24, 18:06:32.201, 8509740175725, vstest.console.dll, MulticastDelegateUtilities.SafeInvoke: SocketServer: ClientDisconnected: Invoking callback 1/1 for Microsoft.VisualStudio.TestPlatform.CommunicationUtilities.TestRequestSender., took 0 ms.
TpTrace Verbose: 0 : 18956, 11, 2024/02/24, 18:06:32.201, 8509740175962, vstest.console.dll, TcpClientExtensions.MessageLoopAsync: exiting MessageLoopAsync remoteEndPoint: 127.0.0.1:60353 localEndPoint: 127.0.0.1:60352
